[2020-05-04T17:32:30.012] [INFO] access - ::ffff:127.0.0.1 - - "OPTIONS /graphql HTTP/1.1" 204 - "http://localhost:3001/Patient/Home" "Mozilla/5.0 (Macintosh; Intel Mac OS X 10_15_2) AppleWebKit/537.36 (KHTML, like Gecko) Chrome/81.0.4044.122 Safari/537.36"
[2020-05-04T17:32:30.028] [INFO] access - ::ffff:127.0.0.1 - - "POST /graphql HTTP/1.1" 200 4213 "http://localhost:3001/Patient/Home" "Mozilla/5.0 (Macintosh; Intel Mac OS X 10_15_2) AppleWebKit/537.36 (KHTML, like Gecko) Chrome/81.0.4044.122 Safari/537.36"
[2020-05-04T17:32:30.059] [INFO] access - ::1 - - "OPTIONS /patientCase/all HTTP/1.1" 204 - "http://localhost:3001/Patient/Home" "Mozilla/5.0 (Macintosh; Intel Mac OS X 10_15_2) AppleWebKit/537.36 (KHTML, like Gecko) Chrome/81.0.4044.122 Safari/537.36"
[2020-05-04T17:32:30.128] [INFO] access - ::1 - - "GET /Common/carousel/lun3.jpg HTTP/1.1" 200 45434 "http://localhost:3001/Patient/Home" "Mozilla/5.0 (Macintosh; Intel Mac OS X 10_15_2) AppleWebKit/537.36 (KHTML, like Gecko) Chrome/81.0.4044.122 Safari/537.36"
[2020-05-04T17:32:30.129] [INFO] access - ::1 - - "GET /Common/carousel/lun1.jpg HTTP/1.1" 200 414559 "http://localhost:3001/Patient/Home" "Mozilla/5.0 (Macintosh; Intel Mac OS X 10_15_2) AppleWebKit/537.36 (KHTML, like Gecko) Chrome/81.0.4044.122 Safari/537.36"
[2020-05-04T17:32:30.129] [INFO] access - ::1 - - "GET /Common/carousel/timg.jpeg HTTP/1.1" 200 77897 "http://localhost:3001/Patient/Home" "Mozilla/5.0 (Macintosh; Intel Mac OS X 10_15_2) AppleWebKit/537.36 (KHTML, like Gecko) Chrome/81.0.4044.122 Safari/537.36"
[2020-05-04T17:32:30.147] [INFO] access - ::1 - - "GET /patientCase/all HTTP/1.1" 200 6100 "http://localhost:3001/Patient/Home" "Mozilla/5.0 (Macintosh; Intel Mac OS X 10_15_2) AppleWebKit/537.36 (KHTML, like Gecko) Chrome/81.0.4044.122 Safari/537.36"
[2020-05-04T17:32:30.158] [INFO] access - ::1 - - "OPTIONS /schedule/today HTTP/1.1" 204 - "http://localhost:3001/Patient/Home" "Mozilla/5.0 (Macintosh; Intel Mac OS X 10_15_2) AppleWebKit/537.36 (KHTML, like Gecko) Chrome/81.0.4044.122 Safari/537.36"
[2020-05-04T17:32:30.169] [INFO] access - ::1 - - "GET /schedule/today HTTP/1.1" 200 29 "http://localhost:3001/Patient/Home" "Mozilla/5.0 (Macintosh; Intel Mac OS X 10_15_2) AppleWebKit/537.36 (KHTML, like Gecko) Chrome/81.0.4044.122 Safari/537.36"
[2020-05-04T17:33:01.250] [INFO] access - ::1 - - "OPTIONS /users/captcha HTTP/1.1" 204 - "http://localhost:3001/Home" "Mozilla/5.0 (Macintosh; Intel Mac OS X 10_15_2) AppleWebKit/537.36 (KHTML, like Gecko) Chrome/81.0.4044.122 Safari/537.36"
[2020-05-04T17:33:01.256] [INFO] access - ::1 - - "GET /users/captcha HTTP/1.1" 200 3458 "http://localhost:3001/Home" "Mozilla/5.0 (Macintosh; Intel Mac OS X 10_15_2) AppleWebKit/537.36 (KHTML, like Gecko) Chrome/81.0.4044.122 Safari/537.36"
[2020-05-04T17:33:08.687] [INFO] access - ::1 - - "OPTIONS /users/login HTTP/1.1" 204 - "http://localhost:3001/Home" "Mozilla/5.0 (Macintosh; Intel Mac OS X 10_15_2) AppleWebKit/537.36 (KHTML, like Gecko) Chrome/81.0.4044.122 Safari/537.36"
[2020-05-04T17:33:08.784] [INFO] access - ::1 - - "POST /users/login HTTP/1.1" 200 768 "http://localhost:3001/Home" "Mozilla/5.0 (Macintosh; Intel Mac OS X 10_15_2) AppleWebKit/537.36 (KHTML, like Gecko) Chrome/81.0.4044.122 Safari/537.36"
[2020-05-04T17:33:09.597] [INFO] access - ::1 - - "OPTIONS /users/getUser HTTP/1.1" 204 - "http://localhost:3001/Home" "Mozilla/5.0 (Macintosh; Intel Mac OS X 10_15_2) AppleWebKit/537.36 (KHTML, like Gecko) Chrome/81.0.4044.122 Safari/537.36"
[2020-05-04T17:33:09.600] [INFO] access - ::1 - - "GET /users/getUser HTTP/1.1" 200 750 "http://localhost:3001/Home" "Mozilla/5.0 (Macintosh; Intel Mac OS X 10_15_2) AppleWebKit/537.36 (KHTML, like Gecko) Chrome/81.0.4044.122 Safari/537.36"
[2020-05-04T17:33:09.745] [INFO] access - ::1 - - "GET /Doctor/Avatar/n3ctUFfcqg4t.jpeg HTTP/1.1" 200 13039 "http://localhost:3001/Doctor/Home" "Mozilla/5.0 (Macintosh; Intel Mac OS X 10_15_2) AppleWebKit/537.36 (KHTML, like Gecko) Chrome/81.0.4044.122 Safari/537.36"
[2020-05-04T17:33:09.746] [INFO] access - ::1 - - "OPTIONS /patientCase?workerId=n3ctUFfcqg4t HTTP/1.1" 204 - "http://localhost:3001/Doctor/Home" "Mozilla/5.0 (Macintosh; Intel Mac OS X 10_15_2) AppleWebKit/537.36 (KHTML, like Gecko) Chrome/81.0.4044.122 Safari/537.36"
[2020-05-04T17:33:09.814] [INFO] access - ::1 - - "GET /patientCase?workerId=n3ctUFfcqg4t HTTP/1.1" 200 10576 "http://localhost:3001/Doctor/Home" "Mozilla/5.0 (Macintosh; Intel Mac OS X 10_15_2) AppleWebKit/537.36 (KHTML, like Gecko) Chrome/81.0.4044.122 Safari/537.36"
[2020-05-04T17:33:09.844] [INFO] access - ::1 - - "OPTIONS /department/examination HTTP/1.1" 204 - "http://localhost:3001/Doctor/Home" "Mozilla/5.0 (Macintosh; Intel Mac OS X 10_15_2) AppleWebKit/537.36 (KHTML, like Gecko) Chrome/81.0.4044.122 Safari/537.36"
[2020-05-04T17:33:09.857] [INFO] access - ::1 - - "GET /department/examination HTTP/1.1" 200 1084 "http://localhost:3001/Doctor/Home" "Mozilla/5.0 (Macintosh; Intel Mac OS X 10_15_2) AppleWebKit/537.36 (KHTML, like Gecko) Chrome/81.0.4044.122 Safari/537.36"
[2020-05-04T17:33:21.128] [INFO] access - ::1 - - "OPTIONS /patientCase?workerId=n3ctUFfcqg4t HTTP/1.1" 204 - "http://localhost:3001/Doctor/Cases" "Mozilla/5.0 (Macintosh; Intel Mac OS X 10_15_2) AppleWebKit/537.36 (KHTML, like Gecko) Chrome/81.0.4044.122 Safari/537.36"
[2020-05-04T17:33:21.169] [INFO] access - ::1 - - "GET /patientCase?workerId=n3ctUFfcqg4t HTTP/1.1" 200 10576 "http://localhost:3001/Doctor/Cases" "Mozilla/5.0 (Macintosh; Intel Mac OS X 10_15_2) AppleWebKit/537.36 (KHTML, like Gecko) Chrome/81.0.4044.122 Safari/537.36"
[2020-05-04T17:33:21.199] [INFO] access - ::1 - - "OPTIONS /department/examination HTTP/1.1" 204 - "http://localhost:3001/Doctor/Cases" "Mozilla/5.0 (Macintosh; Intel Mac OS X 10_15_2) AppleWebKit/537.36 (KHTML, like Gecko) Chrome/81.0.4044.122 Safari/537.36"
[2020-05-04T17:33:21.203] [INFO] access - ::1 - - "GET /department/examination HTTP/1.1" 200 1084 "http://localhost:3001/Doctor/Cases" "Mozilla/5.0 (Macintosh; Intel Mac OS X 10_15_2) AppleWebKit/537.36 (KHTML, like Gecko) Chrome/81.0.4044.122 Safari/537.36"
[2020-05-04T17:33:21.555] [INFO] access - ::1 - - "OPTIONS /schedule/createWork?departmentId=1 HTTP/1.1" 204 - "http://localhost:3001/Doctor/Schedule/20200504" "Mozilla/5.0 (Macintosh; Intel Mac OS X 10_15_2) AppleWebKit/537.36 (KHTML, like Gecko) Chrome/81.0.4044.122 Safari/537.36"
[2020-05-04T17:33:21.557] [INFO] access - ::1 - - "OPTIONS /doctor?departmentId=1 HTTP/1.1" 204 - "http://localhost:3001/Doctor/Schedule/20200504" "Mozilla/5.0 (Macintosh; Intel Mac OS X 10_15_2) AppleWebKit/537.36 (KHTML, like Gecko) Chrome/81.0.4044.122 Safari/537.36"
[2020-05-04T17:33:21.558] [INFO] access - ::1 - - "OPTIONS /schedule?date=20200504&departmentId=1 HTTP/1.1" 204 - "http://localhost:3001/Doctor/Schedule/20200504" "Mozilla/5.0 (Macintosh; Intel Mac OS X 10_15_2) AppleWebKit/537.36 (KHTML, like Gecko) Chrome/81.0.4044.122 Safari/537.36"
[2020-05-04T17:33:21.563] [INFO] access - ::1 - - "GET /schedule/createWork?departmentId=1 HTTP/1.1" 200 39 "http://localhost:3001/Doctor/Schedule/20200504" "Mozilla/5.0 (Macintosh; Intel Mac OS X 10_15_2) AppleWebKit/537.36 (KHTML, like Gecko) Chrome/81.0.4044.122 Safari/537.36"
[2020-05-04T17:33:21.607] [INFO] access - ::1 - - "GET /schedule?date=20200504&departmentId=1 HTTP/1.1" 200 30 "http://localhost:3001/Doctor/Schedule/20200504" "Mozilla/5.0 (Macintosh; Intel Mac OS X 10_15_2) AppleWebKit/537.36 (KHTML, like Gecko) Chrome/81.0.4044.122 Safari/537.36"
[2020-05-04T17:33:21.611] [INFO] access - ::1 - - "GET /doctor?departmentId=1 HTTP/1.1" 200 2118 "http://localhost:3001/Doctor/Schedule/20200504" "Mozilla/5.0 (Macintosh; Intel Mac OS X 10_15_2) AppleWebKit/537.36 (KHTML, like Gecko) Chrome/81.0.4044.122 Safari/537.36"
[2020-05-04T17:34:54.240] [INFO] access - ::1 - - "OPTIONS /department HTTP/1.1" 204 - "http://localhost:3001/Doctor/User/userInfo" "Mozilla/5.0 (Macintosh; Intel Mac OS X 10_15_2) AppleWebKit/537.36 (KHTML, like Gecko) Chrome/81.0.4044.122 Safari/537.36"
[2020-05-04T17:34:54.248] [INFO] access - ::1 - - "GET /department HTTP/1.1" 200 247 "http://localhost:3001/Doctor/User/userInfo" "Mozilla/5.0 (Macintosh; Intel Mac OS X 10_15_2) AppleWebKit/537.36 (KHTML, like Gecko) Chrome/81.0.4044.122 Safari/537.36"
[2020-05-04T17:35:19.539] [INFO] access - ::1 - - "OPTIONS /users/getUser HTTP/1.1" 204 - "http://localhost:3001/Home" "Mozilla/5.0 (Macintosh; Intel Mac OS X 10_15_2) AppleWebKit/537.36 (KHTML, like Gecko) Chrome/81.0.4044.122 Safari/537.36"
[2020-05-04T17:35:19.543] [INFO] access - ::1 - - "GET /users/getUser HTTP/1.1" 200 750 "http://localhost:3001/Home" "Mozilla/5.0 (Macintosh; Intel Mac OS X 10_15_2) AppleWebKit/537.36 (KHTML, like Gecko) Chrome/81.0.4044.122 Safari/537.36"
[2020-05-04T17:35:19.624] [INFO] access - ::1 - - "GET /Doctor/Avatar/n3ctUFfcqg4t.jpeg HTTP/1.1" 200 13039 "http://localhost:3001/Doctor" "Mozilla/5.0 (Macintosh; Intel Mac OS X 10_15_2) AppleWebKit/537.36 (KHTML, like Gecko) Chrome/81.0.4044.122 Safari/537.36"
[2020-05-04T17:35:19.688] [INFO] access - ::1 - - "OPTIONS /patientCase?workerId=n3ctUFfcqg4t HTTP/1.1" 204 - "http://localhost:3001/Doctor/Home" "Mozilla/5.0 (Macintosh; Intel Mac OS X 10_15_2) AppleWebKit/537.36 (KHTML, like Gecko) Chrome/81.0.4044.122 Safari/537.36"
[2020-05-04T17:35:19.729] [INFO] access - ::1 - - "GET /patientCase?workerId=n3ctUFfcqg4t HTTP/1.1" 200 10576 "http://localhost:3001/Doctor/Home" "Mozilla/5.0 (Macintosh; Intel Mac OS X 10_15_2) AppleWebKit/537.36 (KHTML, like Gecko) Chrome/81.0.4044.122 Safari/537.36"
[2020-05-04T17:35:19.762] [INFO] access - ::1 - - "OPTIONS /department/examination HTTP/1.1" 204 - "http://localhost:3001/Doctor/Home" "Mozilla/5.0 (Macintosh; Intel Mac OS X 10_15_2) AppleWebKit/537.36 (KHTML, like Gecko) Chrome/81.0.4044.122 Safari/537.36"
[2020-05-04T17:35:19.768] [INFO] access - ::1 - - "GET /department/examination HTTP/1.1" 200 1084 "http://localhost:3001/Doctor/Home" "Mozilla/5.0 (Macintosh; Intel Mac OS X 10_15_2) AppleWebKit/537.36 (KHTML, like Gecko) Chrome/81.0.4044.122 Safari/537.36"
[2020-05-04T17:36:06.498] [INFO] access - ::1 - - "OPTIONS /department HTTP/1.1" 204 - "http://localhost:3001/Doctor/User/userInfo" "Mozilla/5.0 (Macintosh; Intel Mac OS X 10_15_2) AppleWebKit/537.36 (KHTML, like Gecko) Chrome/81.0.4044.122 Safari/537.36"
[2020-05-04T17:36:06.505] [INFO] access - ::1 - - "GET /department HTTP/1.1" 200 247 "http://localhost:3001/Doctor/User/userInfo" "Mozilla/5.0 (Macintosh; Intel Mac OS X 10_15_2) AppleWebKit/537.36 (KHTML, like Gecko) Chrome/81.0.4044.122 Safari/537.36"
[2020-05-04T17:36:42.923] [INFO] access - ::1 - - "OPTIONS /users/getUser HTTP/1.1" 204 - "http://localhost:3001/Home" "Mozilla/5.0 (Macintosh; Intel Mac OS X 10_15_2) AppleWebKit/537.36 (KHTML, like Gecko) Chrome/81.0.4044.122 Safari/537.36"
[2020-05-04T17:36:42.927] [INFO] access - ::1 - - "GET /users/getUser HTTP/1.1" 200 750 "http://localhost:3001/Home" "Mozilla/5.0 (Macintosh; Intel Mac OS X 10_15_2) AppleWebKit/537.36 (KHTML, like Gecko) Chrome/81.0.4044.122 Safari/537.36"
[2020-05-04T17:36:43.007] [INFO] access - ::1 - - "GET /Doctor/Avatar/n3ctUFfcqg4t.jpeg HTTP/1.1" 200 13039 "http://localhost:3001/Doctor" "Mozilla/5.0 (Macintosh; Intel Mac OS X 10_15_2) AppleWebKit/537.36 (KHTML, like Gecko) Chrome/81.0.4044.122 Safari/537.36"
[2020-05-04T17:36:43.071] [INFO] access - ::1 - - "OPTIONS /patientCase?workerId=n3ctUFfcqg4t HTTP/1.1" 204 - "http://localhost:3001/Doctor/Home" "Mozilla/5.0 (Macintosh; Intel Mac OS X 10_15_2) AppleWebKit/537.36 (KHTML, like Gecko) Chrome/81.0.4044.122 Safari/537.36"
[2020-05-04T17:36:43.126] [INFO] access - ::1 - - "GET /patientCase?workerId=n3ctUFfcqg4t HTTP/1.1" 200 10576 "http://localhost:3001/Doctor/Home" "Mozilla/5.0 (Macintosh; Intel Mac OS X 10_15_2) AppleWebKit/537.36 (KHTML, like Gecko) Chrome/81.0.4044.122 Safari/537.36"
[2020-05-04T17:36:43.160] [INFO] access - ::1 - - "OPTIONS /department/examination HTTP/1.1" 204 - "http://localhost:3001/Doctor/Home" "Mozilla/5.0 (Macintosh; Intel Mac OS X 10_15_2) AppleWebKit/537.36 (KHTML, like Gecko) Chrome/81.0.4044.122 Safari/537.36"
[2020-05-04T17:36:43.166] [INFO] access - ::1 - - "GET /department/examination HTTP/1.1" 200 1084 "http://localhost:3001/Doctor/Home" "Mozilla/5.0 (Macintosh; Intel Mac OS X 10_15_2) AppleWebKit/537.36 (KHTML, like Gecko) Chrome/81.0.4044.122 Safari/537.36"
[2020-05-04T17:36:46.920] [INFO] access - ::1 - - "OPTIONS /department HTTP/1.1" 204 - "http://localhost:3001/Doctor/User/userInfo" "Mozilla/5.0 (Macintosh; Intel Mac OS X 10_15_2) AppleWebKit/537.36 (KHTML, like Gecko) Chrome/81.0.4044.122 Safari/537.36"
[2020-05-04T17:36:46.924] [INFO] access - ::1 - - "GET /department HTTP/1.1" 200 247 "http://localhost:3001/Doctor/User/userInfo" "Mozilla/5.0 (Macintosh; Intel Mac OS X 10_15_2) AppleWebKit/537.36 (KHTML, like Gecko) Chrome/81.0.4044.122 Safari/537.36"
[2020-05-04T17:37:12.380] [INFO] access - ::1 - - "OPTIONS /users/getUser HTTP/1.1" 204 - "http://localhost:3001/Home" "Mozilla/5.0 (Macintosh; Intel Mac OS X 10_15_2) AppleWebKit/537.36 (KHTML, like Gecko) Chrome/81.0.4044.122 Safari/537.36"
[2020-05-04T17:37:12.397] [INFO] access - ::1 - - "GET /users/getUser HTTP/1.1" 200 750 "http://localhost:3001/Home" "Mozilla/5.0 (Macintosh; Intel Mac OS X 10_15_2) AppleWebKit/537.36 (KHTML, like Gecko) Chrome/81.0.4044.122 Safari/537.36"
[2020-05-04T17:37:12.551] [INFO] access - ::1 - - "GET /Doctor/Avatar/n3ctUFfcqg4t.jpeg HTTP/1.1" 200 13039 "http://localhost:3001/Doctor" "Mozilla/5.0 (Macintosh; Intel Mac OS X 10_15_2) AppleWebKit/537.36 (KHTML, like Gecko) Chrome/81.0.4044.122 Safari/537.36"
[2020-05-04T17:37:12.645] [INFO] access - ::1 - - "OPTIONS /patientCase?workerId=n3ctUFfcqg4t HTTP/1.1" 204 - "http://localhost:3001/Doctor/Home" "Mozilla/5.0 (Macintosh; Intel Mac OS X 10_15_2) AppleWebKit/537.36 (KHTML, like Gecko) Chrome/81.0.4044.122 Safari/537.36"
[2020-05-04T17:37:12.681] [INFO] access - ::1 - - "GET /patientCase?workerId=n3ctUFfcqg4t HTTP/1.1" 200 10576 "http://localhost:3001/Doctor/Home" "Mozilla/5.0 (Macintosh; Intel Mac OS X 10_15_2) AppleWebKit/537.36 (KHTML, like Gecko) Chrome/81.0.4044.122 Safari/537.36"
[2020-05-04T17:37:12.718] [INFO] access - ::1 - - "OPTIONS /department/examination HTTP/1.1" 204 - "http://localhost:3001/Doctor/Home" "Mozilla/5.0 (Macintosh; Intel Mac OS X 10_15_2) AppleWebKit/537.36 (KHTML, like Gecko) Chrome/81.0.4044.122 Safari/537.36"
[2020-05-04T17:37:12.722] [INFO] access - ::1 - - "GET /department/examination HTTP/1.1" 200 1084 "http://localhost:3001/Doctor/Home" "Mozilla/5.0 (Macintosh; Intel Mac OS X 10_15_2) AppleWebKit/537.36 (KHTML, like Gecko) Chrome/81.0.4044.122 Safari/537.36"
[2020-05-04T17:37:15.144] [INFO] access - ::1 - - "OPTIONS /department HTTP/1.1" 204 - "http://localhost:3001/Doctor/User/userInfo" "Mozilla/5.0 (Macintosh; Intel Mac OS X 10_15_2) AppleWebKit/537.36 (KHTML, like Gecko) Chrome/81.0.4044.122 Safari/537.36"
[2020-05-04T17:37:15.148] [INFO] access - ::1 - - "GET /department HTTP/1.1" 200 247 "http://localhost:3001/Doctor/User/userInfo" "Mozilla/5.0 (Macintosh; Intel Mac OS X 10_15_2) AppleWebKit/537.36 (KHTML, like Gecko) Chrome/81.0.4044.122 Safari/537.36"
[2020-05-04T17:37:31.771] [INFO] access - ::1 - - "OPTIONS /users/getUser HTTP/1.1" 204 - "http://localhost:3001/Home" "Mozilla/5.0 (Macintosh; Intel Mac OS X 10_15_2) AppleWebKit/537.36 (KHTML, like Gecko) Chrome/81.0.4044.122 Safari/537.36"
[2020-05-04T17:37:31.786] [INFO] access - ::1 - - "GET /users/getUser HTTP/1.1" 200 750 "http://localhost:3001/Home" "Mozilla/5.0 (Macintosh; Intel Mac OS X 10_15_2) AppleWebKit/537.36 (KHTML, like Gecko) Chrome/81.0.4044.122 Safari/537.36"
[2020-05-04T17:37:31.904] [INFO] access - ::1 - - "GET /Doctor/Avatar/n3ctUFfcqg4t.jpeg HTTP/1.1" 200 13039 "http://localhost:3001/Doctor" "Mozilla/5.0 (Macintosh; Intel Mac OS X 10_15_2) AppleWebKit/537.36 (KHTML, like Gecko) Chrome/81.0.4044.122 Safari/537.36"
[2020-05-04T17:37:31.993] [INFO] access - ::1 - - "OPTIONS /patientCase?workerId=n3ctUFfcqg4t HTTP/1.1" 204 - "http://localhost:3001/Doctor/Home" "Mozilla/5.0 (Macintosh; Intel Mac OS X 10_15_2) AppleWebKit/537.36 (KHTML, like Gecko) Chrome/81.0.4044.122 Safari/537.36"
[2020-05-04T17:37:32.060] [INFO] access - ::1 - - "GET /patientCase?workerId=n3ctUFfcqg4t HTTP/1.1" 200 10576 "http://localhost:3001/Doctor/Home" "Mozilla/5.0 (Macintosh; Intel Mac OS X 10_15_2) AppleWebKit/537.36 (KHTML, like Gecko) Chrome/81.0.4044.122 Safari/537.36"
[2020-05-04T17:37:32.097] [INFO] access - ::1 - - "OPTIONS /department/examination HTTP/1.1" 204 - "http://localhost:3001/Doctor/Home" "Mozilla/5.0 (Macintosh; Intel Mac OS X 10_15_2) AppleWebKit/537.36 (KHTML, like Gecko) Chrome/81.0.4044.122 Safari/537.36"
[2020-05-04T17:37:32.102] [INFO] access - ::1 - - "GET /department/examination HTTP/1.1" 200 1084 "http://localhost:3001/Doctor/Home" "Mozilla/5.0 (Macintosh; Intel Mac OS X 10_15_2) AppleWebKit/537.36 (KHTML, like Gecko) Chrome/81.0.4044.122 Safari/537.36"
[2020-05-04T17:37:33.574] [INFO] access - ::1 - - "OPTIONS /department HTTP/1.1" 204 - "http://localhost:3001/Doctor/User/userInfo" "Mozilla/5.0 (Macintosh; Intel Mac OS X 10_15_2) AppleWebKit/537.36 (KHTML, like Gecko) Chrome/81.0.4044.122 Safari/537.36"
[2020-05-04T17:37:33.577] [INFO] access - ::1 - - "GET /department HTTP/1.1" 200 247 "http://localhost:3001/Doctor/User/userInfo" "Mozilla/5.0 (Macintosh; Intel Mac OS X 10_15_2) AppleWebKit/537.36 (KHTML, like Gecko) Chrome/81.0.4044.122 Safari/537.36"
[2020-05-04T17:38:08.671] [INFO] access - ::1 - - "OPTIONS /users/getUser HTTP/1.1" 204 - "http://localhost:3001/Home" "Mozilla/5.0 (Macintosh; Intel Mac OS X 10_15_2) AppleWebKit/537.36 (KHTML, like Gecko) Chrome/81.0.4044.122 Safari/537.36"
[2020-05-04T17:38:08.674] [INFO] access - ::1 - - "GET /users/getUser HTTP/1.1" 200 750 "http://localhost:3001/Home" "Mozilla/5.0 (Macintosh; Intel Mac OS X 10_15_2) AppleWebKit/537.36 (KHTML, like Gecko) Chrome/81.0.4044.122 Safari/537.36"
[2020-05-04T17:38:08.779] [INFO] access - ::1 - - "GET /Doctor/Avatar/n3ctUFfcqg4t.jpeg HTTP/1.1" 200 13039 "http://localhost:3001/Doctor/Home" "Mozilla/5.0 (Macintosh; Intel Mac OS X 10_15_2) AppleWebKit/537.36 (KHTML, like Gecko) Chrome/81.0.4044.122 Safari/537.36"
[2020-05-04T17:38:08.780] [INFO] access - ::1 - - "OPTIONS /patientCase?workerId=n3ctUFfcqg4t HTTP/1.1" 204 - "http://localhost:3001/Doctor/Home" "Mozilla/5.0 (Macintosh; Intel Mac OS X 10_15_2) AppleWebKit/537.36 (KHTML, like Gecko) Chrome/81.0.4044.122 Safari/537.36"
[2020-05-04T17:38:08.811] [INFO] access - ::1 - - "GET /patientCase?workerId=n3ctUFfcqg4t HTTP/1.1" 200 10576 "http://localhost:3001/Doctor/Home" "Mozilla/5.0 (Macintosh; Intel Mac OS X 10_15_2) AppleWebKit/537.36 (KHTML, like Gecko) Chrome/81.0.4044.122 Safari/537.36"
[2020-05-04T17:38:08.843] [INFO] access - ::1 - - "OPTIONS /department/examination HTTP/1.1" 204 - "http://localhost:3001/Doctor/Home" "Mozilla/5.0 (Macintosh; Intel Mac OS X 10_15_2) AppleWebKit/537.36 (KHTML, like Gecko) Chrome/81.0.4044.122 Safari/537.36"
[2020-05-04T17:38:08.846] [INFO] access - ::1 - - "GET /department/examination HTTP/1.1" 200 1084 "http://localhost:3001/Doctor/Home" "Mozilla/5.0 (Macintosh; Intel Mac OS X 10_15_2) AppleWebKit/537.36 (KHTML, like Gecko) Chrome/81.0.4044.122 Safari/537.36"
