[2020-04-23T17:36:57.319] [INFO] access - ::ffff:127.0.0.1 - - "OPTIONS /graphql HTTP/1.1" 204 - "http://localhost:3001/Patient/Home" "Mozilla/5.0 (Macintosh; Intel Mac OS X 10_15_2) AppleWebKit/537.36 (KHTML, like Gecko) Chrome/80.0.3987.132 Safari/537.36"
[2020-04-23T17:36:57.360] [INFO] access - ::ffff:127.0.0.1 - - "POST /graphql HTTP/1.1" 200 4213 "http://localhost:3001/Patient/Home" "Mozilla/5.0 (Macintosh; Intel Mac OS X 10_15_2) AppleWebKit/537.36 (KHTML, like Gecko) Chrome/80.0.3987.132 Safari/537.36"
[2020-04-23T17:36:57.362] [INFO] access - ::1 - - "OPTIONS /patientCase/all HTTP/1.1" 204 - "http://localhost:3001/Patient/Home" "Mozilla/5.0 (Macintosh; Intel Mac OS X 10_15_2) AppleWebKit/537.36 (KHTML, like Gecko) Chrome/80.0.3987.132 Safari/537.36"
[2020-04-23T17:36:57.393] [INFO] access - ::1 - - "GET /Common/carousel/lun3.jpg HTTP/1.1" 200 45434 "http://localhost:3001/Patient/Home" "Mozilla/5.0 (Macintosh; Intel Mac OS X 10_15_2) AppleWebKit/537.36 (KHTML, like Gecko) Chrome/80.0.3987.132 Safari/537.36"
[2020-04-23T17:36:57.393] [INFO] access - ::1 - - "GET /Common/carousel/lun1.jpg HTTP/1.1" 200 414559 "http://localhost:3001/Patient/Home" "Mozilla/5.0 (Macintosh; Intel Mac OS X 10_15_2) AppleWebKit/537.36 (KHTML, like Gecko) Chrome/80.0.3987.132 Safari/537.36"
[2020-04-23T17:36:57.394] [INFO] access - ::1 - - "GET /Common/carousel/timg.jpeg HTTP/1.1" 200 77897 "http://localhost:3001/Patient/Home" "Mozilla/5.0 (Macintosh; Intel Mac OS X 10_15_2) AppleWebKit/537.36 (KHTML, like Gecko) Chrome/80.0.3987.132 Safari/537.36"
[2020-04-23T17:36:57.452] [INFO] access - ::1 - - "GET /patientCase/all HTTP/1.1" 200 6100 "http://localhost:3001/Patient/Home" "Mozilla/5.0 (Macintosh; Intel Mac OS X 10_15_2) AppleWebKit/537.36 (KHTML, like Gecko) Chrome/80.0.3987.132 Safari/537.36"
[2020-04-23T17:36:57.461] [INFO] access - ::1 - - "OPTIONS /schedule/today HTTP/1.1" 204 - "http://localhost:3001/Patient/Home" "Mozilla/5.0 (Macintosh; Intel Mac OS X 10_15_2) AppleWebKit/537.36 (KHTML, like Gecko) Chrome/80.0.3987.132 Safari/537.36"
[2020-04-23T17:36:57.471] [INFO] access - ::1 - - "GET /schedule/today HTTP/1.1" 200 553 "http://localhost:3001/Patient/Home" "Mozilla/5.0 (Macintosh; Intel Mac OS X 10_15_2) AppleWebKit/537.36 (KHTML, like Gecko) Chrome/80.0.3987.132 Safari/537.36"
[2020-04-23T17:36:59.346] [INFO] access - ::ffff:127.0.0.1 - - "POST /graphql HTTP/1.1" 200 4213 "http://localhost:3001/Patient/Order" "Mozilla/5.0 (Macintosh; Intel Mac OS X 10_15_2) AppleWebKit/537.36 (KHTML, like Gecko) Chrome/80.0.3987.132 Safari/537.36"
[2020-04-23T17:36:59.931] [INFO] access - ::ffff:127.0.0.1 - - "POST /graphql HTTP/1.1" 200 4213 "http://localhost:3001/Patient/Department" "Mozilla/5.0 (Macintosh; Intel Mac OS X 10_15_2) AppleWebKit/537.36 (KHTML, like Gecko) Chrome/80.0.3987.132 Safari/537.36"
[2020-04-23T17:37:00.456] [INFO] access - ::1 - - "OPTIONS /admin/department HTTP/1.1" 204 - "http://localhost:3001/Patient/DoctorInfo" "Mozilla/5.0 (Macintosh; Intel Mac OS X 10_15_2) AppleWebKit/537.36 (KHTML, like Gecko) Chrome/80.0.3987.132 Safari/537.36"
[2020-04-23T17:37:00.466] [INFO] access - ::1 - - "GET /admin/department HTTP/1.1" 200 3181 "http://localhost:3001/Patient/DoctorInfo" "Mozilla/5.0 (Macintosh; Intel Mac OS X 10_15_2) AppleWebKit/537.36 (KHTML, like Gecko) Chrome/80.0.3987.132 Safari/537.36"
[2020-04-23T17:37:00.935] [INFO] access - ::ffff:127.0.0.1 - - "POST /graphql HTTP/1.1" 200 4213 "http://localhost:3001/Patient/Guide/Schedule" "Mozilla/5.0 (Macintosh; Intel Mac OS X 10_15_2) AppleWebKit/537.36 (KHTML, like Gecko) Chrome/80.0.3987.132 Safari/537.36"
[2020-04-23T17:37:00.962] [INFO] access - ::1 - - "OPTIONS /doctor HTTP/1.1" 204 - "http://localhost:3001/Patient/Guide/Schedule" "Mozilla/5.0 (Macintosh; Intel Mac OS X 10_15_2) AppleWebKit/537.36 (KHTML, like Gecko) Chrome/80.0.3987.132 Safari/537.36"
[2020-04-23T17:37:00.968] [INFO] access - ::1 - - "GET /doctor HTTP/1.1" 200 2585 "http://localhost:3001/Patient/Guide/Schedule" "Mozilla/5.0 (Macintosh; Intel Mac OS X 10_15_2) AppleWebKit/537.36 (KHTML, like Gecko) Chrome/80.0.3987.132 Safari/537.36"
[2020-04-23T17:37:01.011] [INFO] access - ::1 - - "OPTIONS /schedule/getScheduleOfPeriod?departmentId=1 HTTP/1.1" 204 - "http://localhost:3001/Patient/Guide/Schedule" "Mozilla/5.0 (Macintosh; Intel Mac OS X 10_15_2) AppleWebKit/537.36 (KHTML, like Gecko) Chrome/80.0.3987.132 Safari/537.36"
[2020-04-23T17:37:01.012] [INFO] access - ::1 - - "OPTIONS /schedule/getScheduleOfPeriod?departmentId=3 HTTP/1.1" 204 - "http://localhost:3001/Patient/Guide/Schedule" "Mozilla/5.0 (Macintosh; Intel Mac OS X 10_15_2) AppleWebKit/537.36 (KHTML, like Gecko) Chrome/80.0.3987.132 Safari/537.36"
[2020-04-23T17:37:01.029] [INFO] access - ::1 - - "GET /schedule/getScheduleOfPeriod?departmentId=1 HTTP/1.1" 200 1801 "http://localhost:3001/Patient/Guide/Schedule" "Mozilla/5.0 (Macintosh; Intel Mac OS X 10_15_2) AppleWebKit/537.36 (KHTML, like Gecko) Chrome/80.0.3987.132 Safari/537.36"
[2020-04-23T17:37:01.031] [INFO] access - ::1 - - "GET /schedule/getScheduleOfPeriod?departmentId=3 HTTP/1.1" 200 79 "http://localhost:3001/Patient/Guide/Schedule" "Mozilla/5.0 (Macintosh; Intel Mac OS X 10_15_2) AppleWebKit/537.36 (KHTML, like Gecko) Chrome/80.0.3987.132 Safari/537.36"
[2020-04-23T17:37:01.318] [INFO] access - ::ffff:127.0.0.1 - - "POST /graphql HTTP/1.1" 200 4213 "http://localhost:3001/Patient/Atrcle" "Mozilla/5.0 (Macintosh; Intel Mac OS X 10_15_2) AppleWebKit/537.36 (KHTML, like Gecko) Chrome/80.0.3987.132 Safari/537.36"
[2020-04-23T17:52:48.861] [INFO] access - ::ffff:127.0.0.1 - - "OPTIONS /graphql HTTP/1.1" 204 - "http://localhost:3001/Patient/Atrcle" "Mozilla/5.0 (Macintosh; Intel Mac OS X 10_15_2) AppleWebKit/537.36 (KHTML, like Gecko) Chrome/80.0.3987.132 Safari/537.36"
[2020-04-23T17:52:48.864] [INFO] access - ::ffff:127.0.0.1 - - "POST /graphql HTTP/1.1" 200 4213 "http://localhost:3001/Patient/Atrcle" "Mozilla/5.0 (Macintosh; Intel Mac OS X 10_15_2) AppleWebKit/537.36 (KHTML, like Gecko) Chrome/80.0.3987.132 Safari/537.36"
[2020-04-23T17:52:48.926] [INFO] access - ::1 - - "OPTIONS /users/getUser HTTP/1.1" 204 - "http://localhost:3001/Patient/Atrcle" "Mozilla/5.0 (Macintosh; Intel Mac OS X 10_15_2) AppleWebKit/537.36 (KHTML, like Gecko) Chrome/80.0.3987.132 Safari/537.36"
[2020-04-23T17:52:48.929] [INFO] access - ::1 - - "GET /users/getUser HTTP/1.1" 200 320 "http://localhost:3001/Patient/Atrcle" "Mozilla/5.0 (Macintosh; Intel Mac OS X 10_15_2) AppleWebKit/537.36 (KHTML, like Gecko) Chrome/80.0.3987.132 Safari/537.36"
[2020-04-23T17:52:49.136] [INFO] access - ::1 - - "OPTIONS /admin/user?page=1&size=20 HTTP/1.1" 204 - "http://localhost:3001/Admin/User" "Mozilla/5.0 (Macintosh; Intel Mac OS X 10_15_2) AppleWebKit/537.36 (KHTML, like Gecko) Chrome/80.0.3987.132 Safari/537.36"
[2020-04-23T17:52:49.145] [INFO] access - ::1 - - "GET /admin/user?page=1&size=20 HTTP/1.1" 200 1018 "http://localhost:3001/Admin/User" "Mozilla/5.0 (Macintosh; Intel Mac OS X 10_15_2) AppleWebKit/537.36 (KHTML, like Gecko) Chrome/80.0.3987.132 Safari/537.36"
[2020-04-23T17:52:49.212] [INFO] access - ::1 - - "GET /Patient/Avatar/XX0szko2.jpeg HTTP/1.1" 200 13039 "http://localhost:3001/Admin/User" "Mozilla/5.0 (Macintosh; Intel Mac OS X 10_15_2) AppleWebKit/537.36 (KHTML, like Gecko) Chrome/80.0.3987.132 Safari/537.36"
[2020-04-23T17:52:50.803] [INFO] access - ::ffff:127.0.0.1 - - "POST /graphql HTTP/1.1" 200 4213 "http://localhost:3001/Patient/Home" "Mozilla/5.0 (Macintosh; Intel Mac OS X 10_15_2) AppleWebKit/537.36 (KHTML, like Gecko) Chrome/80.0.3987.132 Safari/537.36"
[2020-04-23T17:52:50.844] [INFO] access - ::1 - - "OPTIONS /patientCase/all HTTP/1.1" 204 - "http://localhost:3001/Patient/Home" "Mozilla/5.0 (Macintosh; Intel Mac OS X 10_15_2) AppleWebKit/537.36 (KHTML, like Gecko) Chrome/80.0.3987.132 Safari/537.36"
[2020-04-23T17:52:50.852] [INFO] access - ::1 - - "GET /patientCase/all HTTP/1.1" 200 6100 "http://localhost:3001/Patient/Home" "Mozilla/5.0 (Macintosh; Intel Mac OS X 10_15_2) AppleWebKit/537.36 (KHTML, like Gecko) Chrome/80.0.3987.132 Safari/537.36"
[2020-04-23T17:52:50.912] [INFO] access - ::1 - - "OPTIONS /schedule/today HTTP/1.1" 204 - "http://localhost:3001/Patient/Home" "Mozilla/5.0 (Macintosh; Intel Mac OS X 10_15_2) AppleWebKit/537.36 (KHTML, like Gecko) Chrome/80.0.3987.132 Safari/537.36"
[2020-04-23T17:52:50.916] [INFO] access - ::1 - - "GET /schedule/today HTTP/1.1" 200 553 "http://localhost:3001/Patient/Home" "Mozilla/5.0 (Macintosh; Intel Mac OS X 10_15_2) AppleWebKit/537.36 (KHTML, like Gecko) Chrome/80.0.3987.132 Safari/537.36"
[2020-04-23T17:52:50.948] [INFO] access - ::1 - - "GET /Common/carousel/lun3.jpg HTTP/1.1" 200 45434 "http://localhost:3001/Patient/Home" "Mozilla/5.0 (Macintosh; Intel Mac OS X 10_15_2) AppleWebKit/537.36 (KHTML, like Gecko) Chrome/80.0.3987.132 Safari/537.36"
[2020-04-23T17:52:50.948] [INFO] access - ::1 - - "GET /Common/carousel/timg.jpeg HTTP/1.1" 200 77897 "http://localhost:3001/Patient/Home" "Mozilla/5.0 (Macintosh; Intel Mac OS X 10_15_2) AppleWebKit/537.36 (KHTML, like Gecko) Chrome/80.0.3987.132 Safari/537.36"
[2020-04-23T17:52:50.948] [INFO] access - ::1 - - "GET /Common/carousel/lun1.jpg HTTP/1.1" 200 414559 "http://localhost:3001/Patient/Home" "Mozilla/5.0 (Macintosh; Intel Mac OS X 10_15_2) AppleWebKit/537.36 (KHTML, like Gecko) Chrome/80.0.3987.132 Safari/537.36"
[2020-04-23T17:53:01.646] [INFO] access - ::ffff:127.0.0.1 - - "OPTIONS /graphql HTTP/1.1" 204 - "http://localhost:3001/Patient/Home" "Mozilla/5.0 (Macintosh; Intel Mac OS X 10_15_2) AppleWebKit/537.36 (KHTML, like Gecko) Chrome/80.0.3987.132 Safari/537.36"
[2020-04-23T17:53:01.648] [INFO] access - ::ffff:127.0.0.1 - - "POST /graphql HTTP/1.1" 200 4213 "http://localhost:3001/Patient/Home" "Mozilla/5.0 (Macintosh; Intel Mac OS X 10_15_2) AppleWebKit/537.36 (KHTML, like Gecko) Chrome/80.0.3987.132 Safari/537.36"
[2020-04-23T17:53:01.696] [INFO] access - ::1 - - "OPTIONS /patientCase/all HTTP/1.1" 204 - "http://localhost:3001/Patient/Home" "Mozilla/5.0 (Macintosh; Intel Mac OS X 10_15_2) AppleWebKit/537.36 (KHTML, like Gecko) Chrome/80.0.3987.132 Safari/537.36"
[2020-04-23T17:53:01.697] [INFO] access - ::1 - - "OPTIONS /users/getUser HTTP/1.1" 204 - "http://localhost:3001/Patient/Home" "Mozilla/5.0 (Macintosh; Intel Mac OS X 10_15_2) AppleWebKit/537.36 (KHTML, like Gecko) Chrome/80.0.3987.132 Safari/537.36"
[2020-04-23T17:53:01.701] [INFO] access - ::1 - - "GET /users/getUser HTTP/1.1" 200 320 "http://localhost:3001/Patient/Home" "Mozilla/5.0 (Macintosh; Intel Mac OS X 10_15_2) AppleWebKit/537.36 (KHTML, like Gecko) Chrome/80.0.3987.132 Safari/537.36"
[2020-04-23T17:53:01.705] [INFO] access - ::1 - - "GET /patientCase/all HTTP/1.1" 200 6100 "http://localhost:3001/Patient/Home" "Mozilla/5.0 (Macintosh; Intel Mac OS X 10_15_2) AppleWebKit/537.36 (KHTML, like Gecko) Chrome/80.0.3987.132 Safari/537.36"
[2020-04-23T17:53:01.774] [INFO] access - ::1 - - "OPTIONS /schedule/today HTTP/1.1" 204 - "http://localhost:3001/Patient/Home" "Mozilla/5.0 (Macintosh; Intel Mac OS X 10_15_2) AppleWebKit/537.36 (KHTML, like Gecko) Chrome/80.0.3987.132 Safari/537.36"
[2020-04-23T17:53:01.778] [INFO] access - ::1 - - "GET /schedule/today HTTP/1.1" 200 553 "http://localhost:3001/Patient/Home" "Mozilla/5.0 (Macintosh; Intel Mac OS X 10_15_2) AppleWebKit/537.36 (KHTML, like Gecko) Chrome/80.0.3987.132 Safari/537.36"
[2020-04-23T17:53:01.892] [INFO] access - ::1 - - "OPTIONS /admin/user?page=1&size=20 HTTP/1.1" 204 - "http://localhost:3001/Admin/User" "Mozilla/5.0 (Macintosh; Intel Mac OS X 10_15_2) AppleWebKit/537.36 (KHTML, like Gecko) Chrome/80.0.3987.132 Safari/537.36"
[2020-04-23T17:53:01.895] [INFO] access - ::1 - - "GET /admin/user?page=1&size=20 HTTP/1.1" 200 1018 "http://localhost:3001/Admin/User" "Mozilla/5.0 (Macintosh; Intel Mac OS X 10_15_2) AppleWebKit/537.36 (KHTML, like Gecko) Chrome/80.0.3987.132 Safari/537.36"
[2020-04-23T17:53:09.946] [INFO] access - ::1 - - "OPTIONS /users/getUser HTTP/1.1" 204 - "http://localhost:3001/Home" "Mozilla/5.0 (Macintosh; Intel Mac OS X 10_15_2) AppleWebKit/537.36 (KHTML, like Gecko) Chrome/80.0.3987.132 Safari/537.36"
[2020-04-23T17:53:09.948] [INFO] access - ::1 - - "GET /users/getUser HTTP/1.1" 200 320 "http://localhost:3001/Home" "Mozilla/5.0 (Macintosh; Intel Mac OS X 10_15_2) AppleWebKit/537.36 (KHTML, like Gecko) Chrome/80.0.3987.132 Safari/537.36"
[2020-04-23T17:53:10.070] [INFO] access - ::1 - - "OPTIONS /admin/user?page=1&size=20 HTTP/1.1" 204 - "http://localhost:3001/Admin/User" "Mozilla/5.0 (Macintosh; Intel Mac OS X 10_15_2) AppleWebKit/537.36 (KHTML, like Gecko) Chrome/80.0.3987.132 Safari/537.36"
[2020-04-23T17:53:10.073] [INFO] access - ::1 - - "GET /admin/user?page=1&size=20 HTTP/1.1" 200 1018 "http://localhost:3001/Admin/User" "Mozilla/5.0 (Macintosh; Intel Mac OS X 10_15_2) AppleWebKit/537.36 (KHTML, like Gecko) Chrome/80.0.3987.132 Safari/537.36"
[2020-04-23T17:53:10.105] [INFO] access - ::1 - - "GET /Patient/Avatar/XX0szko2.jpeg HTTP/1.1" 200 13039 "http://localhost:3001/Admin/User" "Mozilla/5.0 (Macintosh; Intel Mac OS X 10_15_2) AppleWebKit/537.36 (KHTML, like Gecko) Chrome/80.0.3987.132 Safari/537.36"
[2020-04-23T17:54:25.764] [INFO] access - ::1 - - "OPTIONS /users/getUser HTTP/1.1" 204 - "http://localhost:3001/Home" "Mozilla/5.0 (Macintosh; Intel Mac OS X 10_15_2) AppleWebKit/537.36 (KHTML, like Gecko) Chrome/80.0.3987.132 Safari/537.36"
[2020-04-23T17:54:25.768] [INFO] access - ::1 - - "GET /users/getUser HTTP/1.1" 200 320 "http://localhost:3001/Home" "Mozilla/5.0 (Macintosh; Intel Mac OS X 10_15_2) AppleWebKit/537.36 (KHTML, like Gecko) Chrome/80.0.3987.132 Safari/537.36"
[2020-04-23T17:54:25.954] [INFO] access - ::1 - - "OPTIONS /admin/user?page=1&size=20 HTTP/1.1" 204 - "http://localhost:3001/Admin/User" "Mozilla/5.0 (Macintosh; Intel Mac OS X 10_15_2) AppleWebKit/537.36 (KHTML, like Gecko) Chrome/80.0.3987.132 Safari/537.36"
[2020-04-23T17:54:25.961] [INFO] access - ::1 - - "GET /admin/user?page=1&size=20 HTTP/1.1" 200 1018 "http://localhost:3001/Admin/User" "Mozilla/5.0 (Macintosh; Intel Mac OS X 10_15_2) AppleWebKit/537.36 (KHTML, like Gecko) Chrome/80.0.3987.132 Safari/537.36"
[2020-04-23T17:54:25.999] [INFO] access - ::1 - - "GET /Patient/Avatar/XX0szko2.jpeg HTTP/1.1" 200 13039 "http://localhost:3001/Admin/User" "Mozilla/5.0 (Macintosh; Intel Mac OS X 10_15_2) AppleWebKit/537.36 (KHTML, like Gecko) Chrome/80.0.3987.132 Safari/537.36"
[2020-04-23T17:54:28.414] [INFO] access - ::1 - - "GET /users/getUser HTTP/1.1" 200 320 "http://localhost:3001/Home" "Mozilla/5.0 (Macintosh; Intel Mac OS X 10_15_2) AppleWebKit/537.36 (KHTML, like Gecko) Chrome/80.0.3987.132 Safari/537.36"
[2020-04-23T17:54:28.647] [INFO] access - ::1 - - "GET /admin/user?page=1&size=20 HTTP/1.1" 200 1018 "http://localhost:3001/Admin/User" "Mozilla/5.0 (Macintosh; Intel Mac OS X 10_15_2) AppleWebKit/537.36 (KHTML, like Gecko) Chrome/80.0.3987.132 Safari/537.36"
[2020-04-23T17:54:28.704] [INFO] access - ::1 - - "GET /Patient/Avatar/XX0szko2.jpeg HTTP/1.1" 200 13039 "http://localhost:3001/Admin/User" "Mozilla/5.0 (Macintosh; Intel Mac OS X 10_15_2) AppleWebKit/537.36 (KHTML, like Gecko) Chrome/80.0.3987.132 Safari/537.36"
[2020-04-23T17:54:40.239] [INFO] access - ::1 - - "OPTIONS /users/getUser HTTP/1.1" 204 - "http://localhost:3001/Home" "Mozilla/5.0 (Macintosh; Intel Mac OS X 10_15_2) AppleWebKit/537.36 (KHTML, like Gecko) Chrome/80.0.3987.132 Safari/537.36"
[2020-04-23T17:54:40.244] [INFO] access - ::1 - - "GET /users/getUser HTTP/1.1" 200 320 "http://localhost:3001/Home" "Mozilla/5.0 (Macintosh; Intel Mac OS X 10_15_2) AppleWebKit/537.36 (KHTML, like Gecko) Chrome/80.0.3987.132 Safari/537.36"
[2020-04-23T17:54:40.474] [INFO] access - ::1 - - "OPTIONS /admin/user?page=1&size=20 HTTP/1.1" 204 - "http://localhost:3001/Admin/User" "Mozilla/5.0 (Macintosh; Intel Mac OS X 10_15_2) AppleWebKit/537.36 (KHTML, like Gecko) Chrome/80.0.3987.132 Safari/537.36"
[2020-04-23T17:54:40.482] [INFO] access - ::1 - - "GET /admin/user?page=1&size=20 HTTP/1.1" 200 1018 "http://localhost:3001/Admin/User" "Mozilla/5.0 (Macintosh; Intel Mac OS X 10_15_2) AppleWebKit/537.36 (KHTML, like Gecko) Chrome/80.0.3987.132 Safari/537.36"
[2020-04-23T17:54:40.551] [INFO] access - ::1 - - "GET /Patient/Avatar/XX0szko2.jpeg HTTP/1.1" 200 13039 "http://localhost:3001/Admin/User" "Mozilla/5.0 (Macintosh; Intel Mac OS X 10_15_2) AppleWebKit/537.36 (KHTML, like Gecko) Chrome/80.0.3987.132 Safari/537.36"
[2020-04-23T17:54:41.548] [INFO] access - ::1 - - "GET /users/getUser HTTP/1.1" 200 320 "http://localhost:3001/Home" "Mozilla/5.0 (Macintosh; Intel Mac OS X 10_15_2) AppleWebKit/537.36 (KHTML, like Gecko) Chrome/80.0.3987.132 Safari/537.36"
[2020-04-23T17:54:41.754] [INFO] access - ::1 - - "GET /admin/user?page=1&size=20 HTTP/1.1" 200 1018 "http://localhost:3001/Admin/User" "Mozilla/5.0 (Macintosh; Intel Mac OS X 10_15_2) AppleWebKit/537.36 (KHTML, like Gecko) Chrome/80.0.3987.132 Safari/537.36"
[2020-04-23T17:54:41.808] [INFO] access - ::1 - - "GET /Patient/Avatar/XX0szko2.jpeg HTTP/1.1" 200 13039 "http://localhost:3001/Admin/User" "Mozilla/5.0 (Macintosh; Intel Mac OS X 10_15_2) AppleWebKit/537.36 (KHTML, like Gecko) Chrome/80.0.3987.132 Safari/537.36"
[2020-04-23T17:55:13.316] [INFO] access - ::1 - - "OPTIONS /users/getUser HTTP/1.1" 204 - "http://localhost:3001/Home" "Mozilla/5.0 (Macintosh; Intel Mac OS X 10_15_2) AppleWebKit/537.36 (KHTML, like Gecko) Chrome/80.0.3987.132 Safari/537.36"
[2020-04-23T17:55:13.320] [INFO] access - ::1 - - "GET /users/getUser HTTP/1.1" 200 320 "http://localhost:3001/Home" "Mozilla/5.0 (Macintosh; Intel Mac OS X 10_15_2) AppleWebKit/537.36 (KHTML, like Gecko) Chrome/80.0.3987.132 Safari/537.36"
[2020-04-23T17:55:13.542] [INFO] access - ::1 - - "OPTIONS /admin/user?page=1&size=20 HTTP/1.1" 204 - "http://localhost:3001/Admin/User" "Mozilla/5.0 (Macintosh; Intel Mac OS X 10_15_2) AppleWebKit/537.36 (KHTML, like Gecko) Chrome/80.0.3987.132 Safari/537.36"
[2020-04-23T17:55:13.550] [INFO] access - ::1 - - "GET /admin/user?page=1&size=20 HTTP/1.1" 200 1018 "http://localhost:3001/Admin/User" "Mozilla/5.0 (Macintosh; Intel Mac OS X 10_15_2) AppleWebKit/537.36 (KHTML, like Gecko) Chrome/80.0.3987.132 Safari/537.36"
[2020-04-23T17:55:13.633] [INFO] access - ::1 - - "GET /Patient/Avatar/XX0szko2.jpeg HTTP/1.1" 200 13039 "http://localhost:3001/Admin/User" "Mozilla/5.0 (Macintosh; Intel Mac OS X 10_15_2) AppleWebKit/537.36 (KHTML, like Gecko) Chrome/80.0.3987.132 Safari/537.36"
[2020-04-23T17:55:15.221] [INFO] access - ::1 - - "GET /users/getUser HTTP/1.1" 200 320 "http://localhost:3001/Home" "Mozilla/5.0 (Macintosh; Intel Mac OS X 10_15_2) AppleWebKit/537.36 (KHTML, like Gecko) Chrome/80.0.3987.132 Safari/537.36"
[2020-04-23T17:55:15.471] [INFO] access - ::1 - - "GET /admin/user?page=1&size=20 HTTP/1.1" 200 1018 "http://localhost:3001/Admin/User" "Mozilla/5.0 (Macintosh; Intel Mac OS X 10_15_2) AppleWebKit/537.36 (KHTML, like Gecko) Chrome/80.0.3987.132 Safari/537.36"
[2020-04-23T17:55:15.522] [INFO] access - ::1 - - "GET /Patient/Avatar/XX0szko2.jpeg HTTP/1.1" 200 13039 "http://localhost:3001/Admin/User" "Mozilla/5.0 (Macintosh; Intel Mac OS X 10_15_2) AppleWebKit/537.36 (KHTML, like Gecko) Chrome/80.0.3987.132 Safari/537.36"
[2020-04-23T17:56:23.668] [INFO] access - ::1 - - "OPTIONS /users/getUser HTTP/1.1" 204 - "http://localhost:3001/Home" "Mozilla/5.0 (Macintosh; Intel Mac OS X 10_15_2) AppleWebKit/537.36 (KHTML, like Gecko) Chrome/80.0.3987.132 Safari/537.36"
[2020-04-23T17:56:23.674] [INFO] access - ::1 - - "GET /users/getUser HTTP/1.1" 200 41 "http://localhost:3001/Home" "Mozilla/5.0 (Macintosh; Intel Mac OS X 10_15_2) AppleWebKit/537.36 (KHTML, like Gecko) Chrome/80.0.3987.132 Safari/537.36"
[2020-04-23T17:56:25.439] [INFO] access - ::1 - - "GET /users/getUser HTTP/1.1" 200 43 "http://localhost:3001/Home" "Mozilla/5.0 (Macintosh; Intel Mac OS X 10_15_2) AppleWebKit/537.36 (KHTML, like Gecko) Chrome/80.0.3987.132 Safari/537.36"
[2020-04-23T17:57:20.871] [INFO] access - ::1 - - "GET /users/getUser HTTP/1.1" 200 43 "http://localhost:3001/Home" "Mozilla/5.0 (Macintosh; Intel Mac OS X 10_15_2) AppleWebKit/537.36 (KHTML, like Gecko) Chrome/80.0.3987.132 Safari/537.36"
[2020-04-23T17:57:25.908] [INFO] access - ::1 - - "GET /users/getUser HTTP/1.1" 200 43 "http://localhost:3001/Home" "Mozilla/5.0 (Macintosh; Intel Mac OS X 10_15_2) AppleWebKit/537.36 (KHTML, like Gecko) Chrome/80.0.3987.132 Safari/537.36"
[2020-04-23T17:58:00.074] [INFO] access - ::1 - - "GET /users/getUser HTTP/1.1" 200 43 "http://localhost:3001/Home" "Mozilla/5.0 (Macintosh; Intel Mac OS X 10_15_2) AppleWebKit/537.36 (KHTML, like Gecko) Chrome/80.0.3987.132 Safari/537.36"
[2020-04-23T17:58:04.324] [INFO] access - ::1 - - "GET /users/getUser HTTP/1.1" 200 43 "http://localhost:3001/Home" "Mozilla/5.0 (Macintosh; Intel Mac OS X 10_15_2) AppleWebKit/537.36 (KHTML, like Gecko) Chrome/80.0.3987.132 Safari/537.36"
[2020-04-23T18:00:49.784] [INFO] access - ::1 - - "GET /users/getUser HTTP/1.1" 200 43 "http://localhost:3001/Home" "Mozilla/5.0 (Macintosh; Intel Mac OS X 10_15_2) AppleWebKit/537.36 (KHTML, like Gecko) Chrome/80.0.3987.132 Safari/537.36"
[2020-04-23T18:00:59.301] [INFO] access - ::1 - - "GET /users/getUser HTTP/1.1" 200 43 "http://localhost:3001/Home" "Mozilla/5.0 (Macintosh; Intel Mac OS X 10_15_2) AppleWebKit/537.36 (KHTML, like Gecko) Chrome/80.0.3987.132 Safari/537.36"
[2020-04-23T18:01:46.125] [INFO] access - ::1 - - "GET /users/getUser HTTP/1.1" 200 43 "http://localhost:3001/Home" "Mozilla/5.0 (Macintosh; Intel Mac OS X 10_15_2) AppleWebKit/537.36 (KHTML, like Gecko) Chrome/80.0.3987.132 Safari/537.36"
[2020-04-23T18:02:16.015] [INFO] access - ::1 - - "GET /users/getUser HTTP/1.1" 200 43 "http://localhost:3001/Home" "Mozilla/5.0 (Macintosh; Intel Mac OS X 10_15_2) AppleWebKit/537.36 (KHTML, like Gecko) Chrome/80.0.3987.132 Safari/537.36"
[2020-04-23T18:02:32.720] [INFO] access - ::1 - - "GET /users/getUser HTTP/1.1" 200 43 "http://localhost:3001/Home" "Mozilla/5.0 (Macintosh; Intel Mac OS X 10_15_2) AppleWebKit/537.36 (KHTML, like Gecko) Chrome/80.0.3987.132 Safari/537.36"
[2020-04-23T18:03:47.407] [INFO] access - ::1 - - "GET /users/getUser HTTP/1.1" 200 43 "http://localhost:3001/Home" "Mozilla/5.0 (Macintosh; Intel Mac OS X 10_15_2) AppleWebKit/537.36 (KHTML, like Gecko) Chrome/80.0.3987.132 Safari/537.36"
[2020-04-23T18:04:24.038] [INFO] access - ::1 - - "GET /users/getUser HTTP/1.1" 200 43 "http://localhost:3001/Home" "Mozilla/5.0 (Macintosh; Intel Mac OS X 10_15_2) AppleWebKit/537.36 (KHTML, like Gecko) Chrome/80.0.3987.132 Safari/537.36"
[2020-04-23T18:06:57.272] [INFO] access - ::1 - - "GET /users/getUser HTTP/1.1" 200 43 "http://localhost:3001/Home" "Mozilla/5.0 (Macintosh; Intel Mac OS X 10_15_2) AppleWebKit/537.36 (KHTML, like Gecko) Chrome/80.0.3987.132 Safari/537.36"
[2020-04-23T18:07:03.264] [INFO] access - ::1 - - "GET /users/getUser HTTP/1.1" 200 43 "http://localhost:3001/Home" "Mozilla/5.0 (Macintosh; Intel Mac OS X 10_15_2) AppleWebKit/537.36 (KHTML, like Gecko) Chrome/80.0.3987.132 Safari/537.36"
[2020-04-23T18:07:17.528] [INFO] access - ::1 - - "GET /users/getUser HTTP/1.1" 200 43 "http://localhost:3001/Home" "Mozilla/5.0 (Macintosh; Intel Mac OS X 10_15_2) AppleWebKit/537.36 (KHTML, like Gecko) Chrome/80.0.3987.132 Safari/537.36"
[2020-04-23T18:07:18.942] [INFO] access - ::1 - - "GET /users/getUser HTTP/1.1" 200 43 "http://localhost:3001/Home" "Mozilla/5.0 (Macintosh; Intel Mac OS X 10_15_2) AppleWebKit/537.36 (KHTML, like Gecko) Chrome/80.0.3987.132 Safari/537.36"
[2020-04-23T18:07:23.838] [INFO] access - ::1 - - "GET /users/getUser HTTP/1.1" 200 43 "http://localhost:3001/Home" "Mozilla/5.0 (Macintosh; Intel Mac OS X 10_15_2) AppleWebKit/537.36 (KHTML, like Gecko) Chrome/80.0.3987.132 Safari/537.36"
[2020-04-23T18:08:57.752] [INFO] access - ::1 - - "GET /users/getUser HTTP/1.1" 200 43 "http://localhost:3001/Home" "Mozilla/5.0 (Macintosh; Intel Mac OS X 10_15_2) AppleWebKit/537.36 (KHTML, like Gecko) Chrome/80.0.3987.132 Safari/537.36"
[2020-04-23T18:09:05.404] [INFO] access - ::1 - - "GET /users/getUser HTTP/1.1" 200 43 "http://localhost:3001/Home" "Mozilla/5.0 (Macintosh; Intel Mac OS X 10_15_2) AppleWebKit/537.36 (KHTML, like Gecko) Chrome/80.0.3987.132 Safari/537.36"
[2020-04-23T18:10:51.508] [INFO] access - ::1 - - "GET /users/getUser HTTP/1.1" 200 43 "http://localhost:3001/Home" "Mozilla/5.0 (Macintosh; Intel Mac OS X 10_15_2) AppleWebKit/537.36 (KHTML, like Gecko) Chrome/80.0.3987.132 Safari/537.36"
[2020-04-23T18:21:37.164] [INFO] access - ::1 - - "GET /users/getUser HTTP/1.1" 200 43 "http://localhost:3001/Home" "Mozilla/5.0 (Macintosh; Intel Mac OS X 10_15_2) AppleWebKit/537.36 (KHTML, like Gecko) Chrome/80.0.3987.132 Safari/537.36"
[2020-04-23T18:21:59.260] [INFO] access - ::1 - - "GET /users/getUser HTTP/1.1" 200 43 "http://localhost:3001/Home" "Mozilla/5.0 (Macintosh; Intel Mac OS X 10_15_2) AppleWebKit/537.36 (KHTML, like Gecko) Chrome/80.0.3987.132 Safari/537.36"
[2020-04-23T18:25:19.228] [INFO] access - ::1 - - "GET /users/getUser HTTP/1.1" 200 43 "http://localhost:3001/Home" "Mozilla/5.0 (Macintosh; Intel Mac OS X 10_15_2) AppleWebKit/537.36 (KHTML, like Gecko) Chrome/80.0.3987.132 Safari/537.36"
[2020-04-23T18:26:09.993] [INFO] access - ::1 - - "GET /users/getUser HTTP/1.1" 200 43 "http://localhost:3001/Home" "Mozilla/5.0 (Macintosh; Intel Mac OS X 10_15_2) AppleWebKit/537.36 (KHTML, like Gecko) Chrome/80.0.3987.132 Safari/537.36"
[2020-04-23T18:26:19.715] [INFO] access - ::1 - - "GET /users/getUser HTTP/1.1" 200 43 "http://localhost:3001/Home" "Mozilla/5.0 (Macintosh; Intel Mac OS X 10_15_2) AppleWebKit/537.36 (KHTML, like Gecko) Chrome/80.0.3987.132 Safari/537.36"
[2020-04-23T18:26:25.145] [INFO] access - ::1 - - "GET /users/getUser HTTP/1.1" 200 43 "http://localhost:3001/Home" "Mozilla/5.0 (Macintosh; Intel Mac OS X 10_15_2) AppleWebKit/537.36 (KHTML, like Gecko) Chrome/80.0.3987.132 Safari/537.36"
[2020-04-23T18:26:39.846] [INFO] access - ::1 - - "GET /users/getUser HTTP/1.1" 200 43 "http://localhost:3001/Home" "Mozilla/5.0 (Macintosh; Intel Mac OS X 10_15_2) AppleWebKit/537.36 (KHTML, like Gecko) Chrome/80.0.3987.132 Safari/537.36"
[2020-04-23T18:28:14.400] [INFO] access - ::1 - - "GET /users/getUser HTTP/1.1" 200 43 "http://localhost:3001/Home" "Mozilla/5.0 (Macintosh; Intel Mac OS X 10_15_2) AppleWebKit/537.36 (KHTML, like Gecko) Chrome/80.0.3987.132 Safari/537.36"
[2020-04-23T18:28:26.383] [INFO] access - ::1 - - "GET /users/getUser HTTP/1.1" 200 43 "http://localhost:3001/Home" "Mozilla/5.0 (Macintosh; Intel Mac OS X 10_15_2) AppleWebKit/537.36 (KHTML, like Gecko) Chrome/80.0.3987.132 Safari/537.36"
[2020-04-23T18:28:32.946] [INFO] access - ::1 - - "GET /users/getUser HTTP/1.1" 200 43 "http://localhost:3001/Home" "Mozilla/5.0 (Macintosh; Intel Mac OS X 10_15_2) AppleWebKit/537.36 (KHTML, like Gecko) Chrome/80.0.3987.132 Safari/537.36"
[2020-04-23T18:28:38.408] [INFO] access - ::ffff:127.0.0.1 - - "OPTIONS /graphql HTTP/1.1" 204 - "http://localhost:3001/Patient/Home" "Mozilla/5.0 (Macintosh; Intel Mac OS X 10_15_2) AppleWebKit/537.36 (KHTML, like Gecko) Chrome/80.0.3987.132 Safari/537.36"
[2020-04-23T18:28:38.415] [INFO] access - ::ffff:127.0.0.1 - - "POST /graphql HTTP/1.1" 200 4213 "http://localhost:3001/Patient/Home" "Mozilla/5.0 (Macintosh; Intel Mac OS X 10_15_2) AppleWebKit/537.36 (KHTML, like Gecko) Chrome/80.0.3987.132 Safari/537.36"
[2020-04-23T18:28:38.467] [INFO] access - ::1 - - "GET /patientCase/all HTTP/1.1" 200 6100 "http://localhost:3001/Patient/Home" "Mozilla/5.0 (Macintosh; Intel Mac OS X 10_15_2) AppleWebKit/537.36 (KHTML, like Gecko) Chrome/80.0.3987.132 Safari/537.36"
[2020-04-23T18:28:38.531] [INFO] access - ::1 - - "GET /schedule/today HTTP/1.1" 200 553 "http://localhost:3001/Patient/Home" "Mozilla/5.0 (Macintosh; Intel Mac OS X 10_15_2) AppleWebKit/537.36 (KHTML, like Gecko) Chrome/80.0.3987.132 Safari/537.36"
[2020-04-23T18:28:38.564] [INFO] access - ::1 - - "GET /Common/carousel/lun3.jpg HTTP/1.1" 200 45434 "http://localhost:3001/Patient/Home" "Mozilla/5.0 (Macintosh; Intel Mac OS X 10_15_2) AppleWebKit/537.36 (KHTML, like Gecko) Chrome/80.0.3987.132 Safari/537.36"
[2020-04-23T18:28:38.564] [INFO] access - ::1 - - "GET /Common/carousel/timg.jpeg HTTP/1.1" 200 77897 "http://localhost:3001/Patient/Home" "Mozilla/5.0 (Macintosh; Intel Mac OS X 10_15_2) AppleWebKit/537.36 (KHTML, like Gecko) Chrome/80.0.3987.132 Safari/537.36"
[2020-04-23T18:28:38.564] [INFO] access - ::1 - - "GET /Common/carousel/lun1.jpg HTTP/1.1" 200 414559 "http://localhost:3001/Patient/Home" "Mozilla/5.0 (Macintosh; Intel Mac OS X 10_15_2) AppleWebKit/537.36 (KHTML, like Gecko) Chrome/80.0.3987.132 Safari/537.36"
[2020-04-23T18:29:00.034] [INFO] access - ::1 - - "GET /users/getUser HTTP/1.1" 200 43 "http://localhost:3001/Home" "Mozilla/5.0 (Macintosh; Intel Mac OS X 10_15_2) AppleWebKit/537.36 (KHTML, like Gecko) Chrome/80.0.3987.132 Safari/537.36"
[2020-04-23T18:29:03.216] [INFO] access - ::ffff:127.0.0.1 - - "OPTIONS /graphql HTTP/1.1" 204 - "http://localhost:3001/Patient/Home" "Mozilla/5.0 (Macintosh; Intel Mac OS X 10_15_2) AppleWebKit/537.36 (KHTML, like Gecko) Chrome/80.0.3987.132 Safari/537.36"
[2020-04-23T18:29:03.219] [INFO] access - ::ffff:127.0.0.1 - - "POST /graphql HTTP/1.1" 200 4213 "http://localhost:3001/Patient/Home" "Mozilla/5.0 (Macintosh; Intel Mac OS X 10_15_2) AppleWebKit/537.36 (KHTML, like Gecko) Chrome/80.0.3987.132 Safari/537.36"
[2020-04-23T18:29:03.269] [INFO] access - ::1 - - "GET /patientCase/all HTTP/1.1" 200 6100 "http://localhost:3001/Patient/Home" "Mozilla/5.0 (Macintosh; Intel Mac OS X 10_15_2) AppleWebKit/537.36 (KHTML, like Gecko) Chrome/80.0.3987.132 Safari/537.36"
[2020-04-23T18:29:03.324] [INFO] access - ::1 - - "GET /schedule/today HTTP/1.1" 200 553 "http://localhost:3001/Patient/Home" "Mozilla/5.0 (Macintosh; Intel Mac OS X 10_15_2) AppleWebKit/537.36 (KHTML, like Gecko) Chrome/80.0.3987.132 Safari/537.36"
[2020-04-23T18:29:03.346] [INFO] access - ::1 - - "GET /Common/carousel/lun3.jpg HTTP/1.1" 200 45434 "http://localhost:3001/Patient/Home" "Mozilla/5.0 (Macintosh; Intel Mac OS X 10_15_2) AppleWebKit/537.36 (KHTML, like Gecko) Chrome/80.0.3987.132 Safari/537.36"
[2020-04-23T18:29:03.346] [INFO] access - ::1 - - "GET /Common/carousel/timg.jpeg HTTP/1.1" 200 77897 "http://localhost:3001/Patient/Home" "Mozilla/5.0 (Macintosh; Intel Mac OS X 10_15_2) AppleWebKit/537.36 (KHTML, like Gecko) Chrome/80.0.3987.132 Safari/537.36"
[2020-04-23T18:29:03.354] [INFO] access - ::1 - - "GET /Common/carousel/lun1.jpg HTTP/1.1" 200 414559 "http://localhost:3001/Patient/Home" "Mozilla/5.0 (Macintosh; Intel Mac OS X 10_15_2) AppleWebKit/537.36 (KHTML, like Gecko) Chrome/80.0.3987.132 Safari/537.36"
[2020-04-23T18:30:47.207] [INFO] access - ::ffff:127.0.0.1 - - "OPTIONS /graphql HTTP/1.1" 204 - "http://localhost:3001/Patient/Home" "Mozilla/5.0 (Macintosh; Intel Mac OS X 10_15_2) AppleWebKit/537.36 (KHTML, like Gecko) Chrome/80.0.3987.132 Safari/537.36"
[2020-04-23T18:30:47.211] [INFO] access - ::ffff:127.0.0.1 - - "POST /graphql HTTP/1.1" 200 4213 "http://localhost:3001/Patient/Home" "Mozilla/5.0 (Macintosh; Intel Mac OS X 10_15_2) AppleWebKit/537.36 (KHTML, like Gecko) Chrome/80.0.3987.132 Safari/537.36"
[2020-04-23T18:30:47.277] [INFO] access - ::1 - - "GET /users/getUser HTTP/1.1" 200 43 "http://localhost:3001/Patient/Home" "Mozilla/5.0 (Macintosh; Intel Mac OS X 10_15_2) AppleWebKit/537.36 (KHTML, like Gecko) Chrome/80.0.3987.132 Safari/537.36"
[2020-04-23T18:30:47.290] [INFO] access - ::1 - - "GET /patientCase/all HTTP/1.1" 200 6100 "http://localhost:3001/Patient/Home" "Mozilla/5.0 (Macintosh; Intel Mac OS X 10_15_2) AppleWebKit/537.36 (KHTML, like Gecko) Chrome/80.0.3987.132 Safari/537.36"
[2020-04-23T18:30:47.381] [INFO] access - ::1 - - "GET /schedule/today HTTP/1.1" 200 553 "http://localhost:3001/Patient/Home" "Mozilla/5.0 (Macintosh; Intel Mac OS X 10_15_2) AppleWebKit/537.36 (KHTML, like Gecko) Chrome/80.0.3987.132 Safari/537.36"
[2020-04-23T18:30:47.433] [INFO] access - ::1 - - "GET /Common/carousel/lun3.jpg HTTP/1.1" 200 45434 "http://localhost:3001/Patient/Home" "Mozilla/5.0 (Macintosh; Intel Mac OS X 10_15_2) AppleWebKit/537.36 (KHTML, like Gecko) Chrome/80.0.3987.132 Safari/537.36"
[2020-04-23T18:30:47.434] [INFO] access - ::1 - - "GET /Common/carousel/timg.jpeg HTTP/1.1" 200 77897 "http://localhost:3001/Patient/Home" "Mozilla/5.0 (Macintosh; Intel Mac OS X 10_15_2) AppleWebKit/537.36 (KHTML, like Gecko) Chrome/80.0.3987.132 Safari/537.36"
[2020-04-23T18:30:47.466] [INFO] access - ::1 - - "GET /Common/carousel/lun1.jpg HTTP/1.1" 200 414559 "http://localhost:3001/Patient/Home" "Mozilla/5.0 (Macintosh; Intel Mac OS X 10_15_2) AppleWebKit/537.36 (KHTML, like Gecko) Chrome/80.0.3987.132 Safari/537.36"
[2020-04-23T18:30:49.971] [INFO] access - ::ffff:127.0.0.1 - - "POST /graphql HTTP/1.1" 200 4213 "http://localhost:3001/Patient/Home" "Mozilla/5.0 (Macintosh; Intel Mac OS X 10_15_2) AppleWebKit/537.36 (KHTML, like Gecko) Chrome/80.0.3987.132 Safari/537.36"
[2020-04-23T18:30:50.034] [INFO] access - ::1 - - "GET /users/getUser HTTP/1.1" 200 43 "http://localhost:3001/Patient/Home" "Mozilla/5.0 (Macintosh; Intel Mac OS X 10_15_2) AppleWebKit/537.36 (KHTML, like Gecko) Chrome/80.0.3987.132 Safari/537.36"
[2020-04-23T18:30:50.037] [INFO] access - ::1 - - "GET /patientCase/all HTTP/1.1" 200 6100 "http://localhost:3001/Patient/Home" "Mozilla/5.0 (Macintosh; Intel Mac OS X 10_15_2) AppleWebKit/537.36 (KHTML, like Gecko) Chrome/80.0.3987.132 Safari/537.36"
[2020-04-23T18:30:50.064] [INFO] access - ::1 - - "GET /schedule/today HTTP/1.1" 200 553 "http://localhost:3001/Patient/Home" "Mozilla/5.0 (Macintosh; Intel Mac OS X 10_15_2) AppleWebKit/537.36 (KHTML, like Gecko) Chrome/80.0.3987.132 Safari/537.36"
[2020-04-23T18:30:50.122] [INFO] access - ::1 - - "GET /Common/carousel/lun3.jpg HTTP/1.1" 200 45434 "http://localhost:3001/Patient/Home" "Mozilla/5.0 (Macintosh; Intel Mac OS X 10_15_2) AppleWebKit/537.36 (KHTML, like Gecko) Chrome/80.0.3987.132 Safari/537.36"
[2020-04-23T18:30:50.123] [INFO] access - ::1 - - "GET /Common/carousel/timg.jpeg HTTP/1.1" 200 77897 "http://localhost:3001/Patient/Home" "Mozilla/5.0 (Macintosh; Intel Mac OS X 10_15_2) AppleWebKit/537.36 (KHTML, like Gecko) Chrome/80.0.3987.132 Safari/537.36"
[2020-04-23T18:30:50.126] [INFO] access - ::1 - - "GET /Common/carousel/lun1.jpg HTTP/1.1" 200 414559 "http://localhost:3001/Patient/Home" "Mozilla/5.0 (Macintosh; Intel Mac OS X 10_15_2) AppleWebKit/537.36 (KHTML, like Gecko) Chrome/80.0.3987.132 Safari/537.36"
[2020-04-23T18:33:17.117] [INFO] access - ::ffff:127.0.0.1 - - "OPTIONS /graphql HTTP/1.1" 204 - "http://localhost:3001/Patient/Home" "Mozilla/5.0 (Macintosh; Intel Mac OS X 10_15_2) AppleWebKit/537.36 (KHTML, like Gecko) Chrome/80.0.3987.132 Safari/537.36"
[2020-04-23T18:33:17.121] [INFO] access - ::ffff:127.0.0.1 - - "POST /graphql HTTP/1.1" 200 4213 "http://localhost:3001/Patient/Home" "Mozilla/5.0 (Macintosh; Intel Mac OS X 10_15_2) AppleWebKit/537.36 (KHTML, like Gecko) Chrome/80.0.3987.132 Safari/537.36"
[2020-04-23T18:33:17.196] [INFO] access - ::1 - - "GET /patientCase/all HTTP/1.1" 200 6100 "http://localhost:3001/Patient/Home" "Mozilla/5.0 (Macintosh; Intel Mac OS X 10_15_2) AppleWebKit/537.36 (KHTML, like Gecko) Chrome/80.0.3987.132 Safari/537.36"
[2020-04-23T18:33:17.244] [INFO] access - ::1 - - "GET /schedule/today HTTP/1.1" 200 553 "http://localhost:3001/Patient/Home" "Mozilla/5.0 (Macintosh; Intel Mac OS X 10_15_2) AppleWebKit/537.36 (KHTML, like Gecko) Chrome/80.0.3987.132 Safari/537.36"
[2020-04-23T18:33:18.054] [INFO] access - ::ffff:127.0.0.1 - - "POST /graphql HTTP/1.1" 200 4213 "http://localhost:3001/Patient/Department" "Mozilla/5.0 (Macintosh; Intel Mac OS X 10_15_2) AppleWebKit/537.36 (KHTML, like Gecko) Chrome/80.0.3987.132 Safari/537.36"
[2020-04-23T18:33:18.571] [INFO] access - ::1 - - "GET /admin/department HTTP/1.1" 200 3181 "http://localhost:3001/Patient/DoctorInfo" "Mozilla/5.0 (Macintosh; Intel Mac OS X 10_15_2) AppleWebKit/537.36 (KHTML, like Gecko) Chrome/80.0.3987.132 Safari/537.36"
[2020-04-23T18:33:19.066] [INFO] access - ::ffff:127.0.0.1 - - "POST /graphql HTTP/1.1" 200 4213 "http://localhost:3001/Patient/Guide/Schedule" "Mozilla/5.0 (Macintosh; Intel Mac OS X 10_15_2) AppleWebKit/537.36 (KHTML, like Gecko) Chrome/80.0.3987.132 Safari/537.36"
[2020-04-23T18:33:19.095] [INFO] access - ::1 - - "GET /doctor HTTP/1.1" 200 2585 "http://localhost:3001/Patient/Guide/Schedule" "Mozilla/5.0 (Macintosh; Intel Mac OS X 10_15_2) AppleWebKit/537.36 (KHTML, like Gecko) Chrome/80.0.3987.132 Safari/537.36"
[2020-04-23T18:33:19.155] [INFO] access - ::1 - - "GET /schedule/getScheduleOfPeriod?departmentId=1 HTTP/1.1" 200 1801 "http://localhost:3001/Patient/Guide/Schedule" "Mozilla/5.0 (Macintosh; Intel Mac OS X 10_15_2) AppleWebKit/537.36 (KHTML, like Gecko) Chrome/80.0.3987.132 Safari/537.36"
[2020-04-23T18:33:19.156] [INFO] access - ::1 - - "GET /schedule/getScheduleOfPeriod?departmentId=3 HTTP/1.1" 200 79 "http://localhost:3001/Patient/Guide/Schedule" "Mozilla/5.0 (Macintosh; Intel Mac OS X 10_15_2) AppleWebKit/537.36 (KHTML, like Gecko) Chrome/80.0.3987.132 Safari/537.36"
[2020-04-23T18:33:19.733] [INFO] access - ::ffff:127.0.0.1 - - "POST /graphql HTTP/1.1" 200 4213 "http://localhost:3001/Patient/Atrcle" "Mozilla/5.0 (Macintosh; Intel Mac OS X 10_15_2) AppleWebKit/537.36 (KHTML, like Gecko) Chrome/80.0.3987.132 Safari/537.36"
