[2020-05-14T17:10:29.268] [INFO] access - ::1 - - "GET / HTTP/1.1" 404 - "" "Mozilla/5.0 (Macintosh; Intel Mac OS X 10_15_2) AppleWebKit/537.36 (KHTML, like Gecko) Chrome/81.0.4044.138 Safari/537.36"
[2020-05-14T17:10:33.445] [INFO] access - ::1 - - "GET /users/getUser HTTP/1.1" 200 43 "http://localhost:3001/Home" "Mozilla/5.0 (Macintosh; Intel Mac OS X 10_15_2) AppleWebKit/537.36 (KHTML, like Gecko) Chrome/81.0.4044.138 Safari/537.36"
[2020-05-14T17:28:04.649] [INFO] access - ::1 - - "GET /users/getUser HTTP/1.1" 200 43 "http://localhost:8088/Home" "Mozilla/5.0 (Macintosh; Intel Mac OS X 10_15_2) AppleWebKit/537.36 (KHTML, like Gecko) Chrome/81.0.4044.138 Safari/537.36"
[2020-05-14T17:28:14.650] [INFO] access - ::1 - - "GET /users/getUser HTTP/1.1" 200 43 "http://localhost:8088/Home" "Mozilla/5.0 (Macintosh; Intel Mac OS X 10_13_6) AppleWebKit/537.36 (KHTML, like Gecko) Chrome/74.0.3694.0 Safari/537.36 Chrome-Lighthouse"
[2020-05-14T17:28:21.032] [INFO] access - ::1 - - "GET /users/getUser HTTP/1.1" 200 43 "http://localhost:8088/Home" "Mozilla/5.0 (Macintosh; Intel Mac OS X 10_15_2) AppleWebKit/537.36 (KHTML, like Gecko) Chrome/81.0.4044.138 Safari/537.36"
[2020-05-14T17:28:50.837] [INFO] access - ::ffff:127.0.0.1 - - "OPTIONS /graphql HTTP/1.1" 204 - "http://localhost:8088/Patient/Home" "Mozilla/5.0 (Macintosh; Intel Mac OS X 10_15_2) AppleWebKit/537.36 (KHTML, like Gecko) Chrome/81.0.4044.138 Safari/537.36"
[2020-05-14T17:28:50.850] [INFO] access - ::ffff:127.0.0.1 - - "POST /graphql HTTP/1.1" 200 4998 "http://localhost:8088/Patient/Home" "Mozilla/5.0 (Macintosh; Intel Mac OS X 10_15_2) AppleWebKit/537.36 (KHTML, like Gecko) Chrome/81.0.4044.138 Safari/537.36"
[2020-05-14T17:28:50.934] [INFO] access - ::1 - - "GET /patientCase/all HTTP/1.1" 200 7795 "http://localhost:8088/Patient/Home" "Mozilla/5.0 (Macintosh; Intel Mac OS X 10_15_2) AppleWebKit/537.36 (KHTML, like Gecko) Chrome/81.0.4044.138 Safari/537.36"
[2020-05-14T17:28:50.962] [INFO] access - ::1 - - "GET /Common/carousel/lun3.jpg HTTP/1.1" 200 45434 "http://localhost:8088/Patient/Home" "Mozilla/5.0 (Macintosh; Intel Mac OS X 10_15_2) AppleWebKit/537.36 (KHTML, like Gecko) Chrome/81.0.4044.138 Safari/537.36"
[2020-05-14T17:28:50.964] [INFO] access - ::1 - - "GET /Common/carousel/timg.jpeg HTTP/1.1" 200 77897 "http://localhost:8088/Patient/Home" "Mozilla/5.0 (Macintosh; Intel Mac OS X 10_15_2) AppleWebKit/537.36 (KHTML, like Gecko) Chrome/81.0.4044.138 Safari/537.36"
[2020-05-14T17:28:50.965] [INFO] access - ::1 - - "GET /Common/carousel/timg%20(2)%E7%9A%84%E5%89%AF%E6%9C%AC.jpeg HTTP/1.1" 200 81718 "http://localhost:8088/Patient/Home" "Mozilla/5.0 (Macintosh; Intel Mac OS X 10_15_2) AppleWebKit/537.36 (KHTML, like Gecko) Chrome/81.0.4044.138 Safari/537.36"
[2020-05-14T17:28:50.965] [INFO] access - ::1 - - "GET /Common/carousel/lun1.jpg HTTP/1.1" 200 414559 "http://localhost:8088/Patient/Home" "Mozilla/5.0 (Macintosh; Intel Mac OS X 10_15_2) AppleWebKit/537.36 (KHTML, like Gecko) Chrome/81.0.4044.138 Safari/537.36"
[2020-05-14T17:28:52.738] [INFO] access - ::ffff:127.0.0.1 - - "POST /graphql HTTP/1.1" 200 4998 "http://localhost:8088/Patient/Order" "Mozilla/5.0 (Macintosh; Intel Mac OS X 10_15_2) AppleWebKit/537.36 (KHTML, like Gecko) Chrome/81.0.4044.138 Safari/537.36"
[2020-05-14T17:28:53.461] [INFO] access - ::ffff:127.0.0.1 - - "POST /graphql HTTP/1.1" 200 4998 "http://localhost:8088/Patient/Department" "Mozilla/5.0 (Macintosh; Intel Mac OS X 10_15_2) AppleWebKit/537.36 (KHTML, like Gecko) Chrome/81.0.4044.138 Safari/537.36"
[2020-05-14T17:28:54.459] [INFO] access - ::ffff:127.0.0.1 - - "POST /graphql HTTP/1.1" 200 4998 "http://localhost:8088/Patient/DepartmentItem/1" "Mozilla/5.0 (Macintosh; Intel Mac OS X 10_15_2) AppleWebKit/537.36 (KHTML, like Gecko) Chrome/81.0.4044.138 Safari/537.36"
[2020-05-14T17:28:54.523] [INFO] access - ::1 - - "GET /doctor HTTP/1.1" 200 3048 "http://localhost:8088/Patient/DepartmentItem/1" "Mozilla/5.0 (Macintosh; Intel Mac OS X 10_15_2) AppleWebKit/537.36 (KHTML, like Gecko) Chrome/81.0.4044.138 Safari/537.36"
[2020-05-14T17:29:29.742] [INFO] access - ::1 - - "GET /users/getUser HTTP/1.1" 200 43 "http://localhost:8088/Home" "Mozilla/5.0 (Macintosh; Intel Mac OS X 10_15_2) AppleWebKit/537.36 (KHTML, like Gecko) Chrome/81.0.4044.138 Safari/537.36"
[2020-05-14T17:29:30.920] [INFO] access - ::ffff:127.0.0.1 - - "OPTIONS /graphql HTTP/1.1" 204 - "http://localhost:8088/Patient/Home" "Mozilla/5.0 (Macintosh; Intel Mac OS X 10_15_2) AppleWebKit/537.36 (KHTML, like Gecko) Chrome/81.0.4044.138 Safari/537.36"
[2020-05-14T17:29:30.951] [INFO] access - ::ffff:127.0.0.1 - - "POST /graphql HTTP/1.1" 200 4998 "http://localhost:8088/Patient/Home" "Mozilla/5.0 (Macintosh; Intel Mac OS X 10_15_2) AppleWebKit/537.36 (KHTML, like Gecko) Chrome/81.0.4044.138 Safari/537.36"
[2020-05-14T17:29:30.982] [INFO] access - ::1 - - "GET /patientCase/all HTTP/1.1" 200 7795 "http://localhost:8088/Patient/Home" "Mozilla/5.0 (Macintosh; Intel Mac OS X 10_15_2) AppleWebKit/537.36 (KHTML, like Gecko) Chrome/81.0.4044.138 Safari/537.36"
[2020-05-14T17:29:31.022] [INFO] access - ::1 - - "GET /schedule/today HTTP/1.1" 200 553 "http://localhost:8088/Patient/Home" "Mozilla/5.0 (Macintosh; Intel Mac OS X 10_15_2) AppleWebKit/537.36 (KHTML, like Gecko) Chrome/81.0.4044.138 Safari/537.36"
[2020-05-14T17:29:31.033] [INFO] access - ::1 - - "GET /Common/carousel/lun3.jpg HTTP/1.1" 200 45434 "http://localhost:8088/Patient/Home" "Mozilla/5.0 (Macintosh; Intel Mac OS X 10_15_2) AppleWebKit/537.36 (KHTML, like Gecko) Chrome/81.0.4044.138 Safari/537.36"
[2020-05-14T17:29:31.034] [INFO] access - ::1 - - "GET /Common/carousel/timg.jpeg HTTP/1.1" 200 77897 "http://localhost:8088/Patient/Home" "Mozilla/5.0 (Macintosh; Intel Mac OS X 10_15_2) AppleWebKit/537.36 (KHTML, like Gecko) Chrome/81.0.4044.138 Safari/537.36"
[2020-05-14T17:29:31.034] [INFO] access - ::1 - - "GET /Common/carousel/timg%20(2)%E7%9A%84%E5%89%AF%E6%9C%AC.jpeg HTTP/1.1" 200 81718 "http://localhost:8088/Patient/Home" "Mozilla/5.0 (Macintosh; Intel Mac OS X 10_15_2) AppleWebKit/537.36 (KHTML, like Gecko) Chrome/81.0.4044.138 Safari/537.36"
[2020-05-14T17:29:31.035] [INFO] access - ::1 - - "GET /Common/carousel/lun1.jpg HTTP/1.1" 200 414559 "http://localhost:8088/Patient/Home" "Mozilla/5.0 (Macintosh; Intel Mac OS X 10_15_2) AppleWebKit/537.36 (KHTML, like Gecko) Chrome/81.0.4044.138 Safari/537.36"
[2020-05-14T17:29:31.995] [INFO] access - ::ffff:127.0.0.1 - - "POST /graphql HTTP/1.1" 200 4998 "http://localhost:8088/Patient/Order" "Mozilla/5.0 (Macintosh; Intel Mac OS X 10_15_2) AppleWebKit/537.36 (KHTML, like Gecko) Chrome/81.0.4044.138 Safari/537.36"
[2020-05-14T17:29:45.717] [INFO] access - ::1 - - "GET /users/getUser HTTP/1.1" 200 43 "http://localhost:8088/Home" "Mozilla/5.0 (Macintosh; Intel Mac OS X 10_15_2) AppleWebKit/537.36 (KHTML, like Gecko) Chrome/81.0.4044.138 Safari/537.36"
[2020-05-14T17:29:47.153] [INFO] access - ::ffff:127.0.0.1 - - "OPTIONS /graphql HTTP/1.1" 204 - "http://localhost:8088/Patient/Home" "Mozilla/5.0 (Macintosh; Intel Mac OS X 10_15_2) AppleWebKit/537.36 (KHTML, like Gecko) Chrome/81.0.4044.138 Safari/537.36"
[2020-05-14T17:29:47.157] [INFO] access - ::ffff:127.0.0.1 - - "POST /graphql HTTP/1.1" 200 4998 "http://localhost:8088/Patient/Home" "Mozilla/5.0 (Macintosh; Intel Mac OS X 10_15_2) AppleWebKit/537.36 (KHTML, like Gecko) Chrome/81.0.4044.138 Safari/537.36"
[2020-05-14T17:29:47.195] [INFO] access - ::1 - - "GET /patientCase/all HTTP/1.1" 200 7795 "http://localhost:8088/Patient/Home" "Mozilla/5.0 (Macintosh; Intel Mac OS X 10_15_2) AppleWebKit/537.36 (KHTML, like Gecko) Chrome/81.0.4044.138 Safari/537.36"
[2020-05-14T17:29:47.230] [INFO] access - ::1 - - "GET /schedule/today HTTP/1.1" 200 553 "http://localhost:8088/Patient/Home" "Mozilla/5.0 (Macintosh; Intel Mac OS X 10_15_2) AppleWebKit/537.36 (KHTML, like Gecko) Chrome/81.0.4044.138 Safari/537.36"
[2020-05-14T17:29:47.252] [INFO] access - ::1 - - "GET /Common/carousel/lun3.jpg HTTP/1.1" 200 45434 "http://localhost:8088/Patient/Home" "Mozilla/5.0 (Macintosh; Intel Mac OS X 10_15_2) AppleWebKit/537.36 (KHTML, like Gecko) Chrome/81.0.4044.138 Safari/537.36"
[2020-05-14T17:29:47.253] [INFO] access - ::1 - - "GET /Common/carousel/timg.jpeg HTTP/1.1" 200 77897 "http://localhost:8088/Patient/Home" "Mozilla/5.0 (Macintosh; Intel Mac OS X 10_15_2) AppleWebKit/537.36 (KHTML, like Gecko) Chrome/81.0.4044.138 Safari/537.36"
[2020-05-14T17:29:47.253] [INFO] access - ::1 - - "GET /Common/carousel/timg%20(2)%E7%9A%84%E5%89%AF%E6%9C%AC.jpeg HTTP/1.1" 200 81718 "http://localhost:8088/Patient/Home" "Mozilla/5.0 (Macintosh; Intel Mac OS X 10_15_2) AppleWebKit/537.36 (KHTML, like Gecko) Chrome/81.0.4044.138 Safari/537.36"
[2020-05-14T17:29:47.253] [INFO] access - ::1 - - "GET /Common/carousel/lun1.jpg HTTP/1.1" 200 414559 "http://localhost:8088/Patient/Home" "Mozilla/5.0 (Macintosh; Intel Mac OS X 10_15_2) AppleWebKit/537.36 (KHTML, like Gecko) Chrome/81.0.4044.138 Safari/537.36"
[2020-05-14T17:29:49.291] [INFO] access - ::ffff:127.0.0.1 - - "POST /graphql HTTP/1.1" 200 4998 "http://localhost:8088/Patient/Order" "Mozilla/5.0 (Macintosh; Intel Mac OS X 10_15_2) AppleWebKit/537.36 (KHTML, like Gecko) Chrome/81.0.4044.138 Safari/537.36"
[2020-05-14T17:29:50.338] [INFO] access - ::1 - - "GET /users/captcha HTTP/1.1" 200 3458 "http://localhost:8088/Patient/Order" "Mozilla/5.0 (Macintosh; Intel Mac OS X 10_15_2) AppleWebKit/537.36 (KHTML, like Gecko) Chrome/81.0.4044.138 Safari/537.36"
[2020-05-14T17:30:02.192] [INFO] access - ::1 - - "POST /users/login HTTP/1.1" 200 567 "http://localhost:8088/Patient/Order" "Mozilla/5.0 (Macintosh; Intel Mac OS X 10_15_2) AppleWebKit/537.36 (KHTML, like Gecko) Chrome/81.0.4044.138 Safari/537.36"
[2020-05-14T17:30:02.232] [INFO] access - ::1 - - "GET /Patient/Avatar/XX0szko2.jpeg HTTP/1.1" 200 13039 "http://localhost:8088/Patient/Order" "Mozilla/5.0 (Macintosh; Intel Mac OS X 10_15_2) AppleWebKit/537.36 (KHTML, like Gecko) Chrome/81.0.4044.138 Safari/537.36"
[2020-05-14T17:30:05.547] [INFO] access - ::ffff:127.0.0.1 - - "OPTIONS /graphql HTTP/1.1" 204 - "http://localhost:8088/Patient/Department" "Mozilla/5.0 (Macintosh; Intel Mac OS X 10_15_2) AppleWebKit/537.36 (KHTML, like Gecko) Chrome/81.0.4044.138 Safari/537.36"
[2020-05-14T17:30:05.552] [INFO] access - ::ffff:127.0.0.1 - - "POST /graphql HTTP/1.1" 200 4998 "http://localhost:8088/Patient/Department" "Mozilla/5.0 (Macintosh; Intel Mac OS X 10_15_2) AppleWebKit/537.36 (KHTML, like Gecko) Chrome/81.0.4044.138 Safari/537.36"
[2020-05-14T17:30:06.170] [INFO] access - ::1 - - "OPTIONS /admin/department HTTP/1.1" 204 - "http://localhost:8088/Patient/DoctorInfo" "Mozilla/5.0 (Macintosh; Intel Mac OS X 10_15_2) AppleWebKit/537.36 (KHTML, like Gecko) Chrome/81.0.4044.138 Safari/537.36"
[2020-05-14T17:30:06.199] [INFO] access - ::1 - - "GET /admin/department HTTP/1.1" 200 3861 "http://localhost:8088/Patient/DoctorInfo" "Mozilla/5.0 (Macintosh; Intel Mac OS X 10_15_2) AppleWebKit/537.36 (KHTML, like Gecko) Chrome/81.0.4044.138 Safari/537.36"
[2020-05-14T17:30:07.273] [INFO] access - ::ffff:127.0.0.1 - - "POST /graphql HTTP/1.1" 200 4998 "http://localhost:8088/Patient/Guide/Schedule" "Mozilla/5.0 (Macintosh; Intel Mac OS X 10_15_2) AppleWebKit/537.36 (KHTML, like Gecko) Chrome/81.0.4044.138 Safari/537.36"
[2020-05-14T17:30:07.288] [INFO] access - ::1 - - "OPTIONS /doctor HTTP/1.1" 204 - "http://localhost:8088/Patient/Guide/Schedule" "Mozilla/5.0 (Macintosh; Intel Mac OS X 10_15_2) AppleWebKit/537.36 (KHTML, like Gecko) Chrome/81.0.4044.138 Safari/537.36"
[2020-05-14T17:30:07.295] [INFO] access - ::1 - - "GET /doctor HTTP/1.1" 200 3048 "http://localhost:8088/Patient/Guide/Schedule" "Mozilla/5.0 (Macintosh; Intel Mac OS X 10_15_2) AppleWebKit/537.36 (KHTML, like Gecko) Chrome/81.0.4044.138 Safari/537.36"
[2020-05-14T17:30:07.325] [INFO] access - ::1 - - "OPTIONS /schedule/getScheduleOfPeriod?departmentId=1 HTTP/1.1" 204 - "http://localhost:8088/Patient/Guide/Schedule" "Mozilla/5.0 (Macintosh; Intel Mac OS X 10_15_2) AppleWebKit/537.36 (KHTML, like Gecko) Chrome/81.0.4044.138 Safari/537.36"
[2020-05-14T17:30:07.327] [INFO] access - ::1 - - "OPTIONS /schedule/getScheduleOfPeriod?departmentId=3 HTTP/1.1" 204 - "http://localhost:8088/Patient/Guide/Schedule" "Mozilla/5.0 (Macintosh; Intel Mac OS X 10_15_2) AppleWebKit/537.36 (KHTML, like Gecko) Chrome/81.0.4044.138 Safari/537.36"
[2020-05-14T17:30:07.328] [INFO] access - ::1 - - "OPTIONS /schedule/getScheduleOfPeriod?departmentId=4 HTTP/1.1" 204 - "http://localhost:8088/Patient/Guide/Schedule" "Mozilla/5.0 (Macintosh; Intel Mac OS X 10_15_2) AppleWebKit/537.36 (KHTML, like Gecko) Chrome/81.0.4044.138 Safari/537.36"
[2020-05-14T17:30:07.351] [INFO] access - ::1 - - "GET /schedule/getScheduleOfPeriod?departmentId=1 HTTP/1.1" 200 653 "http://localhost:8088/Patient/Guide/Schedule" "Mozilla/5.0 (Macintosh; Intel Mac OS X 10_15_2) AppleWebKit/537.36 (KHTML, like Gecko) Chrome/81.0.4044.138 Safari/537.36"
[2020-05-14T17:30:07.357] [INFO] access - ::1 - - "GET /schedule/getScheduleOfPeriod?departmentId=3 HTTP/1.1" 200 79 "http://localhost:8088/Patient/Guide/Schedule" "Mozilla/5.0 (Macintosh; Intel Mac OS X 10_15_2) AppleWebKit/537.36 (KHTML, like Gecko) Chrome/81.0.4044.138 Safari/537.36"
[2020-05-14T17:30:07.359] [INFO] access - ::1 - - "GET /schedule/getScheduleOfPeriod?departmentId=4 HTTP/1.1" 200 79 "http://localhost:8088/Patient/Guide/Schedule" "Mozilla/5.0 (Macintosh; Intel Mac OS X 10_15_2) AppleWebKit/537.36 (KHTML, like Gecko) Chrome/81.0.4044.138 Safari/537.36"
[2020-05-14T17:30:08.995] [INFO] access - ::ffff:127.0.0.1 - - "POST /graphql HTTP/1.1" 200 2594 "http://localhost:8088/Patient/Guide/Info" "Mozilla/5.0 (Macintosh; Intel Mac OS X 10_15_2) AppleWebKit/537.36 (KHTML, like Gecko) Chrome/81.0.4044.138 Safari/537.36"
[2020-05-14T17:35:23.018] [INFO] access - ::1 - - "OPTIONS /users/getUser HTTP/1.1" 204 - "http://localhost:8088/Home" "Mozilla/5.0 (Macintosh; Intel Mac OS X 10_15_2) AppleWebKit/537.36 (KHTML, like Gecko) Chrome/81.0.4044.138 Safari/537.36"
[2020-05-14T17:35:23.024] [INFO] access - ::1 - - "GET /users/getUser HTTP/1.1" 200 547 "http://localhost:8088/Home" "Mozilla/5.0 (Macintosh; Intel Mac OS X 10_15_2) AppleWebKit/537.36 (KHTML, like Gecko) Chrome/81.0.4044.138 Safari/537.36"
[2020-05-14T17:35:24.542] [INFO] access - ::ffff:127.0.0.1 - - "OPTIONS /graphql HTTP/1.1" 204 - "http://localhost:8088/Patient/Home" "Mozilla/5.0 (Macintosh; Intel Mac OS X 10_15_2) AppleWebKit/537.36 (KHTML, like Gecko) Chrome/81.0.4044.138 Safari/537.36"
[2020-05-14T17:35:24.546] [INFO] access - ::ffff:127.0.0.1 - - "POST /graphql HTTP/1.1" 200 4998 "http://localhost:8088/Patient/Home" "Mozilla/5.0 (Macintosh; Intel Mac OS X 10_15_2) AppleWebKit/537.36 (KHTML, like Gecko) Chrome/81.0.4044.138 Safari/537.36"
[2020-05-14T17:35:24.573] [INFO] access - ::1 - - "GET /Patient/Avatar/XX0szko2.jpeg HTTP/1.1" 200 13039 "http://localhost:8088/Patient/Home" "Mozilla/5.0 (Macintosh; Intel Mac OS X 10_15_2) AppleWebKit/537.36 (KHTML, like Gecko) Chrome/81.0.4044.138 Safari/537.36"
[2020-05-14T17:35:24.576] [INFO] access - ::1 - - "OPTIONS /patientCase/all HTTP/1.1" 204 - "http://localhost:8088/Patient/Home" "Mozilla/5.0 (Macintosh; Intel Mac OS X 10_15_2) AppleWebKit/537.36 (KHTML, like Gecko) Chrome/81.0.4044.138 Safari/537.36"
[2020-05-14T17:35:24.584] [INFO] access - ::1 - - "GET /patientCase/all HTTP/1.1" 200 7795 "http://localhost:8088/Patient/Home" "Mozilla/5.0 (Macintosh; Intel Mac OS X 10_15_2) AppleWebKit/537.36 (KHTML, like Gecko) Chrome/81.0.4044.138 Safari/537.36"
[2020-05-14T17:35:24.618] [INFO] access - ::1 - - "OPTIONS /schedule/today HTTP/1.1" 204 - "http://localhost:8088/Patient/Home" "Mozilla/5.0 (Macintosh; Intel Mac OS X 10_15_2) AppleWebKit/537.36 (KHTML, like Gecko) Chrome/81.0.4044.138 Safari/537.36"
[2020-05-14T17:35:24.624] [INFO] access - ::1 - - "GET /schedule/today HTTP/1.1" 200 553 "http://localhost:8088/Patient/Home" "Mozilla/5.0 (Macintosh; Intel Mac OS X 10_15_2) AppleWebKit/537.36 (KHTML, like Gecko) Chrome/81.0.4044.138 Safari/537.36"
[2020-05-14T17:35:24.643] [INFO] access - ::1 - - "GET /Common/carousel/lun3.jpg HTTP/1.1" 200 45434 "http://localhost:8088/Patient/Home" "Mozilla/5.0 (Macintosh; Intel Mac OS X 10_15_2) AppleWebKit/537.36 (KHTML, like Gecko) Chrome/81.0.4044.138 Safari/537.36"
[2020-05-14T17:35:24.644] [INFO] access - ::1 - - "GET /Common/carousel/timg.jpeg HTTP/1.1" 200 77897 "http://localhost:8088/Patient/Home" "Mozilla/5.0 (Macintosh; Intel Mac OS X 10_15_2) AppleWebKit/537.36 (KHTML, like Gecko) Chrome/81.0.4044.138 Safari/537.36"
[2020-05-14T17:35:24.644] [INFO] access - ::1 - - "GET /Common/carousel/timg%20(2)%E7%9A%84%E5%89%AF%E6%9C%AC.jpeg HTTP/1.1" 200 81718 "http://localhost:8088/Patient/Home" "Mozilla/5.0 (Macintosh; Intel Mac OS X 10_15_2) AppleWebKit/537.36 (KHTML, like Gecko) Chrome/81.0.4044.138 Safari/537.36"
[2020-05-14T17:35:24.644] [INFO] access - ::1 - - "GET /Common/carousel/lun1.jpg HTTP/1.1" 200 414559 "http://localhost:8088/Patient/Home" "Mozilla/5.0 (Macintosh; Intel Mac OS X 10_15_2) AppleWebKit/537.36 (KHTML, like Gecko) Chrome/81.0.4044.138 Safari/537.36"
[2020-05-14T17:35:33.766] [INFO] access - ::1 - - "OPTIONS /users/getUser HTTP/1.1" 204 - "http://localhost:8088/Home" "Mozilla/5.0 (Macintosh; Intel Mac OS X 10_15_2) AppleWebKit/537.36 (KHTML, like Gecko) Chrome/81.0.4044.138 Safari/537.36"
[2020-05-14T17:35:33.769] [INFO] access - ::1 - - "GET /users/getUser HTTP/1.1" 200 547 "http://localhost:8088/Home" "Mozilla/5.0 (Macintosh; Intel Mac OS X 10_15_2) AppleWebKit/537.36 (KHTML, like Gecko) Chrome/81.0.4044.138 Safari/537.36"
[2020-05-14T17:39:39.496] [INFO] access - ::ffff:127.0.0.1 - - "OPTIONS /graphql HTTP/1.1" 204 - "http://localhost:8088/Patient/Home" "Mozilla/5.0 (Macintosh; Intel Mac OS X 10_15_2) AppleWebKit/537.36 (KHTML, like Gecko) Chrome/81.0.4044.138 Safari/537.36"
[2020-05-14T17:39:39.499] [INFO] access - ::ffff:127.0.0.1 - - "POST /graphql HTTP/1.1" 200 4998 "http://localhost:8088/Patient/Home" "Mozilla/5.0 (Macintosh; Intel Mac OS X 10_15_2) AppleWebKit/537.36 (KHTML, like Gecko) Chrome/81.0.4044.138 Safari/537.36"
[2020-05-14T17:39:39.527] [INFO] access - ::1 - - "GET /Patient/Avatar/XX0szko2.jpeg HTTP/1.1" 200 13039 "http://localhost:8088/Patient/Home" "Mozilla/5.0 (Macintosh; Intel Mac OS X 10_15_2) AppleWebKit/537.36 (KHTML, like Gecko) Chrome/81.0.4044.138 Safari/537.36"
[2020-05-14T17:39:39.529] [INFO] access - ::1 - - "OPTIONS /patientCase/all HTTP/1.1" 204 - "http://localhost:8088/Patient/Home" "Mozilla/5.0 (Macintosh; Intel Mac OS X 10_15_2) AppleWebKit/537.36 (KHTML, like Gecko) Chrome/81.0.4044.138 Safari/537.36"
[2020-05-14T17:39:39.540] [INFO] access - ::1 - - "GET /patientCase/all HTTP/1.1" 200 7795 "http://localhost:8088/Patient/Home" "Mozilla/5.0 (Macintosh; Intel Mac OS X 10_15_2) AppleWebKit/537.36 (KHTML, like Gecko) Chrome/81.0.4044.138 Safari/537.36"
[2020-05-14T17:39:39.570] [INFO] access - ::1 - - "OPTIONS /schedule/today HTTP/1.1" 204 - "http://localhost:8088/Patient/Home" "Mozilla/5.0 (Macintosh; Intel Mac OS X 10_15_2) AppleWebKit/537.36 (KHTML, like Gecko) Chrome/81.0.4044.138 Safari/537.36"
[2020-05-14T17:39:39.576] [INFO] access - ::1 - - "GET /schedule/today HTTP/1.1" 200 553 "http://localhost:8088/Patient/Home" "Mozilla/5.0 (Macintosh; Intel Mac OS X 10_15_2) AppleWebKit/537.36 (KHTML, like Gecko) Chrome/81.0.4044.138 Safari/537.36"
[2020-05-14T17:39:39.596] [INFO] access - ::1 - - "GET /Common/carousel/lun3.jpg HTTP/1.1" 200 45434 "http://localhost:8088/Patient/Home" "Mozilla/5.0 (Macintosh; Intel Mac OS X 10_15_2) AppleWebKit/537.36 (KHTML, like Gecko) Chrome/81.0.4044.138 Safari/537.36"
[2020-05-14T17:39:39.599] [INFO] access - ::1 - - "GET /Common/carousel/timg%20(2)%E7%9A%84%E5%89%AF%E6%9C%AC.jpeg HTTP/1.1" 200 81718 "http://localhost:8088/Patient/Home" "Mozilla/5.0 (Macintosh; Intel Mac OS X 10_15_2) AppleWebKit/537.36 (KHTML, like Gecko) Chrome/81.0.4044.138 Safari/537.36"
[2020-05-14T17:39:39.599] [INFO] access - ::1 - - "GET /Common/carousel/timg.jpeg HTTP/1.1" 200 77897 "http://localhost:8088/Patient/Home" "Mozilla/5.0 (Macintosh; Intel Mac OS X 10_15_2) AppleWebKit/537.36 (KHTML, like Gecko) Chrome/81.0.4044.138 Safari/537.36"
[2020-05-14T17:39:39.599] [INFO] access - ::1 - - "GET /Common/carousel/lun1.jpg HTTP/1.1" 200 414559 "http://localhost:8088/Patient/Home" "Mozilla/5.0 (Macintosh; Intel Mac OS X 10_15_2) AppleWebKit/537.36 (KHTML, like Gecko) Chrome/81.0.4044.138 Safari/537.36"
[2020-05-14T17:39:40.769] [INFO] access - ::ffff:127.0.0.1 - - "POST /graphql HTTP/1.1" 200 4998 "http://localhost:8088/Patient/Department" "Mozilla/5.0 (Macintosh; Intel Mac OS X 10_15_2) AppleWebKit/537.36 (KHTML, like Gecko) Chrome/81.0.4044.138 Safari/537.36"
[2020-05-14T17:39:41.587] [INFO] access - ::1 - - "OPTIONS /admin/department HTTP/1.1" 204 - "http://localhost:8088/Patient/DoctorInfo" "Mozilla/5.0 (Macintosh; Intel Mac OS X 10_15_2) AppleWebKit/537.36 (KHTML, like Gecko) Chrome/81.0.4044.138 Safari/537.36"
[2020-05-14T17:39:41.600] [INFO] access - ::1 - - "GET /admin/department HTTP/1.1" 200 3861 "http://localhost:8088/Patient/DoctorInfo" "Mozilla/5.0 (Macintosh; Intel Mac OS X 10_15_2) AppleWebKit/537.36 (KHTML, like Gecko) Chrome/81.0.4044.138 Safari/537.36"
[2020-05-14T17:39:42.605] [INFO] access - ::ffff:127.0.0.1 - - "POST /graphql HTTP/1.1" 200 4998 "http://localhost:8088/Patient/DoctorItem/ez9uxyssbCOr" "Mozilla/5.0 (Macintosh; Intel Mac OS X 10_15_2) AppleWebKit/537.36 (KHTML, like Gecko) Chrome/81.0.4044.138 Safari/537.36"
[2020-05-14T17:39:42.615] [INFO] access - ::1 - - "GET / HTTP/1.1" 404 - "http://localhost:8088/Patient/DoctorItem/ez9uxyssbCOr" "Mozilla/5.0 (Macintosh; Intel Mac OS X 10_15_2) AppleWebKit/537.36 (KHTML, like Gecko) Chrome/81.0.4044.138 Safari/537.36"
[2020-05-14T17:39:57.220] [INFO] access - ::1 - - "OPTIONS /users/getUser HTTP/1.1" 204 - "http://localhost:8088/Home" "Mozilla/5.0 (Macintosh; Intel Mac OS X 10_15_2) AppleWebKit/537.36 (KHTML, like Gecko) Chrome/81.0.4044.138 Safari/537.36"
[2020-05-14T17:39:57.223] [INFO] access - ::1 - - "GET /users/getUser HTTP/1.1" 200 547 "http://localhost:8088/Home" "Mozilla/5.0 (Macintosh; Intel Mac OS X 10_15_2) AppleWebKit/537.36 (KHTML, like Gecko) Chrome/81.0.4044.138 Safari/537.36"
[2020-05-14T17:39:58.666] [INFO] access - ::ffff:127.0.0.1 - - "OPTIONS /graphql HTTP/1.1" 204 - "http://localhost:8088/Patient/Home" "Mozilla/5.0 (Macintosh; Intel Mac OS X 10_15_2) AppleWebKit/537.36 (KHTML, like Gecko) Chrome/81.0.4044.138 Safari/537.36"
[2020-05-14T17:39:58.672] [INFO] access - ::ffff:127.0.0.1 - - "POST /graphql HTTP/1.1" 200 4998 "http://localhost:8088/Patient/Home" "Mozilla/5.0 (Macintosh; Intel Mac OS X 10_15_2) AppleWebKit/537.36 (KHTML, like Gecko) Chrome/81.0.4044.138 Safari/537.36"
[2020-05-14T17:39:58.698] [INFO] access - ::1 - - "GET /Patient/Avatar/XX0szko2.jpeg HTTP/1.1" 200 13039 "http://localhost:8088/Patient/Home" "Mozilla/5.0 (Macintosh; Intel Mac OS X 10_15_2) AppleWebKit/537.36 (KHTML, like Gecko) Chrome/81.0.4044.138 Safari/537.36"
[2020-05-14T17:39:58.701] [INFO] access - ::1 - - "OPTIONS /patientCase/all HTTP/1.1" 204 - "http://localhost:8088/Patient/Home" "Mozilla/5.0 (Macintosh; Intel Mac OS X 10_15_2) AppleWebKit/537.36 (KHTML, like Gecko) Chrome/81.0.4044.138 Safari/537.36"
[2020-05-14T17:39:58.711] [INFO] access - ::1 - - "GET /patientCase/all HTTP/1.1" 200 7795 "http://localhost:8088/Patient/Home" "Mozilla/5.0 (Macintosh; Intel Mac OS X 10_15_2) AppleWebKit/537.36 (KHTML, like Gecko) Chrome/81.0.4044.138 Safari/537.36"
[2020-05-14T17:39:58.742] [INFO] access - ::1 - - "OPTIONS /schedule/today HTTP/1.1" 204 - "http://localhost:8088/Patient/Home" "Mozilla/5.0 (Macintosh; Intel Mac OS X 10_15_2) AppleWebKit/537.36 (KHTML, like Gecko) Chrome/81.0.4044.138 Safari/537.36"
[2020-05-14T17:39:58.746] [INFO] access - ::1 - - "GET /schedule/today HTTP/1.1" 200 553 "http://localhost:8088/Patient/Home" "Mozilla/5.0 (Macintosh; Intel Mac OS X 10_15_2) AppleWebKit/537.36 (KHTML, like Gecko) Chrome/81.0.4044.138 Safari/537.36"
[2020-05-14T17:39:58.769] [INFO] access - ::1 - - "GET /Common/carousel/lun3.jpg HTTP/1.1" 200 45434 "http://localhost:8088/Patient/Home" "Mozilla/5.0 (Macintosh; Intel Mac OS X 10_15_2) AppleWebKit/537.36 (KHTML, like Gecko) Chrome/81.0.4044.138 Safari/537.36"
[2020-05-14T17:39:58.770] [INFO] access - ::1 - - "GET /Common/carousel/timg.jpeg HTTP/1.1" 200 77897 "http://localhost:8088/Patient/Home" "Mozilla/5.0 (Macintosh; Intel Mac OS X 10_15_2) AppleWebKit/537.36 (KHTML, like Gecko) Chrome/81.0.4044.138 Safari/537.36"
[2020-05-14T17:39:58.770] [INFO] access - ::1 - - "GET /Common/carousel/lun1.jpg HTTP/1.1" 200 414559 "http://localhost:8088/Patient/Home" "Mozilla/5.0 (Macintosh; Intel Mac OS X 10_15_2) AppleWebKit/537.36 (KHTML, like Gecko) Chrome/81.0.4044.138 Safari/537.36"
[2020-05-14T17:39:58.770] [INFO] access - ::1 - - "GET /Common/carousel/timg%20(2)%E7%9A%84%E5%89%AF%E6%9C%AC.jpeg HTTP/1.1" 200 81718 "http://localhost:8088/Patient/Home" "Mozilla/5.0 (Macintosh; Intel Mac OS X 10_15_2) AppleWebKit/537.36 (KHTML, like Gecko) Chrome/81.0.4044.138 Safari/537.36"
[2020-05-14T17:40:00.206] [INFO] access - ::1 - - "OPTIONS /admin/department HTTP/1.1" 204 - "http://localhost:8088/Patient/DoctorInfo" "Mozilla/5.0 (Macintosh; Intel Mac OS X 10_15_2) AppleWebKit/537.36 (KHTML, like Gecko) Chrome/81.0.4044.138 Safari/537.36"
[2020-05-14T17:40:00.217] [INFO] access - ::1 - - "GET /admin/department HTTP/1.1" 200 3861 "http://localhost:8088/Patient/DoctorInfo" "Mozilla/5.0 (Macintosh; Intel Mac OS X 10_15_2) AppleWebKit/537.36 (KHTML, like Gecko) Chrome/81.0.4044.138 Safari/537.36"
[2020-05-14T17:40:01.292] [INFO] access - ::ffff:127.0.0.1 - - "POST /graphql HTTP/1.1" 200 4998 "http://localhost:8088/Patient/DoctorItem/ez9uxyssbCOr" "Mozilla/5.0 (Macintosh; Intel Mac OS X 10_15_2) AppleWebKit/537.36 (KHTML, like Gecko) Chrome/81.0.4044.138 Safari/537.36"
[2020-05-14T17:40:01.302] [INFO] access - ::1 - - "GET / HTTP/1.1" 404 - "http://localhost:8088/Patient/DoctorItem/ez9uxyssbCOr" "Mozilla/5.0 (Macintosh; Intel Mac OS X 10_15_2) AppleWebKit/537.36 (KHTML, like Gecko) Chrome/81.0.4044.138 Safari/537.36"
[2020-05-14T17:40:03.959] [INFO] access - ::1 - - "OPTIONS /patientCase/patient HTTP/1.1" 204 - "http://localhost:8088/Patient/user/userInfo" "Mozilla/5.0 (Macintosh; Intel Mac OS X 10_15_2) AppleWebKit/537.36 (KHTML, like Gecko) Chrome/81.0.4044.138 Safari/537.36"
[2020-05-14T17:40:04.005] [INFO] access - ::1 - - "GET /patientCase/patient HTTP/1.1" 200 12778 "http://localhost:8088/Patient/user/userInfo" "Mozilla/5.0 (Macintosh; Intel Mac OS X 10_15_2) AppleWebKit/537.36 (KHTML, like Gecko) Chrome/81.0.4044.138 Safari/537.36"
[2020-05-14T17:40:04.143] [INFO] access - ::1 - - "OPTIONS /department/examination HTTP/1.1" 204 - "http://localhost:8088/Patient/user/userInfo" "Mozilla/5.0 (Macintosh; Intel Mac OS X 10_15_2) AppleWebKit/537.36 (KHTML, like Gecko) Chrome/81.0.4044.138 Safari/537.36"
[2020-05-14T17:40:04.151] [INFO] access - ::1 - - "GET /department/examination HTTP/1.1" 200 1234 "http://localhost:8088/Patient/user/userInfo" "Mozilla/5.0 (Macintosh; Intel Mac OS X 10_15_2) AppleWebKit/537.36 (KHTML, like Gecko) Chrome/81.0.4044.138 Safari/537.36"
[2020-05-14T17:40:55.854] [INFO] access - ::1 - - "OPTIONS /users/getUser HTTP/1.1" 204 - "http://localhost:8088/Home" "Mozilla/5.0 (Macintosh; Intel Mac OS X 10_15_2) AppleWebKit/537.36 (KHTML, like Gecko) Chrome/81.0.4044.138 Safari/537.36"
[2020-05-14T17:40:55.859] [INFO] access - ::1 - - "GET /users/getUser HTTP/1.1" 200 547 "http://localhost:8088/Home" "Mozilla/5.0 (Macintosh; Intel Mac OS X 10_15_2) AppleWebKit/537.36 (KHTML, like Gecko) Chrome/81.0.4044.138 Safari/537.36"
[2020-05-14T17:41:03.017] [INFO] access - ::1 - - "OPTIONS /users/getUser HTTP/1.1" 204 - "http://localhost:8088/Home" "Mozilla/5.0 (Macintosh; Intel Mac OS X 10_15_2) AppleWebKit/537.36 (KHTML, like Gecko) Chrome/81.0.4044.138 Safari/537.36"
[2020-05-14T17:41:03.020] [INFO] access - ::1 - - "GET /users/getUser HTTP/1.1" 200 547 "http://localhost:8088/Home" "Mozilla/5.0 (Macintosh; Intel Mac OS X 10_15_2) AppleWebKit/537.36 (KHTML, like Gecko) Chrome/81.0.4044.138 Safari/537.36"
[2020-05-14T17:41:24.031] [INFO] access - ::1 - - "OPTIONS /users/getUser HTTP/1.1" 204 - "http://localhost:8088/Home" "Mozilla/5.0 (Macintosh; Intel Mac OS X 10_15_2) AppleWebKit/537.36 (KHTML, like Gecko) Chrome/81.0.4044.138 Safari/537.36"
[2020-05-14T17:41:24.035] [INFO] access - ::1 - - "GET /users/getUser HTTP/1.1" 200 547 "http://localhost:8088/Home" "Mozilla/5.0 (Macintosh; Intel Mac OS X 10_13_6) AppleWebKit/537.36 (KHTML, like Gecko) Chrome/74.0.3694.0 Safari/537.36 Chrome-Lighthouse"
[2020-05-14T17:41:31.680] [INFO] access - ::1 - - "OPTIONS /users/getUser HTTP/1.1" 204 - "http://localhost:8088/Home" "Mozilla/5.0 (Macintosh; Intel Mac OS X 10_15_2) AppleWebKit/537.36 (KHTML, like Gecko) Chrome/81.0.4044.138 Safari/537.36"
[2020-05-14T17:41:31.684] [INFO] access - ::1 - - "GET /users/getUser HTTP/1.1" 200 547 "http://localhost:8088/Home" "Mozilla/5.0 (Macintosh; Intel Mac OS X 10_15_2) AppleWebKit/537.36 (KHTML, like Gecko) Chrome/81.0.4044.138 Safari/537.36"
[2020-05-14T17:48:59.712] [INFO] access - ::1 - - "OPTIONS /users/getUser HTTP/1.1" 204 - "http://localhost:8088/Home" "Mozilla/5.0 (Macintosh; Intel Mac OS X 10_15_2) AppleWebKit/537.36 (KHTML, like Gecko) Chrome/81.0.4044.138 Safari/537.36"
[2020-05-14T17:48:59.715] [INFO] access - ::1 - - "GET /users/getUser HTTP/1.1" 200 547 "http://localhost:8088/Home" "Mozilla/5.0 (Macintosh; Intel Mac OS X 10_15_2) AppleWebKit/537.36 (KHTML, like Gecko) Chrome/81.0.4044.138 Safari/537.36"
[2020-05-14T17:50:26.853] [INFO] access - ::1 - - "OPTIONS /users/getUser HTTP/1.1" 204 - "http://localhost:8088/Home" "Mozilla/5.0 (Macintosh; Intel Mac OS X 10_15_2) AppleWebKit/537.36 (KHTML, like Gecko) Chrome/81.0.4044.138 Safari/537.36"
[2020-05-14T17:50:26.857] [INFO] access - ::1 - - "GET /users/getUser HTTP/1.1" 200 547 "http://localhost:8088/Home" "Mozilla/5.0 (Macintosh; Intel Mac OS X 10_15_2) AppleWebKit/537.36 (KHTML, like Gecko) Chrome/81.0.4044.138 Safari/537.36"
[2020-05-14T17:50:32.540] [INFO] access - ::1 - - "OPTIONS /users/getUser HTTP/1.1" 204 - "http://localhost:8088/Home" "Mozilla/5.0 (Macintosh; Intel Mac OS X 10_15_2) AppleWebKit/537.36 (KHTML, like Gecko) Chrome/81.0.4044.138 Safari/537.36"
[2020-05-14T17:50:32.543] [INFO] access - ::1 - - "GET /users/getUser HTTP/1.1" 200 547 "http://localhost:8088/Home" "Mozilla/5.0 (Macintosh; Intel Mac OS X 10_15_2) AppleWebKit/537.36 (KHTML, like Gecko) Chrome/81.0.4044.138 Safari/537.36"
[2020-05-14T17:50:33.800] [INFO] access - ::1 - - "GET /users/getUser HTTP/1.1" 200 43 "" "Mozilla/5.0 (Macintosh; Intel Mac OS X 10_15_2) AppleWebKit/537.36 (KHTML, like Gecko) Chrome/81.0.4044.138 Safari/537.36"
[2020-05-14T17:50:52.708] [INFO] access - ::1 - - "OPTIONS /users/getUser HTTP/1.1" 204 - "http://localhost:8088/Home" "Mozilla/5.0 (Macintosh; Intel Mac OS X 10_15_2) AppleWebKit/537.36 (KHTML, like Gecko) Chrome/81.0.4044.138 Safari/537.36"
[2020-05-14T17:50:52.714] [INFO] access - ::1 - - "GET /users/getUser HTTP/1.1" 200 547 "http://localhost:8088/Home" "Mozilla/5.0 (Macintosh; Intel Mac OS X 10_13_6) AppleWebKit/537.36 (KHTML, like Gecko) Chrome/74.0.3694.0 Safari/537.36 Chrome-Lighthouse"
[2020-05-14T17:51:24.480] [INFO] access - ::1 - - "OPTIONS /users/getUser HTTP/1.1" 204 - "http://localhost:8088/Home" "Mozilla/5.0 (Macintosh; Intel Mac OS X 10_15_2) AppleWebKit/537.36 (KHTML, like Gecko) Chrome/81.0.4044.138 Safari/537.36"
[2020-05-14T17:51:24.484] [INFO] access - ::1 - - "GET /users/getUser HTTP/1.1" 200 547 "http://localhost:8088/Home" "Mozilla/5.0 (Macintosh; Intel Mac OS X 10_15_2) AppleWebKit/537.36 (KHTML, like Gecko) Chrome/81.0.4044.138 Safari/537.36"
[2020-05-14T17:51:49.777] [INFO] access - ::1 - - "OPTIONS /users/getUser HTTP/1.1" 204 - "http://localhost:8088/Home" "Mozilla/5.0 (Macintosh; Intel Mac OS X 10_15_2) AppleWebKit/537.36 (KHTML, like Gecko) Chrome/81.0.4044.138 Safari/537.36"
[2020-05-14T17:51:49.783] [INFO] access - ::1 - - "GET /users/getUser HTTP/1.1" 200 547 "http://localhost:8088/Home" "Mozilla/5.0 (Macintosh; Intel Mac OS X 10_13_6) AppleWebKit/537.36 (KHTML, like Gecko) Chrome/74.0.3694.0 Safari/537.36 Chrome-Lighthouse"
[2020-05-14T17:51:59.621] [INFO] access - ::1 - - "OPTIONS /users/getUser HTTP/1.1" 204 - "http://localhost:8088/Home" "Mozilla/5.0 (Macintosh; Intel Mac OS X 10_15_2) AppleWebKit/537.36 (KHTML, like Gecko) Chrome/81.0.4044.138 Safari/537.36"
[2020-05-14T17:51:59.624] [INFO] access - ::1 - - "GET /users/getUser HTTP/1.1" 200 547 "http://localhost:8088/Home" "Mozilla/5.0 (Macintosh; Intel Mac OS X 10_15_2) AppleWebKit/537.36 (KHTML, like Gecko) Chrome/81.0.4044.138 Safari/537.36"
[2020-05-14T17:52:36.685] [INFO] access - ::1 - - "OPTIONS /users/getUser HTTP/1.1" 204 - "http://localhost:3001/Home" "Mozilla/5.0 (Macintosh; Intel Mac OS X 10_15_2) AppleWebKit/537.36 (KHTML, like Gecko) Chrome/81.0.4044.138 Safari/537.36"
[2020-05-14T17:52:42.663] [INFO] access - ::1 - - "OPTIONS /users/getUser HTTP/1.1" 204 - "http://localhost:3001/Home" "Mozilla/5.0 (Macintosh; Intel Mac OS X 10_15_2) AppleWebKit/537.36 (KHTML, like Gecko) Chrome/81.0.4044.138 Safari/537.36"
[2020-05-14T17:52:45.253] [INFO] access - ::1 - - "OPTIONS /users/getUser HTTP/1.1" 204 - "http://localhost:3001/Home" "Mozilla/5.0 (Macintosh; Intel Mac OS X 10_15_2) AppleWebKit/537.36 (KHTML, like Gecko) Chrome/81.0.4044.138 Safari/537.36"
[2020-05-14T17:53:16.267] [INFO] access - ::1 - - "OPTIONS /users/getUser HTTP/1.1" 204 - "http://localhost:3001/Home" "Mozilla/5.0 (Macintosh; Intel Mac OS X 10_15_2) AppleWebKit/537.36 (KHTML, like Gecko) Chrome/81.0.4044.138 Safari/537.36"
[2020-05-14T17:55:50.200] [INFO] access - ::1 - - "OPTIONS /users/getUser HTTP/1.1" 204 - "http://localhost:3001/Home" "Mozilla/5.0 (Macintosh; Intel Mac OS X 10_15_2) AppleWebKit/537.36 (KHTML, like Gecko) Chrome/81.0.4044.138 Safari/537.36"
[2020-05-14T17:55:57.330] [INFO] access - ::1 - - "OPTIONS /users/getUser HTTP/1.1" 204 - "http://localhost:3001/Home" "Mozilla/5.0 (Macintosh; Intel Mac OS X 10_15_2) AppleWebKit/537.36 (KHTML, like Gecko) Chrome/81.0.4044.138 Safari/537.36"
[2020-05-14T18:01:50.149] [INFO] access - ::1 - - "OPTIONS /users/getUser HTTP/1.1" 204 - "http://localhost:3001/Home" "Mozilla/5.0 (Macintosh; Intel Mac OS X 10_15_2) AppleWebKit/537.36 (KHTML, like Gecko) Chrome/81.0.4044.138 Safari/537.36"
[2020-05-14T18:01:52.298] [INFO] access - ::1 - - "OPTIONS /users/getUser HTTP/1.1" 204 - "http://localhost:3001/Home" "Mozilla/5.0 (Macintosh; Intel Mac OS X 10_15_2) AppleWebKit/537.36 (KHTML, like Gecko) Chrome/81.0.4044.138 Safari/537.36"
[2020-05-14T18:02:01.846] [INFO] access - ::1 - - "OPTIONS /users/getUser HTTP/1.1" 204 - "http://localhost:3001/Home" "Mozilla/5.0 (Macintosh; Intel Mac OS X 10_15_2) AppleWebKit/537.36 (KHTML, like Gecko) Chrome/81.0.4044.138 Safari/537.36"
[2020-05-14T18:02:09.177] [INFO] access - ::1 - - "OPTIONS /users/getUser HTTP/1.1" 204 - "http://localhost:3001/Home" "Mozilla/5.0 (Macintosh; Intel Mac OS X 10_15_2) AppleWebKit/537.36 (KHTML, like Gecko) Chrome/81.0.4044.138 Safari/537.36"
[2020-05-14T18:05:17.447] [INFO] access - ::1 - - "OPTIONS /users/getUser HTTP/1.1" 204 - "http://localhost:8088/Home" "Mozilla/5.0 (Macintosh; Intel Mac OS X 10_15_2) AppleWebKit/537.36 (KHTML, like Gecko) Chrome/81.0.4044.138 Safari/537.36"
[2020-05-14T18:05:17.453] [INFO] access - ::1 - - "GET /users/getUser HTTP/1.1" 200 547 "http://localhost:8088/Home" "Mozilla/5.0 (Macintosh; Intel Mac OS X 10_15_2) AppleWebKit/537.36 (KHTML, like Gecko) Chrome/81.0.4044.138 Safari/537.36"
[2020-05-14T18:05:21.949] [INFO] access - ::1 - - "GET /users/getUser HTTP/1.1" 200 547 "http://localhost:8088/Home" "Mozilla/5.0 (Macintosh; Intel Mac OS X 10_13_6) AppleWebKit/537.36 (KHTML, like Gecko) Chrome/74.0.3694.0 Safari/537.36 Chrome-Lighthouse"
[2020-05-14T18:05:26.014] [INFO] access - ::1 - - "OPTIONS /users/getUser HTTP/1.1" 204 - "http://localhost:8088/Home" "Mozilla/5.0 (Macintosh; Intel Mac OS X 10_15_2) AppleWebKit/537.36 (KHTML, like Gecko) Chrome/81.0.4044.138 Safari/537.36"
[2020-05-14T18:05:31.687] [INFO] access - ::1 - - "OPTIONS /users/getUser HTTP/1.1" 204 - "http://localhost:8088/Home" "Mozilla/5.0 (Macintosh; Intel Mac OS X 10_15_2) AppleWebKit/537.36 (KHTML, like Gecko) Chrome/81.0.4044.138 Safari/537.36"
[2020-05-14T18:05:31.690] [INFO] access - ::1 - - "GET /users/getUser HTTP/1.1" 200 547 "http://localhost:8088/Home" "Mozilla/5.0 (Macintosh; Intel Mac OS X 10_15_2) AppleWebKit/537.36 (KHTML, like Gecko) Chrome/81.0.4044.138 Safari/537.36"
[2020-05-14T18:05:48.024] [INFO] access - ::ffff:127.0.0.1 - - "OPTIONS /graphql HTTP/1.1" 204 - "http://localhost:8088/Patient/Home" "Mozilla/5.0 (Macintosh; Intel Mac OS X 10_15_2) AppleWebKit/537.36 (KHTML, like Gecko) Chrome/81.0.4044.138 Safari/537.36"
[2020-05-14T18:05:48.028] [INFO] access - ::ffff:127.0.0.1 - - "POST /graphql HTTP/1.1" 200 4998 "http://localhost:8088/Patient/Home" "Mozilla/5.0 (Macintosh; Intel Mac OS X 10_15_2) AppleWebKit/537.36 (KHTML, like Gecko) Chrome/81.0.4044.138 Safari/537.36"
[2020-05-14T18:05:48.080] [INFO] access - ::1 - - "GET /Patient/Avatar/XX0szko2.jpeg HTTP/1.1" 200 13039 "http://localhost:8088/Patient/Home" "Mozilla/5.0 (Macintosh; Intel Mac OS X 10_15_2) AppleWebKit/537.36 (KHTML, like Gecko) Chrome/81.0.4044.138 Safari/537.36"
[2020-05-14T18:05:48.084] [INFO] access - ::1 - - "OPTIONS /patientCase/all HTTP/1.1" 204 - "http://localhost:8088/Patient/Home" "Mozilla/5.0 (Macintosh; Intel Mac OS X 10_15_2) AppleWebKit/537.36 (KHTML, like Gecko) Chrome/81.0.4044.138 Safari/537.36"
[2020-05-14T18:05:48.096] [INFO] access - ::1 - - "GET /patientCase/all HTTP/1.1" 200 7795 "http://localhost:8088/Patient/Home" "Mozilla/5.0 (Macintosh; Intel Mac OS X 10_15_2) AppleWebKit/537.36 (KHTML, like Gecko) Chrome/81.0.4044.138 Safari/537.36"
[2020-05-14T18:05:48.141] [INFO] access - ::1 - - "OPTIONS /schedule/today HTTP/1.1" 204 - "http://localhost:8088/Patient/Home" "Mozilla/5.0 (Macintosh; Intel Mac OS X 10_15_2) AppleWebKit/537.36 (KHTML, like Gecko) Chrome/81.0.4044.138 Safari/537.36"
[2020-05-14T18:05:48.145] [INFO] access - ::1 - - "GET /schedule/today HTTP/1.1" 200 553 "http://localhost:8088/Patient/Home" "Mozilla/5.0 (Macintosh; Intel Mac OS X 10_15_2) AppleWebKit/537.36 (KHTML, like Gecko) Chrome/81.0.4044.138 Safari/537.36"
[2020-05-14T18:05:48.180] [INFO] access - ::1 - - "GET /Common/carousel/lun3.jpg HTTP/1.1" 200 45434 "http://localhost:8088/Patient/Home" "Mozilla/5.0 (Macintosh; Intel Mac OS X 10_15_2) AppleWebKit/537.36 (KHTML, like Gecko) Chrome/81.0.4044.138 Safari/537.36"
[2020-05-14T18:05:48.183] [INFO] access - ::1 - - "GET /Common/carousel/timg.jpeg HTTP/1.1" 200 77897 "http://localhost:8088/Patient/Home" "Mozilla/5.0 (Macintosh; Intel Mac OS X 10_15_2) AppleWebKit/537.36 (KHTML, like Gecko) Chrome/81.0.4044.138 Safari/537.36"
[2020-05-14T18:05:48.183] [INFO] access - ::1 - - "GET /Common/carousel/timg%20(2)%E7%9A%84%E5%89%AF%E6%9C%AC.jpeg HTTP/1.1" 200 81718 "http://localhost:8088/Patient/Home" "Mozilla/5.0 (Macintosh; Intel Mac OS X 10_15_2) AppleWebKit/537.36 (KHTML, like Gecko) Chrome/81.0.4044.138 Safari/537.36"
[2020-05-14T18:05:48.183] [INFO] access - ::1 - - "GET /Common/carousel/lun1.jpg HTTP/1.1" 200 414559 "http://localhost:8088/Patient/Home" "Mozilla/5.0 (Macintosh; Intel Mac OS X 10_15_2) AppleWebKit/537.36 (KHTML, like Gecko) Chrome/81.0.4044.138 Safari/537.36"
[2020-05-14T18:06:26.202] [INFO] access - ::1 - - "OPTIONS /users/getUser HTTP/1.1" 204 - "http://localhost:8088/Home" "Mozilla/5.0 (Macintosh; Intel Mac OS X 10_15_2) AppleWebKit/537.36 (KHTML, like Gecko) Chrome/81.0.4044.138 Safari/537.36"
[2020-05-14T18:06:26.207] [INFO] access - ::1 - - "GET /users/getUser HTTP/1.1" 200 547 "http://localhost:8088/Home" "Mozilla/5.0 (Macintosh; Intel Mac OS X 10_15_2) AppleWebKit/537.36 (KHTML, like Gecko) Chrome/81.0.4044.138 Safari/537.36"
[2020-05-14T18:07:29.738] [INFO] access - ::ffff:127.0.0.1 - - "OPTIONS /graphql HTTP/1.1" 204 - "http://localhost:8088/Patient/Home" "Mozilla/5.0 (Macintosh; Intel Mac OS X 10_15_2) AppleWebKit/537.36 (KHTML, like Gecko) Chrome/81.0.4044.138 Safari/537.36"
[2020-05-14T18:07:29.745] [INFO] access - ::ffff:127.0.0.1 - - "POST /graphql HTTP/1.1" 200 4998 "http://localhost:8088/Patient/Home" "Mozilla/5.0 (Macintosh; Intel Mac OS X 10_15_2) AppleWebKit/537.36 (KHTML, like Gecko) Chrome/81.0.4044.138 Safari/537.36"
[2020-05-14T18:07:29.771] [INFO] access - ::1 - - "GET /Patient/Avatar/XX0szko2.jpeg HTTP/1.1" 200 13039 "http://localhost:8088/Patient/Home" "Mozilla/5.0 (Macintosh; Intel Mac OS X 10_15_2) AppleWebKit/537.36 (KHTML, like Gecko) Chrome/81.0.4044.138 Safari/537.36"
[2020-05-14T18:07:29.775] [INFO] access - ::1 - - "OPTIONS /patientCase/all HTTP/1.1" 204 - "http://localhost:8088/Patient/Home" "Mozilla/5.0 (Macintosh; Intel Mac OS X 10_15_2) AppleWebKit/537.36 (KHTML, like Gecko) Chrome/81.0.4044.138 Safari/537.36"
[2020-05-14T18:07:29.782] [INFO] access - ::1 - - "GET /patientCase/all HTTP/1.1" 200 7795 "http://localhost:8088/Patient/Home" "Mozilla/5.0 (Macintosh; Intel Mac OS X 10_15_2) AppleWebKit/537.36 (KHTML, like Gecko) Chrome/81.0.4044.138 Safari/537.36"
[2020-05-14T18:07:29.817] [INFO] access - ::1 - - "OPTIONS /schedule/today HTTP/1.1" 204 - "http://localhost:8088/Patient/Home" "Mozilla/5.0 (Macintosh; Intel Mac OS X 10_15_2) AppleWebKit/537.36 (KHTML, like Gecko) Chrome/81.0.4044.138 Safari/537.36"
[2020-05-14T18:07:29.823] [INFO] access - ::1 - - "GET /schedule/today HTTP/1.1" 200 553 "http://localhost:8088/Patient/Home" "Mozilla/5.0 (Macintosh; Intel Mac OS X 10_15_2) AppleWebKit/537.36 (KHTML, like Gecko) Chrome/81.0.4044.138 Safari/537.36"
[2020-05-14T18:07:29.849] [INFO] access - ::1 - - "GET /Common/carousel/lun3.jpg HTTP/1.1" 200 45434 "http://localhost:8088/Patient/Home" "Mozilla/5.0 (Macintosh; Intel Mac OS X 10_15_2) AppleWebKit/537.36 (KHTML, like Gecko) Chrome/81.0.4044.138 Safari/537.36"
[2020-05-14T18:07:29.849] [INFO] access - ::1 - - "GET /Common/carousel/timg.jpeg HTTP/1.1" 200 77897 "http://localhost:8088/Patient/Home" "Mozilla/5.0 (Macintosh; Intel Mac OS X 10_15_2) AppleWebKit/537.36 (KHTML, like Gecko) Chrome/81.0.4044.138 Safari/537.36"
[2020-05-14T18:07:29.850] [INFO] access - ::1 - - "GET /Common/carousel/timg%20(2)%E7%9A%84%E5%89%AF%E6%9C%AC.jpeg HTTP/1.1" 200 81718 "http://localhost:8088/Patient/Home" "Mozilla/5.0 (Macintosh; Intel Mac OS X 10_15_2) AppleWebKit/537.36 (KHTML, like Gecko) Chrome/81.0.4044.138 Safari/537.36"
[2020-05-14T18:07:29.850] [INFO] access - ::1 - - "GET /Common/carousel/lun1.jpg HTTP/1.1" 200 414559 "http://localhost:8088/Patient/Home" "Mozilla/5.0 (Macintosh; Intel Mac OS X 10_15_2) AppleWebKit/537.36 (KHTML, like Gecko) Chrome/81.0.4044.138 Safari/537.36"
[2020-05-14T18:16:29.204] [INFO] access - ::1 - - "OPTIONS /users/getUser HTTP/1.1" 204 - "http://localhost:8088/Home" "Mozilla/5.0 (Macintosh; Intel Mac OS X 10_15_2) AppleWebKit/537.36 (KHTML, like Gecko) Chrome/81.0.4044.138 Safari/537.36"
[2020-05-14T18:16:29.210] [INFO] access - ::1 - - "GET /users/getUser HTTP/1.1" 200 547 "http://localhost:8088/Home" "Mozilla/5.0 (Macintosh; Intel Mac OS X 10_15_2) AppleWebKit/537.36 (KHTML, like Gecko) Chrome/81.0.4044.138 Safari/537.36"
[2020-05-14T18:16:39.037] [INFO] access - ::1 - - "OPTIONS /users/getUser HTTP/1.1" 204 - "http://localhost:8088/Home" "Mozilla/5.0 (Macintosh; Intel Mac OS X 10_15_2) AppleWebKit/537.36 (KHTML, like Gecko) Chrome/81.0.4044.138 Safari/537.36"
[2020-05-14T18:16:39.041] [INFO] access - ::1 - - "GET /users/getUser HTTP/1.1" 200 547 "http://localhost:8088/Home" "Mozilla/5.0 (Macintosh; Intel Mac OS X 10_13_6) AppleWebKit/537.36 (KHTML, like Gecko) Chrome/74.0.3694.0 Safari/537.36 Chrome-Lighthouse"
[2020-05-14T18:16:46.931] [INFO] access - ::1 - - "OPTIONS /users/getUser HTTP/1.1" 204 - "http://localhost:8088/Home" "Mozilla/5.0 (Macintosh; Intel Mac OS X 10_15_2) AppleWebKit/537.36 (KHTML, like Gecko) Chrome/81.0.4044.138 Safari/537.36"
[2020-05-14T18:16:46.939] [INFO] access - ::1 - - "GET /users/getUser HTTP/1.1" 200 547 "http://localhost:8088/Home" "Mozilla/5.0 (Macintosh; Intel Mac OS X 10_15_2) AppleWebKit/537.36 (KHTML, like Gecko) Chrome/81.0.4044.138 Safari/537.36"
[2020-05-14T18:17:01.097] [INFO] access - ::1 - - "OPTIONS /users/getUser HTTP/1.1" 204 - "http://localhost:8088/Home" "Mozilla/5.0 (Macintosh; Intel Mac OS X 10_15_2) AppleWebKit/537.36 (KHTML, like Gecko) Chrome/81.0.4044.138 Safari/537.36"
[2020-05-14T18:17:01.101] [INFO] access - ::1 - - "GET /users/getUser HTTP/1.1" 200 547 "http://localhost:8088/Home" "Mozilla/5.0 (Macintosh; Intel Mac OS X 10_13_6) AppleWebKit/537.36 (KHTML, like Gecko) Chrome/74.0.3694.0 Safari/537.36 Chrome-Lighthouse"
[2020-05-14T18:17:17.824] [INFO] access - ::1 - - "OPTIONS /users/getUser HTTP/1.1" 204 - "http://localhost:8088/Home" "Mozilla/5.0 (Macintosh; Intel Mac OS X 10_15_2) AppleWebKit/537.36 (KHTML, like Gecko) Chrome/81.0.4044.138 Safari/537.36"
[2020-05-14T18:17:17.836] [INFO] access - ::1 - - "GET /users/getUser HTTP/1.1" 200 547 "http://localhost:8088/Home" "Mozilla/5.0 (Macintosh; Intel Mac OS X 10_15_2) AppleWebKit/537.36 (KHTML, like Gecko) Chrome/81.0.4044.138 Safari/537.36"
