[2020-06-14T00:27:28.494] [INFO] access - ::1 - - "OPTIONS /users/getUser HTTP/1.1" 204 - "http://localhost:3001/Home" "Mozilla/5.0 (Macintosh; Intel Mac OS X 10_15_2) AppleWebKit/537.36 (KHTML, like Gecko) Chrome/83.0.4103.61 Safari/537.36"
[2020-06-14T00:27:28.519] [INFO] access - ::1 - - "GET /users/getUser HTTP/1.1" 200 41 "http://localhost:3001/Home" "Mozilla/5.0 (Macintosh; Intel Mac OS X 10_15_2) AppleWebKit/537.36 (KHTML, like Gecko) Chrome/83.0.4103.61 Safari/537.36"
[2020-06-14T00:27:29.612] [INFO] access - ::1 - - "GET /users/captcha HTTP/1.1" 200 3458 "http://localhost:3001/Home" "Mozilla/5.0 (Macintosh; Intel Mac OS X 10_15_2) AppleWebKit/537.36 (KHTML, like Gecko) Chrome/83.0.4103.61 Safari/537.36"
[2020-06-14T00:27:37.089] [INFO] access - ::1 - - "POST /users/login HTTP/1.1" 200 768 "http://localhost:3001/Home" "Mozilla/5.0 (Macintosh; Intel Mac OS X 10_15_2) AppleWebKit/537.36 (KHTML, like Gecko) Chrome/83.0.4103.61 Safari/537.36"
[2020-06-14T00:27:37.599] [INFO] access - ::1 - - "OPTIONS /users/getUser HTTP/1.1" 204 - "http://localhost:3001/Home" "Mozilla/5.0 (Macintosh; Intel Mac OS X 10_15_2) AppleWebKit/537.36 (KHTML, like Gecko) Chrome/83.0.4103.61 Safari/537.36"
[2020-06-14T00:27:37.601] [INFO] access - ::1 - - "GET /users/getUser HTTP/1.1" 200 750 "http://localhost:3001/Home" "Mozilla/5.0 (Macintosh; Intel Mac OS X 10_15_2) AppleWebKit/537.36 (KHTML, like Gecko) Chrome/83.0.4103.61 Safari/537.36"
[2020-06-14T00:27:37.720] [INFO] access - ::1 - - "OPTIONS /patientCase?workerId=n3ctUFfcqg4t HTTP/1.1" 204 - "http://localhost:3001/Doctor/Home" "Mozilla/5.0 (Macintosh; Intel Mac OS X 10_15_2) AppleWebKit/537.36 (KHTML, like Gecko) Chrome/83.0.4103.61 Safari/537.36"
[2020-06-14T00:27:37.724] [INFO] access - ::1 - - "GET /Doctor/Avatar/n3ctUFfcqg4t.jpeg HTTP/1.1" 200 13039 "http://localhost:3001/Doctor/Home" "Mozilla/5.0 (Macintosh; Intel Mac OS X 10_15_2) AppleWebKit/537.36 (KHTML, like Gecko) Chrome/83.0.4103.61 Safari/537.36"
[2020-06-14T00:27:37.799] [INFO] access - ::1 - - "GET /patientCase?workerId=n3ctUFfcqg4t HTTP/1.1" 200 16397 "http://localhost:3001/Doctor/Home" "Mozilla/5.0 (Macintosh; Intel Mac OS X 10_15_2) AppleWebKit/537.36 (KHTML, like Gecko) Chrome/83.0.4103.61 Safari/537.36"
[2020-06-14T00:27:37.839] [INFO] access - ::1 - - "OPTIONS /department/examination HTTP/1.1" 204 - "http://localhost:3001/Doctor/Home" "Mozilla/5.0 (Macintosh; Intel Mac OS X 10_15_2) AppleWebKit/537.36 (KHTML, like Gecko) Chrome/83.0.4103.61 Safari/537.36"
[2020-06-14T00:27:37.843] [INFO] access - ::1 - - "GET /department/examination HTTP/1.1" 200 1604 "http://localhost:3001/Doctor/Home" "Mozilla/5.0 (Macintosh; Intel Mac OS X 10_15_2) AppleWebKit/537.36 (KHTML, like Gecko) Chrome/83.0.4103.61 Safari/537.36"
[2020-06-14T00:27:38.891] [INFO] access - ::1 - - "OPTIONS /schedule/createWork?departmentId=1 HTTP/1.1" 204 - "http://localhost:3001/Doctor/Schedule/20200614" "Mozilla/5.0 (Macintosh; Intel Mac OS X 10_15_2) AppleWebKit/537.36 (KHTML, like Gecko) Chrome/83.0.4103.61 Safari/537.36"
[2020-06-14T00:27:38.892] [INFO] access - ::1 - - "OPTIONS /doctor?departmentId=1 HTTP/1.1" 204 - "http://localhost:3001/Doctor/Schedule/20200614" "Mozilla/5.0 (Macintosh; Intel Mac OS X 10_15_2) AppleWebKit/537.36 (KHTML, like Gecko) Chrome/83.0.4103.61 Safari/537.36"
[2020-06-14T00:27:38.896] [INFO] access - ::1 - - "GET /schedule/createWork?departmentId=1 HTTP/1.1" 200 39 "http://localhost:3001/Doctor/Schedule/20200614" "Mozilla/5.0 (Macintosh; Intel Mac OS X 10_15_2) AppleWebKit/537.36 (KHTML, like Gecko) Chrome/83.0.4103.61 Safari/537.36"
[2020-06-14T00:27:38.923] [INFO] access - ::1 - - "GET /doctor?departmentId=1 HTTP/1.1" 200 2118 "http://localhost:3001/Doctor/Schedule/20200614" "Mozilla/5.0 (Macintosh; Intel Mac OS X 10_15_2) AppleWebKit/537.36 (KHTML, like Gecko) Chrome/83.0.4103.61 Safari/537.36"
[2020-06-14T00:27:38.933] [INFO] access - ::1 - - "OPTIONS /schedule?date=20200614&departmentId=1 HTTP/1.1" 204 - "http://localhost:3001/Doctor/Schedule/20200614" "Mozilla/5.0 (Macintosh; Intel Mac OS X 10_15_2) AppleWebKit/537.36 (KHTML, like Gecko) Chrome/83.0.4103.61 Safari/537.36"
[2020-06-14T00:27:38.949] [INFO] access - ::1 - - "GET /schedule?date=20200614&departmentId=1 HTTP/1.1" 200 553 "http://localhost:3001/Doctor/Schedule/20200614" "Mozilla/5.0 (Macintosh; Intel Mac OS X 10_15_2) AppleWebKit/537.36 (KHTML, like Gecko) Chrome/83.0.4103.61 Safari/537.36"
[2020-06-14T00:27:41.938] [INFO] access - ::1 - - "OPTIONS /schedule HTTP/1.1" 204 - "http://localhost:3001/Doctor/Schedule/20200614" "Mozilla/5.0 (Macintosh; Intel Mac OS X 10_15_2) AppleWebKit/537.36 (KHTML, like Gecko) Chrome/83.0.4103.61 Safari/537.36"
[2020-06-14T00:27:41.957] [INFO] access - ::1 - - "POST /schedule HTTP/1.1" 200 41 "http://localhost:3001/Doctor/Schedule/20200614" "Mozilla/5.0 (Macintosh; Intel Mac OS X 10_15_2) AppleWebKit/537.36 (KHTML, like Gecko) Chrome/83.0.4103.61 Safari/537.36"
[2020-06-14T00:27:41.988] [INFO] access - ::1 - - "GET /schedule?date=20200614&departmentId=1 HTTP/1.1" 200 573 "http://localhost:3001/Doctor/Schedule/20200614" "Mozilla/5.0 (Macintosh; Intel Mac OS X 10_15_2) AppleWebKit/537.36 (KHTML, like Gecko) Chrome/83.0.4103.61 Safari/537.36"
[2020-06-14T00:27:44.116] [INFO] access - ::1 - - "POST /schedule HTTP/1.1" 200 41 "http://localhost:3001/Doctor/Schedule/20200614" "Mozilla/5.0 (Macintosh; Intel Mac OS X 10_15_2) AppleWebKit/537.36 (KHTML, like Gecko) Chrome/83.0.4103.61 Safari/537.36"
[2020-06-14T00:27:44.140] [INFO] access - ::1 - - "OPTIONS /schedule?date=20200614&departmentId=1 HTTP/1.1" 204 - "http://localhost:3001/Doctor/Schedule/20200614" "Mozilla/5.0 (Macintosh; Intel Mac OS X 10_15_2) AppleWebKit/537.36 (KHTML, like Gecko) Chrome/83.0.4103.61 Safari/537.36"
[2020-06-14T00:27:44.145] [INFO] access - ::1 - - "GET /schedule?date=20200614&departmentId=1 HTTP/1.1" 200 593 "http://localhost:3001/Doctor/Schedule/20200614" "Mozilla/5.0 (Macintosh; Intel Mac OS X 10_15_2) AppleWebKit/537.36 (KHTML, like Gecko) Chrome/83.0.4103.61 Safari/537.36"
[2020-06-14T00:27:50.012] [INFO] access - ::ffff:127.0.0.1 - - "OPTIONS /graphql HTTP/1.1" 204 - "http://localhost:3001/Patient/Home" "Mozilla/5.0 (Macintosh; Intel Mac OS X 10_15_2) AppleWebKit/537.36 (KHTML, like Gecko) Chrome/83.0.4103.61 Safari/537.36"
[2020-06-14T00:27:50.018] [INFO] access - ::ffff:127.0.0.1 - - "POST /graphql HTTP/1.1" 200 6881 "http://localhost:3001/Patient/Home" "Mozilla/5.0 (Macintosh; Intel Mac OS X 10_15_2) AppleWebKit/537.36 (KHTML, like Gecko) Chrome/83.0.4103.61 Safari/537.36"
[2020-06-14T00:27:50.070] [INFO] access - ::1 - - "OPTIONS /patientCase/all HTTP/1.1" 204 - "http://localhost:3001/Patient/Home" "Mozilla/5.0 (Macintosh; Intel Mac OS X 10_15_2) AppleWebKit/537.36 (KHTML, like Gecko) Chrome/83.0.4103.61 Safari/537.36"
[2020-06-14T00:27:50.078] [INFO] access - ::1 - - "GET /patientCase/all HTTP/1.1" 200 9755 "http://localhost:3001/Patient/Home" "Mozilla/5.0 (Macintosh; Intel Mac OS X 10_15_2) AppleWebKit/537.36 (KHTML, like Gecko) Chrome/83.0.4103.61 Safari/537.36"
[2020-06-14T00:27:50.094] [INFO] access - ::1 - - "OPTIONS /schedule/today HTTP/1.1" 204 - "http://localhost:3001/Patient/Home" "Mozilla/5.0 (Macintosh; Intel Mac OS X 10_15_2) AppleWebKit/537.36 (KHTML, like Gecko) Chrome/83.0.4103.61 Safari/537.36"
[2020-06-14T00:27:50.098] [INFO] access - ::1 - - "GET /schedule/today HTTP/1.1" 200 593 "http://localhost:3001/Patient/Home" "Mozilla/5.0 (Macintosh; Intel Mac OS X 10_15_2) AppleWebKit/537.36 (KHTML, like Gecko) Chrome/83.0.4103.61 Safari/537.36"
[2020-06-14T00:27:50.129] [INFO] access - ::1 - - "GET /Common/carousel/lun3.jpg HTTP/1.1" 200 45434 "http://localhost:3001/Patient/Home" "Mozilla/5.0 (Macintosh; Intel Mac OS X 10_15_2) AppleWebKit/537.36 (KHTML, like Gecko) Chrome/83.0.4103.61 Safari/537.36"
[2020-06-14T00:27:50.129] [INFO] access - ::1 - - "GET /Common/carousel/lun1.jpg HTTP/1.1" 200 414559 "http://localhost:3001/Patient/Home" "Mozilla/5.0 (Macintosh; Intel Mac OS X 10_15_2) AppleWebKit/537.36 (KHTML, like Gecko) Chrome/83.0.4103.61 Safari/537.36"
[2020-06-14T00:27:50.130] [INFO] access - ::1 - - "GET /Common/carousel/timg%20(2)%E7%9A%84%E5%89%AF%E6%9C%AC.jpeg HTTP/1.1" 200 81718 "http://localhost:3001/Patient/Home" "Mozilla/5.0 (Macintosh; Intel Mac OS X 10_15_2) AppleWebKit/537.36 (KHTML, like Gecko) Chrome/83.0.4103.61 Safari/537.36"
[2020-06-14T00:27:50.130] [INFO] access - ::1 - - "GET /Common/carousel/timg.jpeg HTTP/1.1" 200 77897 "http://localhost:3001/Patient/Home" "Mozilla/5.0 (Macintosh; Intel Mac OS X 10_15_2) AppleWebKit/537.36 (KHTML, like Gecko) Chrome/83.0.4103.61 Safari/537.36"
[2020-06-14T00:27:51.263] [INFO] access - ::1 - - "OPTIONS /users/captcha HTTP/1.1" 204 - "http://localhost:3001/Patient/Home" "Mozilla/5.0 (Macintosh; Intel Mac OS X 10_15_2) AppleWebKit/537.36 (KHTML, like Gecko) Chrome/83.0.4103.61 Safari/537.36"
[2020-06-14T00:27:51.268] [INFO] access - ::1 - - "GET /users/captcha HTTP/1.1" 200 3458 "http://localhost:3001/Patient/Home" "Mozilla/5.0 (Macintosh; Intel Mac OS X 10_15_2) AppleWebKit/537.36 (KHTML, like Gecko) Chrome/83.0.4103.61 Safari/537.36"
[2020-06-14T00:27:58.855] [INFO] access - ::1 - - "OPTIONS /users/login HTTP/1.1" 204 - "http://localhost:3001/Patient/Home" "Mozilla/5.0 (Macintosh; Intel Mac OS X 10_15_2) AppleWebKit/537.36 (KHTML, like Gecko) Chrome/83.0.4103.61 Safari/537.36"
[2020-06-14T00:27:58.945] [INFO] access - ::1 - - "POST /users/login HTTP/1.1" 200 567 "http://localhost:3001/Patient/Home" "Mozilla/5.0 (Macintosh; Intel Mac OS X 10_15_2) AppleWebKit/537.36 (KHTML, like Gecko) Chrome/83.0.4103.61 Safari/537.36"
[2020-06-14T00:27:59.091] [INFO] access - ::1 - - "GET /Patient/Avatar/XX0szko2.jpeg HTTP/1.1" 200 13039 "http://localhost:3001/Patient/Home" "Mozilla/5.0 (Macintosh; Intel Mac OS X 10_15_2) AppleWebKit/537.36 (KHTML, like Gecko) Chrome/83.0.4103.61 Safari/537.36"
[2020-06-14T00:28:00.513] [INFO] access - ::ffff:127.0.0.1 - - "OPTIONS /graphql HTTP/1.1" 204 - "http://localhost:3001/Patient/Order" "Mozilla/5.0 (Macintosh; Intel Mac OS X 10_15_2) AppleWebKit/537.36 (KHTML, like Gecko) Chrome/83.0.4103.61 Safari/537.36"
[2020-06-14T00:28:00.517] [INFO] access - ::ffff:127.0.0.1 - - "POST /graphql HTTP/1.1" 200 6881 "http://localhost:3001/Patient/Order" "Mozilla/5.0 (Macintosh; Intel Mac OS X 10_15_2) AppleWebKit/537.36 (KHTML, like Gecko) Chrome/83.0.4103.61 Safari/537.36"
[2020-06-14T00:28:04.206] [INFO] access - ::1 - - "OPTIONS /doctor?departmentId=1 HTTP/1.1" 204 - "http://localhost:3001/Patient/Order" "Mozilla/5.0 (Macintosh; Intel Mac OS X 10_15_2) AppleWebKit/537.36 (KHTML, like Gecko) Chrome/83.0.4103.61 Safari/537.36"
[2020-06-14T00:28:04.211] [INFO] access - ::1 - - "GET /doctor?departmentId=1 HTTP/1.1" 200 2118 "http://localhost:3001/Patient/Order" "Mozilla/5.0 (Macintosh; Intel Mac OS X 10_15_2) AppleWebKit/537.36 (KHTML, like Gecko) Chrome/83.0.4103.61 Safari/537.36"
[2020-06-14T00:28:04.221] [INFO] access - ::1 - - "OPTIONS /schedule/getScheduleOfPeriod?departmentId=1 HTTP/1.1" 204 - "http://localhost:3001/Patient/Order" "Mozilla/5.0 (Macintosh; Intel Mac OS X 10_15_2) AppleWebKit/537.36 (KHTML, like Gecko) Chrome/83.0.4103.61 Safari/537.36"
[2020-06-14T00:28:04.239] [INFO] access - ::1 - - "GET /schedule/getScheduleOfPeriod?departmentId=1 HTTP/1.1" 200 3563 "http://localhost:3001/Patient/Order" "Mozilla/5.0 (Macintosh; Intel Mac OS X 10_15_2) AppleWebKit/537.36 (KHTML, like Gecko) Chrome/83.0.4103.61 Safari/537.36"
[2020-06-14T00:28:05.925] [INFO] access - ::1 - - "OPTIONS /order?workerId=IVEZACA2nxZg&wokrId=20200614010 HTTP/1.1" 204 - "http://localhost:3001/Patient/Order" "Mozilla/5.0 (Macintosh; Intel Mac OS X 10_15_2) AppleWebKit/537.36 (KHTML, like Gecko) Chrome/83.0.4103.61 Safari/537.36"
[2020-06-14T00:28:05.942] [INFO] access - ::1 - - "GET /order?workerId=IVEZACA2nxZg&wokrId=20200614010 HTTP/1.1" 200 149 "http://localhost:3001/Patient/Order" "Mozilla/5.0 (Macintosh; Intel Mac OS X 10_15_2) AppleWebKit/537.36 (KHTML, like Gecko) Chrome/83.0.4103.61 Safari/537.36"
[2020-06-14T00:28:42.842] [INFO] access - ::ffff:127.0.0.1 - - "OPTIONS /graphql HTTP/1.1" 204 - "http://localhost:3001/Patient/Home" "Mozilla/5.0 (Macintosh; Intel Mac OS X 10_15_2) AppleWebKit/537.36 (KHTML, like Gecko) Chrome/83.0.4103.61 Safari/537.36"
[2020-06-14T00:28:42.845] [INFO] access - ::ffff:127.0.0.1 - - "POST /graphql HTTP/1.1" 200 6881 "http://localhost:3001/Patient/Home" "Mozilla/5.0 (Macintosh; Intel Mac OS X 10_15_2) AppleWebKit/537.36 (KHTML, like Gecko) Chrome/83.0.4103.61 Safari/537.36"
[2020-06-14T00:28:42.915] [INFO] access - ::1 - - "OPTIONS /patientCase/all HTTP/1.1" 204 - "http://localhost:3001/Patient/Home" "Mozilla/5.0 (Macintosh; Intel Mac OS X 10_15_2) AppleWebKit/537.36 (KHTML, like Gecko) Chrome/83.0.4103.61 Safari/537.36"
[2020-06-14T00:28:42.921] [INFO] access - ::1 - - "GET /Common/carousel/lun3.jpg HTTP/1.1" 200 45434 "http://localhost:3001/Patient/Home" "Mozilla/5.0 (Macintosh; Intel Mac OS X 10_15_2) AppleWebKit/537.36 (KHTML, like Gecko) Chrome/83.0.4103.61 Safari/537.36"
[2020-06-14T00:28:42.921] [INFO] access - ::1 - - "GET /Common/carousel/timg.jpeg HTTP/1.1" 200 77897 "http://localhost:3001/Patient/Home" "Mozilla/5.0 (Macintosh; Intel Mac OS X 10_15_2) AppleWebKit/537.36 (KHTML, like Gecko) Chrome/83.0.4103.61 Safari/537.36"
[2020-06-14T00:28:42.921] [INFO] access - ::1 - - "GET /Common/carousel/timg%20(2)%E7%9A%84%E5%89%AF%E6%9C%AC.jpeg HTTP/1.1" 200 81718 "http://localhost:3001/Patient/Home" "Mozilla/5.0 (Macintosh; Intel Mac OS X 10_15_2) AppleWebKit/537.36 (KHTML, like Gecko) Chrome/83.0.4103.61 Safari/537.36"
[2020-06-14T00:28:42.922] [INFO] access - ::1 - - "GET /Common/carousel/lun1.jpg HTTP/1.1" 200 414559 "http://localhost:3001/Patient/Home" "Mozilla/5.0 (Macintosh; Intel Mac OS X 10_15_2) AppleWebKit/537.36 (KHTML, like Gecko) Chrome/83.0.4103.61 Safari/537.36"
[2020-06-14T00:28:42.934] [INFO] access - ::1 - - "GET /patientCase/all HTTP/1.1" 200 9755 "http://localhost:3001/Patient/Home" "Mozilla/5.0 (Macintosh; Intel Mac OS X 10_15_2) AppleWebKit/537.36 (KHTML, like Gecko) Chrome/83.0.4103.61 Safari/537.36"
[2020-06-14T00:28:42.967] [INFO] access - ::1 - - "OPTIONS /schedule/today HTTP/1.1" 204 - "http://localhost:3001/Patient/Home" "Mozilla/5.0 (Macintosh; Intel Mac OS X 10_15_2) AppleWebKit/537.36 (KHTML, like Gecko) Chrome/83.0.4103.61 Safari/537.36"
[2020-06-14T00:28:42.974] [INFO] access - ::1 - - "GET /schedule/today HTTP/1.1" 200 593 "http://localhost:3001/Patient/Home" "Mozilla/5.0 (Macintosh; Intel Mac OS X 10_15_2) AppleWebKit/537.36 (KHTML, like Gecko) Chrome/83.0.4103.61 Safari/537.36"
[2020-06-14T00:29:52.720] [INFO] access - ::1 - - "OPTIONS /users/captcha HTTP/1.1" 204 - "http://localhost:3001/Home" "Mozilla/5.0 (Macintosh; Intel Mac OS X 10_15_2) AppleWebKit/537.36 (KHTML, like Gecko) Chrome/83.0.4103.61 Safari/537.36"
[2020-06-14T00:29:52.730] [INFO] access - ::1 - - "GET /users/captcha HTTP/1.1" 200 3458 "http://localhost:3001/Home" "Mozilla/5.0 (Macintosh; Intel Mac OS X 10_15_2) AppleWebKit/537.36 (KHTML, like Gecko) Chrome/83.0.4103.61 Safari/537.36"
[2020-06-14T00:30:00.072] [INFO] access - ::1 - - "OPTIONS /users/login HTTP/1.1" 204 - "http://localhost:3001/Home" "Mozilla/5.0 (Macintosh; Intel Mac OS X 10_15_2) AppleWebKit/537.36 (KHTML, like Gecko) Chrome/83.0.4103.61 Safari/537.36"
[2020-06-14T00:30:00.165] [INFO] access - ::1 - - "POST /users/login HTTP/1.1" 200 768 "http://localhost:3001/Home" "Mozilla/5.0 (Macintosh; Intel Mac OS X 10_15_2) AppleWebKit/537.36 (KHTML, like Gecko) Chrome/83.0.4103.61 Safari/537.36"
[2020-06-14T00:30:00.443] [INFO] access - ::1 - - "OPTIONS /users/getUser HTTP/1.1" 204 - "http://localhost:3001/Home" "Mozilla/5.0 (Macintosh; Intel Mac OS X 10_15_2) AppleWebKit/537.36 (KHTML, like Gecko) Chrome/83.0.4103.61 Safari/537.36"
[2020-06-14T00:30:00.446] [INFO] access - ::1 - - "GET /users/getUser HTTP/1.1" 200 750 "http://localhost:3001/Home" "Mozilla/5.0 (Macintosh; Intel Mac OS X 10_15_2) AppleWebKit/537.36 (KHTML, like Gecko) Chrome/83.0.4103.61 Safari/537.36"
[2020-06-14T00:30:00.547] [INFO] access - ::1 - - "GET /Doctor/Avatar/n3ctUFfcqg4t.jpeg HTTP/1.1" 200 13039 "http://localhost:3001/Doctor/Home" "Mozilla/5.0 (Macintosh; Intel Mac OS X 10_15_2) AppleWebKit/537.36 (KHTML, like Gecko) Chrome/83.0.4103.61 Safari/537.36"
[2020-06-14T00:30:00.548] [INFO] access - ::1 - - "OPTIONS /patientCase?workerId=n3ctUFfcqg4t HTTP/1.1" 204 - "http://localhost:3001/Doctor/Home" "Mozilla/5.0 (Macintosh; Intel Mac OS X 10_15_2) AppleWebKit/537.36 (KHTML, like Gecko) Chrome/83.0.4103.61 Safari/537.36"
[2020-06-14T00:30:00.614] [INFO] access - ::1 - - "GET /patientCase?workerId=n3ctUFfcqg4t HTTP/1.1" 200 16397 "http://localhost:3001/Doctor/Home" "Mozilla/5.0 (Macintosh; Intel Mac OS X 10_15_2) AppleWebKit/537.36 (KHTML, like Gecko) Chrome/83.0.4103.61 Safari/537.36"
[2020-06-14T00:30:00.702] [INFO] access - ::1 - - "OPTIONS /department/examination HTTP/1.1" 204 - "http://localhost:3001/Doctor/Home" "Mozilla/5.0 (Macintosh; Intel Mac OS X 10_15_2) AppleWebKit/537.36 (KHTML, like Gecko) Chrome/83.0.4103.61 Safari/537.36"
[2020-06-14T00:30:00.706] [INFO] access - ::1 - - "GET /department/examination HTTP/1.1" 200 1604 "http://localhost:3001/Doctor/Home" "Mozilla/5.0 (Macintosh; Intel Mac OS X 10_15_2) AppleWebKit/537.36 (KHTML, like Gecko) Chrome/83.0.4103.61 Safari/537.36"
[2020-06-14T00:30:01.996] [INFO] access - ::1 - - "GET /patientCase?workerId=n3ctUFfcqg4t HTTP/1.1" 200 16397 "http://localhost:3001/Doctor/Cases" "Mozilla/5.0 (Macintosh; Intel Mac OS X 10_15_2) AppleWebKit/537.36 (KHTML, like Gecko) Chrome/83.0.4103.61 Safari/537.36"
[2020-06-14T00:30:02.034] [INFO] access - ::1 - - "GET /department/examination HTTP/1.1" 200 1604 "http://localhost:3001/Doctor/Cases" "Mozilla/5.0 (Macintosh; Intel Mac OS X 10_15_2) AppleWebKit/537.36 (KHTML, like Gecko) Chrome/83.0.4103.61 Safari/537.36"
[2020-06-14T00:30:03.338] [INFO] access - ::1 - - "GET /patientCase?workerId=n3ctUFfcqg4t HTTP/1.1" 200 16397 "http://localhost:3001/Doctor/Home" "Mozilla/5.0 (Macintosh; Intel Mac OS X 10_15_2) AppleWebKit/537.36 (KHTML, like Gecko) Chrome/83.0.4103.61 Safari/537.36"
[2020-06-14T00:30:03.367] [INFO] access - ::1 - - "GET /department/examination HTTP/1.1" 200 1604 "http://localhost:3001/Doctor/Home" "Mozilla/5.0 (Macintosh; Intel Mac OS X 10_15_2) AppleWebKit/537.36 (KHTML, like Gecko) Chrome/83.0.4103.61 Safari/537.36"
[2020-06-14T00:30:04.141] [INFO] access - ::1 - - "OPTIONS /patientCase/assay?assayIds=43 HTTP/1.1" 204 - "http://localhost:3001/Doctor/Home/4YRmjxHu8qfH" "Mozilla/5.0 (Macintosh; Intel Mac OS X 10_15_2) AppleWebKit/537.36 (KHTML, like Gecko) Chrome/83.0.4103.61 Safari/537.36"
[2020-06-14T00:30:04.144] [INFO] access - ::1 - - "GET /patientCase/assay?assayIds=43 HTTP/1.1" 200 196 "http://localhost:3001/Doctor/Home/4YRmjxHu8qfH" "Mozilla/5.0 (Macintosh; Intel Mac OS X 10_15_2) AppleWebKit/537.36 (KHTML, like Gecko) Chrome/83.0.4103.61 Safari/537.36"
[2020-06-14T00:32:20.754] [INFO] access - ::1 - - "OPTIONS /users/captcha HTTP/1.1" 204 - "http://localhost:3001/Home" "Mozilla/5.0 (Macintosh; Intel Mac OS X 10_15_2) AppleWebKit/537.36 (KHTML, like Gecko) Chrome/83.0.4103.61 Safari/537.36"
[2020-06-14T00:32:20.757] [INFO] access - ::1 - - "GET /users/captcha HTTP/1.1" 200 3458 "http://localhost:3001/Home" "Mozilla/5.0 (Macintosh; Intel Mac OS X 10_15_2) AppleWebKit/537.36 (KHTML, like Gecko) Chrome/83.0.4103.61 Safari/537.36"
[2020-06-14T00:32:28.404] [INFO] access - ::1 - - "OPTIONS /users/login HTTP/1.1" 204 - "http://localhost:3001/Home" "Mozilla/5.0 (Macintosh; Intel Mac OS X 10_15_2) AppleWebKit/537.36 (KHTML, like Gecko) Chrome/83.0.4103.61 Safari/537.36"
[2020-06-14T00:32:28.494] [INFO] access - ::1 - - "POST /users/login HTTP/1.1" 200 344 "http://localhost:3001/Home" "Mozilla/5.0 (Macintosh; Intel Mac OS X 10_15_2) AppleWebKit/537.36 (KHTML, like Gecko) Chrome/83.0.4103.61 Safari/537.36"
[2020-06-14T00:32:28.622] [INFO] access - ::1 - - "OPTIONS /admin/user?page=1&size=20 HTTP/1.1" 204 - "http://localhost:3001/Admin/User" "Mozilla/5.0 (Macintosh; Intel Mac OS X 10_15_2) AppleWebKit/537.36 (KHTML, like Gecko) Chrome/83.0.4103.61 Safari/537.36"
[2020-06-14T00:32:28.630] [INFO] access - ::1 - - "GET /admin/user?page=1&size=20 HTTP/1.1" 200 1027 "http://localhost:3001/Admin/User" "Mozilla/5.0 (Macintosh; Intel Mac OS X 10_15_2) AppleWebKit/537.36 (KHTML, like Gecko) Chrome/83.0.4103.61 Safari/537.36"
[2020-06-14T00:32:28.838] [INFO] access - ::1 - - "OPTIONS /users/getUser HTTP/1.1" 204 - "http://localhost:3001/Home" "Mozilla/5.0 (Macintosh; Intel Mac OS X 10_15_2) AppleWebKit/537.36 (KHTML, like Gecko) Chrome/83.0.4103.61 Safari/537.36"
[2020-06-14T00:32:28.840] [INFO] access - ::1 - - "GET /users/getUser HTTP/1.1" 200 320 "http://localhost:3001/Home" "Mozilla/5.0 (Macintosh; Intel Mac OS X 10_15_2) AppleWebKit/537.36 (KHTML, like Gecko) Chrome/83.0.4103.61 Safari/537.36"
[2020-06-14T00:32:28.961] [INFO] access - ::1 - - "GET /admin/user?page=1&size=20 HTTP/1.1" 200 1027 "http://localhost:3001/Admin/User" "Mozilla/5.0 (Macintosh; Intel Mac OS X 10_15_2) AppleWebKit/537.36 (KHTML, like Gecko) Chrome/83.0.4103.61 Safari/537.36"
[2020-06-14T00:32:29.015] [INFO] access - ::1 - - "GET /Patient/Avatar/XX0szko2.jpeg HTTP/1.1" 200 13039 "http://localhost:3001/Admin/User" "Mozilla/5.0 (Macintosh; Intel Mac OS X 10_15_2) AppleWebKit/537.36 (KHTML, like Gecko) Chrome/83.0.4103.61 Safari/537.36"
[2020-06-14T00:32:29.987] [INFO] access - ::1 - - "OPTIONS /admin/department HTTP/1.1" 204 - "http://localhost:3001/Admin/Department" "Mozilla/5.0 (Macintosh; Intel Mac OS X 10_15_2) AppleWebKit/537.36 (KHTML, like Gecko) Chrome/83.0.4103.61 Safari/537.36"
[2020-06-14T00:32:30.007] [INFO] access - ::1 - - "GET /admin/department HTTP/1.1" 200 5082 "http://localhost:3001/Admin/Department" "Mozilla/5.0 (Macintosh; Intel Mac OS X 10_15_2) AppleWebKit/537.36 (KHTML, like Gecko) Chrome/83.0.4103.61 Safari/537.36"
