[2020-04-14T15:59:22.831] [INFO] access - ::ffff:127.0.0.1 - - "OPTIONS /graphql HTTP/1.1" 204 - "http://localhost:3001/Patient/Atrcle/2" "Mozilla/5.0 (Macintosh; Intel Mac OS X 10_15_2) AppleWebKit/537.36 (KHTML, like Gecko) Chrome/80.0.3987.132 Safari/537.36"
[2020-04-14T15:59:22.902] [INFO] access - ::ffff:127.0.0.1 - - "POST /graphql HTTP/1.1" 200 3906 "http://localhost:3001/Patient/Atrcle/2" "Mozilla/5.0 (Macintosh; Intel Mac OS X 10_15_2) AppleWebKit/537.36 (KHTML, like Gecko) Chrome/80.0.3987.132 Safari/537.36"
[2020-04-14T15:59:27.214] [INFO] access - ::1 - - "OPTIONS /admin/user?page=1&size=20 HTTP/1.1" 204 - "http://localhost:3001/Admin/User" "Mozilla/5.0 (Macintosh; Intel Mac OS X 10_15_2) AppleWebKit/537.36 (KHTML, like Gecko) Chrome/80.0.3987.132 Safari/537.36"
[2020-04-14T15:59:27.345] [INFO] access - ::1 - - "GET /admin/user?page=1&size=20 HTTP/1.1" 200 1018 "http://localhost:3001/Admin/User" "Mozilla/5.0 (Macintosh; Intel Mac OS X 10_15_2) AppleWebKit/537.36 (KHTML, like Gecko) Chrome/80.0.3987.132 Safari/537.36"
[2020-04-14T15:59:28.624] [INFO] access - ::1 - - "OPTIONS /admin/article HTTP/1.1" 204 - "http://localhost:3001/Admin/Text" "Mozilla/5.0 (Macintosh; Intel Mac OS X 10_15_2) AppleWebKit/537.36 (KHTML, like Gecko) Chrome/80.0.3987.132 Safari/537.36"
[2020-04-14T15:59:28.638] [INFO] access - ::1 - - "GET /admin/article HTTP/1.1" 200 747 "http://localhost:3001/Admin/Text" "Mozilla/5.0 (Macintosh; Intel Mac OS X 10_15_2) AppleWebKit/537.36 (KHTML, like Gecko) Chrome/80.0.3987.132 Safari/537.36"
[2020-04-14T15:59:30.026] [INFO] access - ::ffff:127.0.0.1 - - "OPTIONS /graphql HTTP/1.1" 204 - "http://localhost:3001/Admin/TextEdit/create_0" "Mozilla/5.0 (Macintosh; Intel Mac OS X 10_15_2) AppleWebKit/537.36 (KHTML, like Gecko) Chrome/80.0.3987.132 Safari/537.36"
[2020-04-14T15:59:30.031] [INFO] access - ::ffff:127.0.0.1 - - "POST /graphql HTTP/1.1" 200 3906 "http://localhost:3001/Admin/TextEdit/create_0" "Mozilla/5.0 (Macintosh; Intel Mac OS X 10_15_2) AppleWebKit/537.36 (KHTML, like Gecko) Chrome/80.0.3987.132 Safari/537.36"
[2020-04-14T15:59:44.782] [INFO] access - ::1 - - "OPTIONS /admin/article HTTP/1.1" 204 - "http://localhost:3001/Admin/TextEdit/create_0" "Mozilla/5.0 (Macintosh; Intel Mac OS X 10_15_2) AppleWebKit/537.36 (KHTML, like Gecko) Chrome/80.0.3987.132 Safari/537.36"
[2020-04-14T15:59:44.823] [INFO] access - ::1 - - "POST /admin/article HTTP/1.1" 200 193 "http://localhost:3001/Admin/TextEdit/create_0" "Mozilla/5.0 (Macintosh; Intel Mac OS X 10_15_2) AppleWebKit/537.36 (KHTML, like Gecko) Chrome/80.0.3987.132 Safari/537.36"
[2020-04-14T15:59:44.861] [INFO] access - ::1 - - "GET /admin/article HTTP/1.1" 200 931 "http://localhost:3001/Admin/Text" "Mozilla/5.0 (Macintosh; Intel Mac OS X 10_15_2) AppleWebKit/537.36 (KHTML, like Gecko) Chrome/80.0.3987.132 Safari/537.36"
[2020-04-14T15:59:47.414] [INFO] access - ::ffff:127.0.0.1 - - "OPTIONS /graphql HTTP/1.1" 204 - "http://localhost:3001/Patient/Home" "Mozilla/5.0 (Macintosh; Intel Mac OS X 10_15_2) AppleWebKit/537.36 (KHTML, like Gecko) Chrome/80.0.3987.132 Safari/537.36"
[2020-04-14T15:59:47.417] [INFO] access - ::ffff:127.0.0.1 - - "POST /graphql HTTP/1.1" 200 4067 "http://localhost:3001/Patient/Home" "Mozilla/5.0 (Macintosh; Intel Mac OS X 10_15_2) AppleWebKit/537.36 (KHTML, like Gecko) Chrome/80.0.3987.132 Safari/537.36"
[2020-04-14T15:59:47.477] [INFO] access - ::1 - - "OPTIONS /patientCase/all HTTP/1.1" 204 - "http://localhost:3001/Patient/Home" "Mozilla/5.0 (Macintosh; Intel Mac OS X 10_15_2) AppleWebKit/537.36 (KHTML, like Gecko) Chrome/80.0.3987.132 Safari/537.36"
[2020-04-14T15:59:47.485] [INFO] access - ::1 - - "GET /patientCase/all HTTP/1.1" 200 5137 "http://localhost:3001/Patient/Home" "Mozilla/5.0 (Macintosh; Intel Mac OS X 10_15_2) AppleWebKit/537.36 (KHTML, like Gecko) Chrome/80.0.3987.132 Safari/537.36"
[2020-04-14T15:59:47.519] [INFO] access - ::1 - - "OPTIONS /schedule/today HTTP/1.1" 204 - "http://localhost:3001/Patient/Home" "Mozilla/5.0 (Macintosh; Intel Mac OS X 10_15_2) AppleWebKit/537.36 (KHTML, like Gecko) Chrome/80.0.3987.132 Safari/537.36"
[2020-04-14T15:59:47.529] [INFO] access - ::1 - - "GET /schedule/today HTTP/1.1" 200 553 "http://localhost:3001/Patient/Home" "Mozilla/5.0 (Macintosh; Intel Mac OS X 10_15_2) AppleWebKit/537.36 (KHTML, like Gecko) Chrome/80.0.3987.132 Safari/537.36"
[2020-04-14T15:59:50.353] [INFO] access - ::ffff:127.0.0.1 - - "POST /graphql HTTP/1.1" 200 4067 "http://localhost:3001/Patient/Atrcle/6" "Mozilla/5.0 (Macintosh; Intel Mac OS X 10_15_2) AppleWebKit/537.36 (KHTML, like Gecko) Chrome/80.0.3987.132 Safari/537.36"
[2020-04-14T15:59:58.538] [INFO] access - ::ffff:127.0.0.1 - - "OPTIONS /graphql HTTP/1.1" 204 - "http://localhost:3001/Patient/Home" "Mozilla/5.0 (Macintosh; Intel Mac OS X 10_15_2) AppleWebKit/537.36 (KHTML, like Gecko) Chrome/80.0.3987.132 Safari/537.36"
[2020-04-14T15:59:58.543] [INFO] access - ::ffff:127.0.0.1 - - "POST /graphql HTTP/1.1" 200 4067 "http://localhost:3001/Patient/Home" "Mozilla/5.0 (Macintosh; Intel Mac OS X 10_15_2) AppleWebKit/537.36 (KHTML, like Gecko) Chrome/80.0.3987.132 Safari/537.36"
[2020-04-14T15:59:58.592] [INFO] access - ::1 - - "OPTIONS /patientCase/all HTTP/1.1" 204 - "http://localhost:3001/Patient/Home" "Mozilla/5.0 (Macintosh; Intel Mac OS X 10_15_2) AppleWebKit/537.36 (KHTML, like Gecko) Chrome/80.0.3987.132 Safari/537.36"
[2020-04-14T15:59:58.599] [INFO] access - ::1 - - "GET /patientCase/all HTTP/1.1" 200 5137 "http://localhost:3001/Patient/Home" "Mozilla/5.0 (Macintosh; Intel Mac OS X 10_15_2) AppleWebKit/537.36 (KHTML, like Gecko) Chrome/80.0.3987.132 Safari/537.36"
[2020-04-14T15:59:58.633] [INFO] access - ::1 - - "OPTIONS /schedule/today HTTP/1.1" 204 - "http://localhost:3001/Patient/Home" "Mozilla/5.0 (Macintosh; Intel Mac OS X 10_15_2) AppleWebKit/537.36 (KHTML, like Gecko) Chrome/80.0.3987.132 Safari/537.36"
[2020-04-14T15:59:58.639] [INFO] access - ::1 - - "GET /schedule/today HTTP/1.1" 200 553 "http://localhost:3001/Patient/Home" "Mozilla/5.0 (Macintosh; Intel Mac OS X 10_15_2) AppleWebKit/537.36 (KHTML, like Gecko) Chrome/80.0.3987.132 Safari/537.36"
[2020-04-14T16:01:03.750] [INFO] access - ::ffff:127.0.0.1 - - "OPTIONS /graphql HTTP/1.1" 204 - "http://localhost:3001/Patient/Order" "Mozilla/5.0 (Macintosh; Intel Mac OS X 10_15_2) AppleWebKit/537.36 (KHTML, like Gecko) Chrome/80.0.3987.132 Safari/537.36"
[2020-04-14T16:01:03.754] [INFO] access - ::ffff:127.0.0.1 - - "POST /graphql HTTP/1.1" 200 4067 "http://localhost:3001/Patient/Order" "Mozilla/5.0 (Macintosh; Intel Mac OS X 10_15_2) AppleWebKit/537.36 (KHTML, like Gecko) Chrome/80.0.3987.132 Safari/537.36"
[2020-04-14T16:01:10.809] [INFO] access - ::1 - - "OPTIONS /users/captcha HTTP/1.1" 204 - "http://localhost:3001/Patient/Order" "Mozilla/5.0 (Macintosh; Intel Mac OS X 10_15_2) AppleWebKit/537.36 (KHTML, like Gecko) Chrome/80.0.3987.132 Safari/537.36"
[2020-04-14T16:01:10.822] [INFO] access - ::1 - - "GET /users/captcha HTTP/1.1" 200 3458 "http://localhost:3001/Patient/Order" "Mozilla/5.0 (Macintosh; Intel Mac OS X 10_15_2) AppleWebKit/537.36 (KHTML, like Gecko) Chrome/80.0.3987.132 Safari/537.36"
[2020-04-14T16:01:24.938] [INFO] access - ::ffff:127.0.0.1 - - "OPTIONS /graphql HTTP/1.1" 204 - "http://localhost:3001/Patient/Home" "Mozilla/5.0 (Macintosh; Intel Mac OS X 10_15_2) AppleWebKit/537.36 (KHTML, like Gecko) Chrome/80.0.3987.132 Safari/537.36"
[2020-04-14T16:01:24.942] [INFO] access - ::ffff:127.0.0.1 - - "POST /graphql HTTP/1.1" 200 4067 "http://localhost:3001/Patient/Home" "Mozilla/5.0 (Macintosh; Intel Mac OS X 10_15_2) AppleWebKit/537.36 (KHTML, like Gecko) Chrome/80.0.3987.132 Safari/537.36"
[2020-04-14T16:01:24.998] [INFO] access - ::1 - - "OPTIONS /patientCase/all HTTP/1.1" 204 - "http://localhost:3001/Patient/Home" "Mozilla/5.0 (Macintosh; Intel Mac OS X 10_15_2) AppleWebKit/537.36 (KHTML, like Gecko) Chrome/80.0.3987.132 Safari/537.36"
[2020-04-14T16:01:25.006] [INFO] access - ::1 - - "GET /patientCase/all HTTP/1.1" 200 5137 "http://localhost:3001/Patient/Home" "Mozilla/5.0 (Macintosh; Intel Mac OS X 10_15_2) AppleWebKit/537.36 (KHTML, like Gecko) Chrome/80.0.3987.132 Safari/537.36"
[2020-04-14T16:01:25.041] [INFO] access - ::1 - - "OPTIONS /schedule/today HTTP/1.1" 204 - "http://localhost:3001/Patient/Home" "Mozilla/5.0 (Macintosh; Intel Mac OS X 10_15_2) AppleWebKit/537.36 (KHTML, like Gecko) Chrome/80.0.3987.132 Safari/537.36"
[2020-04-14T16:01:25.047] [INFO] access - ::1 - - "GET /schedule/today HTTP/1.1" 200 553 "http://localhost:3001/Patient/Home" "Mozilla/5.0 (Macintosh; Intel Mac OS X 10_15_2) AppleWebKit/537.36 (KHTML, like Gecko) Chrome/80.0.3987.132 Safari/537.36"
[2020-04-14T16:01:35.725] [INFO] access - ::1 - - "OPTIONS /users/captcha HTTP/1.1" 204 - "http://localhost:3001/Home" "Mozilla/5.0 (Macintosh; Intel Mac OS X 10_15_2) AppleWebKit/537.36 (KHTML, like Gecko) Chrome/80.0.3987.132 Safari/537.36"
[2020-04-14T16:01:35.730] [INFO] access - ::1 - - "GET /users/captcha HTTP/1.1" 200 3458 "http://localhost:3001/Home" "Mozilla/5.0 (Macintosh; Intel Mac OS X 10_15_2) AppleWebKit/537.36 (KHTML, like Gecko) Chrome/80.0.3987.132 Safari/537.36"
[2020-04-14T16:01:47.209] [INFO] access - ::1 - - "OPTIONS /users/login HTTP/1.1" 204 - "http://localhost:3001/Home" "Mozilla/5.0 (Macintosh; Intel Mac OS X 10_15_2) AppleWebKit/537.36 (KHTML, like Gecko) Chrome/80.0.3987.132 Safari/537.36"
[2020-04-14T16:01:47.323] [INFO] access - ::1 - - "POST /users/login HTTP/1.1" 200 768 "http://localhost:3001/Home" "Mozilla/5.0 (Macintosh; Intel Mac OS X 10_15_2) AppleWebKit/537.36 (KHTML, like Gecko) Chrome/80.0.3987.132 Safari/537.36"
[2020-04-14T16:01:48.087] [INFO] access - ::1 - - "OPTIONS /users/getUser HTTP/1.1" 204 - "http://localhost:3001/Home" "Mozilla/5.0 (Macintosh; Intel Mac OS X 10_15_2) AppleWebKit/537.36 (KHTML, like Gecko) Chrome/80.0.3987.132 Safari/537.36"
[2020-04-14T16:01:48.090] [INFO] access - ::1 - - "GET /users/getUser HTTP/1.1" 200 750 "http://localhost:3001/Home" "Mozilla/5.0 (Macintosh; Intel Mac OS X 10_15_2) AppleWebKit/537.36 (KHTML, like Gecko) Chrome/80.0.3987.132 Safari/537.36"
[2020-04-14T16:01:48.260] [INFO] access - ::1 - - "OPTIONS /patientCase?workerId=n3ctUFfcqg4t HTTP/1.1" 204 - "http://localhost:3001/Doctor/Home" "Mozilla/5.0 (Macintosh; Intel Mac OS X 10_15_2) AppleWebKit/537.36 (KHTML, like Gecko) Chrome/80.0.3987.132 Safari/537.36"
[2020-04-14T16:01:48.262] [INFO] access - ::1 - - "GET /Doctor/Avatar/n3ctUFfcqg4t.jpeg HTTP/1.1" 200 13039 "http://localhost:3001/Doctor/Home" "Mozilla/5.0 (Macintosh; Intel Mac OS X 10_15_2) AppleWebKit/537.36 (KHTML, like Gecko) Chrome/80.0.3987.132 Safari/537.36"
[2020-04-14T16:01:48.300] [INFO] access - ::1 - - "GET /patientCase?workerId=n3ctUFfcqg4t HTTP/1.1" 200 8213 "http://localhost:3001/Doctor/Home" "Mozilla/5.0 (Macintosh; Intel Mac OS X 10_15_2) AppleWebKit/537.36 (KHTML, like Gecko) Chrome/80.0.3987.132 Safari/537.36"
[2020-04-14T16:01:48.329] [INFO] access - ::1 - - "OPTIONS /department/examination HTTP/1.1" 204 - "http://localhost:3001/Doctor/Home" "Mozilla/5.0 (Macintosh; Intel Mac OS X 10_15_2) AppleWebKit/537.36 (KHTML, like Gecko) Chrome/80.0.3987.132 Safari/537.36"
[2020-04-14T16:01:48.333] [INFO] access - ::1 - - "GET /department/examination HTTP/1.1" 200 1084 "http://localhost:3001/Doctor/Home" "Mozilla/5.0 (Macintosh; Intel Mac OS X 10_15_2) AppleWebKit/537.36 (KHTML, like Gecko) Chrome/80.0.3987.132 Safari/537.36"
[2020-04-14T16:01:51.883] [INFO] access - ::1 - - "OPTIONS /patientCase/assay?assayIds=22 HTTP/1.1" 204 - "http://localhost:3001/Doctor/Home/gmLYmm46SK11" "Mozilla/5.0 (Macintosh; Intel Mac OS X 10_15_2) AppleWebKit/537.36 (KHTML, like Gecko) Chrome/80.0.3987.132 Safari/537.36"
[2020-04-14T16:01:51.888] [INFO] access - ::1 - - "GET /patientCase/assay?assayIds=22 HTTP/1.1" 200 190 "http://localhost:3001/Doctor/Home/gmLYmm46SK11" "Mozilla/5.0 (Macintosh; Intel Mac OS X 10_15_2) AppleWebKit/537.36 (KHTML, like Gecko) Chrome/80.0.3987.132 Safari/537.36"
[2020-04-14T16:02:05.458] [INFO] access - ::1 - - "OPTIONS /schedule/createWork?departmentId=1 HTTP/1.1" 204 - "http://localhost:3001/Doctor/Schedule/20200414" "Mozilla/5.0 (Macintosh; Intel Mac OS X 10_15_2) AppleWebKit/537.36 (KHTML, like Gecko) Chrome/80.0.3987.132 Safari/537.36"
[2020-04-14T16:02:05.460] [INFO] access - ::1 - - "OPTIONS /doctor?departmentId=1 HTTP/1.1" 204 - "http://localhost:3001/Doctor/Schedule/20200414" "Mozilla/5.0 (Macintosh; Intel Mac OS X 10_15_2) AppleWebKit/537.36 (KHTML, like Gecko) Chrome/80.0.3987.132 Safari/537.36"
[2020-04-14T16:02:05.461] [INFO] access - ::1 - - "OPTIONS /schedule?date=20200414&departmentId=1 HTTP/1.1" 204 - "http://localhost:3001/Doctor/Schedule/20200414" "Mozilla/5.0 (Macintosh; Intel Mac OS X 10_15_2) AppleWebKit/537.36 (KHTML, like Gecko) Chrome/80.0.3987.132 Safari/537.36"
[2020-04-14T16:02:05.464] [INFO] access - ::1 - - "GET /schedule/createWork?departmentId=1 HTTP/1.1" 200 39 "http://localhost:3001/Doctor/Schedule/20200414" "Mozilla/5.0 (Macintosh; Intel Mac OS X 10_15_2) AppleWebKit/537.36 (KHTML, like Gecko) Chrome/80.0.3987.132 Safari/537.36"
[2020-04-14T16:02:05.494] [INFO] access - ::1 - - "GET /doctor?departmentId=1 HTTP/1.1" 200 2118 "http://localhost:3001/Doctor/Schedule/20200414" "Mozilla/5.0 (Macintosh; Intel Mac OS X 10_15_2) AppleWebKit/537.36 (KHTML, like Gecko) Chrome/80.0.3987.132 Safari/537.36"
[2020-04-14T16:02:05.497] [INFO] access - ::1 - - "GET /schedule?date=20200414&departmentId=1 HTTP/1.1" 200 553 "http://localhost:3001/Doctor/Schedule/20200414" "Mozilla/5.0 (Macintosh; Intel Mac OS X 10_15_2) AppleWebKit/537.36 (KHTML, like Gecko) Chrome/80.0.3987.132 Safari/537.36"
[2020-04-14T16:02:12.647] [INFO] access - ::1 - - "OPTIONS /schedule HTTP/1.1" 204 - "http://localhost:3001/Doctor/Schedule/20200414" "Mozilla/5.0 (Macintosh; Intel Mac OS X 10_15_2) AppleWebKit/537.36 (KHTML, like Gecko) Chrome/80.0.3987.132 Safari/537.36"
[2020-04-14T16:02:12.665] [INFO] access - ::1 - - "POST /schedule HTTP/1.1" 200 41 "http://localhost:3001/Doctor/Schedule/20200414" "Mozilla/5.0 (Macintosh; Intel Mac OS X 10_15_2) AppleWebKit/537.36 (KHTML, like Gecko) Chrome/80.0.3987.132 Safari/537.36"
[2020-04-14T16:02:12.688] [INFO] access - ::1 - - "OPTIONS /schedule?date=20200414&departmentId=1 HTTP/1.1" 204 - "http://localhost:3001/Doctor/Schedule/20200414" "Mozilla/5.0 (Macintosh; Intel Mac OS X 10_15_2) AppleWebKit/537.36 (KHTML, like Gecko) Chrome/80.0.3987.132 Safari/537.36"
[2020-04-14T16:02:12.692] [INFO] access - ::1 - - "GET /schedule?date=20200414&departmentId=1 HTTP/1.1" 200 573 "http://localhost:3001/Doctor/Schedule/20200414" "Mozilla/5.0 (Macintosh; Intel Mac OS X 10_15_2) AppleWebKit/537.36 (KHTML, like Gecko) Chrome/80.0.3987.132 Safari/537.36"
[2020-04-14T16:02:16.689] [INFO] access - ::1 - - "POST /schedule HTTP/1.1" 200 41 "http://localhost:3001/Doctor/Schedule/20200414" "Mozilla/5.0 (Macintosh; Intel Mac OS X 10_15_2) AppleWebKit/537.36 (KHTML, like Gecko) Chrome/80.0.3987.132 Safari/537.36"
[2020-04-14T16:02:16.711] [INFO] access - ::1 - - "GET /schedule?date=20200414&departmentId=1 HTTP/1.1" 200 586 "http://localhost:3001/Doctor/Schedule/20200414" "Mozilla/5.0 (Macintosh; Intel Mac OS X 10_15_2) AppleWebKit/537.36 (KHTML, like Gecko) Chrome/80.0.3987.132 Safari/537.36"
[2020-04-14T16:02:22.817] [INFO] access - ::1 - - "OPTIONS /schedule HTTP/1.1" 204 - "http://localhost:3001/Doctor/Schedule/20200414" "Mozilla/5.0 (Macintosh; Intel Mac OS X 10_15_2) AppleWebKit/537.36 (KHTML, like Gecko) Chrome/80.0.3987.132 Safari/537.36"
[2020-04-14T16:02:22.825] [INFO] access - ::1 - - "POST /schedule HTTP/1.1" 200 41 "http://localhost:3001/Doctor/Schedule/20200414" "Mozilla/5.0 (Macintosh; Intel Mac OS X 10_15_2) AppleWebKit/537.36 (KHTML, like Gecko) Chrome/80.0.3987.132 Safari/537.36"
[2020-04-14T16:02:22.849] [INFO] access - ::1 - - "OPTIONS /schedule?date=20200414&departmentId=1 HTTP/1.1" 204 - "http://localhost:3001/Doctor/Schedule/20200414" "Mozilla/5.0 (Macintosh; Intel Mac OS X 10_15_2) AppleWebKit/537.36 (KHTML, like Gecko) Chrome/80.0.3987.132 Safari/537.36"
[2020-04-14T16:02:22.854] [INFO] access - ::1 - - "GET /schedule?date=20200414&departmentId=1 HTTP/1.1" 200 606 "http://localhost:3001/Doctor/Schedule/20200414" "Mozilla/5.0 (Macintosh; Intel Mac OS X 10_15_2) AppleWebKit/537.36 (KHTML, like Gecko) Chrome/80.0.3987.132 Safari/537.36"
[2020-04-14T16:02:28.538] [INFO] access - ::1 - - "OPTIONS /schedule HTTP/1.1" 204 - "http://localhost:3001/Doctor/Schedule/20200414" "Mozilla/5.0 (Macintosh; Intel Mac OS X 10_15_2) AppleWebKit/537.36 (KHTML, like Gecko) Chrome/80.0.3987.132 Safari/537.36"
[2020-04-14T16:02:28.547] [INFO] access - ::1 - - "POST /schedule HTTP/1.1" 200 41 "http://localhost:3001/Doctor/Schedule/20200414" "Mozilla/5.0 (Macintosh; Intel Mac OS X 10_15_2) AppleWebKit/537.36 (KHTML, like Gecko) Chrome/80.0.3987.132 Safari/537.36"
[2020-04-14T16:02:28.563] [INFO] access - ::1 - - "OPTIONS /schedule?date=20200414&departmentId=1 HTTP/1.1" 204 - "http://localhost:3001/Doctor/Schedule/20200414" "Mozilla/5.0 (Macintosh; Intel Mac OS X 10_15_2) AppleWebKit/537.36 (KHTML, like Gecko) Chrome/80.0.3987.132 Safari/537.36"
[2020-04-14T16:02:28.568] [INFO] access - ::1 - - "GET /schedule?date=20200414&departmentId=1 HTTP/1.1" 200 619 "http://localhost:3001/Doctor/Schedule/20200414" "Mozilla/5.0 (Macintosh; Intel Mac OS X 10_15_2) AppleWebKit/537.36 (KHTML, like Gecko) Chrome/80.0.3987.132 Safari/537.36"
[2020-04-14T16:02:32.501] [INFO] access - ::1 - - "POST /schedule HTTP/1.1" 200 41 "http://localhost:3001/Doctor/Schedule/20200414" "Mozilla/5.0 (Macintosh; Intel Mac OS X 10_15_2) AppleWebKit/537.36 (KHTML, like Gecko) Chrome/80.0.3987.132 Safari/537.36"
[2020-04-14T16:02:32.523] [INFO] access - ::1 - - "GET /schedule?date=20200414&departmentId=1 HTTP/1.1" 200 639 "http://localhost:3001/Doctor/Schedule/20200414" "Mozilla/5.0 (Macintosh; Intel Mac OS X 10_15_2) AppleWebKit/537.36 (KHTML, like Gecko) Chrome/80.0.3987.132 Safari/537.36"
[2020-04-14T16:02:37.829] [INFO] access - ::1 - - "OPTIONS /schedule HTTP/1.1" 204 - "http://localhost:3001/Doctor/Schedule/20200414" "Mozilla/5.0 (Macintosh; Intel Mac OS X 10_15_2) AppleWebKit/537.36 (KHTML, like Gecko) Chrome/80.0.3987.132 Safari/537.36"
[2020-04-14T16:02:37.838] [INFO] access - ::1 - - "POST /schedule HTTP/1.1" 200 41 "http://localhost:3001/Doctor/Schedule/20200414" "Mozilla/5.0 (Macintosh; Intel Mac OS X 10_15_2) AppleWebKit/537.36 (KHTML, like Gecko) Chrome/80.0.3987.132 Safari/537.36"
[2020-04-14T16:02:37.858] [INFO] access - ::1 - - "OPTIONS /schedule?date=20200414&departmentId=1 HTTP/1.1" 204 - "http://localhost:3001/Doctor/Schedule/20200414" "Mozilla/5.0 (Macintosh; Intel Mac OS X 10_15_2) AppleWebKit/537.36 (KHTML, like Gecko) Chrome/80.0.3987.132 Safari/537.36"
[2020-04-14T16:02:37.863] [INFO] access - ::1 - - "GET /schedule?date=20200414&departmentId=1 HTTP/1.1" 200 652 "http://localhost:3001/Doctor/Schedule/20200414" "Mozilla/5.0 (Macintosh; Intel Mac OS X 10_15_2) AppleWebKit/537.36 (KHTML, like Gecko) Chrome/80.0.3987.132 Safari/537.36"
[2020-04-14T16:03:10.474] [INFO] access - ::ffff:127.0.0.1 - - "OPTIONS /graphql HTTP/1.1" 204 - "http://localhost:3001/Patient/Home" "Mozilla/5.0 (Macintosh; Intel Mac OS X 10_15_2) AppleWebKit/537.36 (KHTML, like Gecko) Chrome/80.0.3987.132 Safari/537.36"
[2020-04-14T16:03:10.477] [INFO] access - ::ffff:127.0.0.1 - - "POST /graphql HTTP/1.1" 200 4067 "http://localhost:3001/Patient/Home" "Mozilla/5.0 (Macintosh; Intel Mac OS X 10_15_2) AppleWebKit/537.36 (KHTML, like Gecko) Chrome/80.0.3987.132 Safari/537.36"
[2020-04-14T16:03:10.513] [INFO] access - ::1 - - "OPTIONS /patientCase/all HTTP/1.1" 204 - "http://localhost:3001/Patient/Home" "Mozilla/5.0 (Macintosh; Intel Mac OS X 10_15_2) AppleWebKit/537.36 (KHTML, like Gecko) Chrome/80.0.3987.132 Safari/537.36"
[2020-04-14T16:03:10.523] [INFO] access - ::1 - - "GET /patientCase/all HTTP/1.1" 200 5137 "http://localhost:3001/Patient/Home" "Mozilla/5.0 (Macintosh; Intel Mac OS X 10_15_2) AppleWebKit/537.36 (KHTML, like Gecko) Chrome/80.0.3987.132 Safari/537.36"
[2020-04-14T16:03:10.560] [INFO] access - ::1 - - "OPTIONS /schedule/today HTTP/1.1" 204 - "http://localhost:3001/Patient/Home" "Mozilla/5.0 (Macintosh; Intel Mac OS X 10_15_2) AppleWebKit/537.36 (KHTML, like Gecko) Chrome/80.0.3987.132 Safari/537.36"
[2020-04-14T16:03:10.565] [INFO] access - ::1 - - "GET /schedule/today HTTP/1.1" 200 652 "http://localhost:3001/Patient/Home" "Mozilla/5.0 (Macintosh; Intel Mac OS X 10_15_2) AppleWebKit/537.36 (KHTML, like Gecko) Chrome/80.0.3987.132 Safari/537.36"
[2020-04-14T16:03:10.591] [INFO] access - ::1 - - "GET /Common/carousel/lun3.jpg HTTP/1.1" 200 45434 "http://localhost:3001/Patient/Home" "Mozilla/5.0 (Macintosh; Intel Mac OS X 10_15_2) AppleWebKit/537.36 (KHTML, like Gecko) Chrome/80.0.3987.132 Safari/537.36"
[2020-04-14T16:03:10.591] [INFO] access - ::1 - - "GET /Common/carousel/timg.jpeg HTTP/1.1" 200 77897 "http://localhost:3001/Patient/Home" "Mozilla/5.0 (Macintosh; Intel Mac OS X 10_15_2) AppleWebKit/537.36 (KHTML, like Gecko) Chrome/80.0.3987.132 Safari/537.36"
[2020-04-14T16:03:10.591] [INFO] access - ::1 - - "GET /Common/carousel/lun1.jpg HTTP/1.1" 200 414559 "http://localhost:3001/Patient/Home" "Mozilla/5.0 (Macintosh; Intel Mac OS X 10_15_2) AppleWebKit/537.36 (KHTML, like Gecko) Chrome/80.0.3987.132 Safari/537.36"
[2020-04-14T16:03:12.843] [INFO] access - ::1 - - "OPTIONS /users/captcha HTTP/1.1" 204 - "http://localhost:3001/Patient/Home" "Mozilla/5.0 (Macintosh; Intel Mac OS X 10_15_2) AppleWebKit/537.36 (KHTML, like Gecko) Chrome/80.0.3987.132 Safari/537.36"
[2020-04-14T16:03:12.847] [INFO] access - ::1 - - "GET /users/captcha HTTP/1.1" 200 3458 "http://localhost:3001/Patient/Home" "Mozilla/5.0 (Macintosh; Intel Mac OS X 10_15_2) AppleWebKit/537.36 (KHTML, like Gecko) Chrome/80.0.3987.132 Safari/537.36"
[2020-04-14T16:03:26.699] [INFO] access - ::1 - - "OPTIONS /users/login HTTP/1.1" 204 - "http://localhost:3001/Patient/Home" "Mozilla/5.0 (Macintosh; Intel Mac OS X 10_15_2) AppleWebKit/537.36 (KHTML, like Gecko) Chrome/80.0.3987.132 Safari/537.36"
[2020-04-14T16:03:26.702] [INFO] access - ::1 - - "POST /users/login HTTP/1.1" 200 48 "http://localhost:3001/Patient/Home" "Mozilla/5.0 (Macintosh; Intel Mac OS X 10_15_2) AppleWebKit/537.36 (KHTML, like Gecko) Chrome/80.0.3987.132 Safari/537.36"
[2020-04-14T16:03:33.318] [INFO] access - ::1 - - "OPTIONS /users/login HTTP/1.1" 204 - "http://localhost:3001/Patient/Home" "Mozilla/5.0 (Macintosh; Intel Mac OS X 10_15_2) AppleWebKit/537.36 (KHTML, like Gecko) Chrome/80.0.3987.132 Safari/537.36"
[2020-04-14T16:03:33.406] [INFO] access - ::1 - - "POST /users/login HTTP/1.1" 200 548 "http://localhost:3001/Patient/Home" "Mozilla/5.0 (Macintosh; Intel Mac OS X 10_15_2) AppleWebKit/537.36 (KHTML, like Gecko) Chrome/80.0.3987.132 Safari/537.36"
[2020-04-14T16:03:42.314] [INFO] access - ::ffff:127.0.0.1 - - "OPTIONS /graphql HTTP/1.1" 204 - "http://localhost:3001/Patient/Order" "Mozilla/5.0 (Macintosh; Intel Mac OS X 10_15_2) AppleWebKit/537.36 (KHTML, like Gecko) Chrome/80.0.3987.132 Safari/537.36"
[2020-04-14T16:03:42.317] [INFO] access - ::ffff:127.0.0.1 - - "POST /graphql HTTP/1.1" 200 4067 "http://localhost:3001/Patient/Order" "Mozilla/5.0 (Macintosh; Intel Mac OS X 10_15_2) AppleWebKit/537.36 (KHTML, like Gecko) Chrome/80.0.3987.132 Safari/537.36"
[2020-04-14T16:03:47.539] [INFO] access - ::1 - - "OPTIONS /doctor?departmentId=1 HTTP/1.1" 204 - "http://localhost:3001/Patient/Order" "Mozilla/5.0 (Macintosh; Intel Mac OS X 10_15_2) AppleWebKit/537.36 (KHTML, like Gecko) Chrome/80.0.3987.132 Safari/537.36"
[2020-04-14T16:03:47.553] [INFO] access - ::1 - - "GET /doctor?departmentId=1 HTTP/1.1" 200 2118 "http://localhost:3001/Patient/Order" "Mozilla/5.0 (Macintosh; Intel Mac OS X 10_15_2) AppleWebKit/537.36 (KHTML, like Gecko) Chrome/80.0.3987.132 Safari/537.36"
[2020-04-14T16:03:47.562] [INFO] access - ::1 - - "OPTIONS /schedule/getScheduleOfPeriod?departmentId=1 HTTP/1.1" 204 - "http://localhost:3001/Patient/Order" "Mozilla/5.0 (Macintosh; Intel Mac OS X 10_15_2) AppleWebKit/537.36 (KHTML, like Gecko) Chrome/80.0.3987.132 Safari/537.36"
[2020-04-14T16:03:47.579] [INFO] access - ::1 - - "GET /schedule/getScheduleOfPeriod?departmentId=1 HTTP/1.1" 200 3622 "http://localhost:3001/Patient/Order" "Mozilla/5.0 (Macintosh; Intel Mac OS X 10_15_2) AppleWebKit/537.36 (KHTML, like Gecko) Chrome/80.0.3987.132 Safari/537.36"
[2020-04-14T16:03:50.790] [INFO] access - ::1 - - "OPTIONS /order?workerId=n3ctUFfcqg4t&wokrId=20200414012 HTTP/1.1" 204 - "http://localhost:3001/Patient/Order" "Mozilla/5.0 (Macintosh; Intel Mac OS X 10_15_2) AppleWebKit/537.36 (KHTML, like Gecko) Chrome/80.0.3987.132 Safari/537.36"
[2020-04-14T16:03:50.801] [INFO] access - ::1 - - "GET /order?workerId=n3ctUFfcqg4t&wokrId=20200414012 HTTP/1.1" 200 149 "http://localhost:3001/Patient/Order" "Mozilla/5.0 (Macintosh; Intel Mac OS X 10_15_2) AppleWebKit/537.36 (KHTML, like Gecko) Chrome/80.0.3987.132 Safari/537.36"
[2020-04-14T16:03:55.596] [INFO] access - ::1 - - "OPTIONS /order HTTP/1.1" 204 - "http://localhost:3001/Patient/Order" "Mozilla/5.0 (Macintosh; Intel Mac OS X 10_15_2) AppleWebKit/537.36 (KHTML, like Gecko) Chrome/80.0.3987.132 Safari/537.36"
[2020-04-14T16:03:55.609] [INFO] access - ::1 - - "POST /order HTTP/1.1" 200 61 "http://localhost:3001/Patient/Order" "Mozilla/5.0 (Macintosh; Intel Mac OS X 10_15_2) AppleWebKit/537.36 (KHTML, like Gecko) Chrome/80.0.3987.132 Safari/537.36"
[2020-04-14T16:04:17.324] [INFO] access - ::1 - - "OPTIONS /order/info HTTP/1.1" 204 - "http://localhost:3001/Patient/Order" "Mozilla/5.0 (Macintosh; Intel Mac OS X 10_15_2) AppleWebKit/537.36 (KHTML, like Gecko) Chrome/80.0.3987.132 Safari/537.36"
[2020-04-14T16:04:17.333] [INFO] access - ::1 - - "POST /order/info HTTP/1.1" 200 15 "http://localhost:3001/Patient/Order" "Mozilla/5.0 (Macintosh; Intel Mac OS X 10_15_2) AppleWebKit/537.36 (KHTML, like Gecko) Chrome/80.0.3987.132 Safari/537.36"
[2020-04-14T16:04:22.987] [INFO] access - ::ffff:127.0.0.1 - - "OPTIONS /graphql HTTP/1.1" 204 - "http://localhost:3001/Patient/Home" "Mozilla/5.0 (Macintosh; Intel Mac OS X 10_15_2) AppleWebKit/537.36 (KHTML, like Gecko) Chrome/80.0.3987.132 Safari/537.36"
[2020-04-14T16:04:22.990] [INFO] access - ::ffff:127.0.0.1 - - "POST /graphql HTTP/1.1" 200 4067 "http://localhost:3001/Patient/Home" "Mozilla/5.0 (Macintosh; Intel Mac OS X 10_15_2) AppleWebKit/537.36 (KHTML, like Gecko) Chrome/80.0.3987.132 Safari/537.36"
[2020-04-14T16:04:23.035] [INFO] access - ::1 - - "OPTIONS /users/getUser HTTP/1.1" 204 - "http://localhost:3001/Patient/Home" "Mozilla/5.0 (Macintosh; Intel Mac OS X 10_15_2) AppleWebKit/537.36 (KHTML, like Gecko) Chrome/80.0.3987.132 Safari/537.36"
[2020-04-14T16:04:23.037] [INFO] access - ::1 - - "OPTIONS /patientCase/all HTTP/1.1" 204 - "http://localhost:3001/Patient/Home" "Mozilla/5.0 (Macintosh; Intel Mac OS X 10_15_2) AppleWebKit/537.36 (KHTML, like Gecko) Chrome/80.0.3987.132 Safari/537.36"
[2020-04-14T16:04:23.039] [INFO] access - ::1 - - "GET /users/getUser HTTP/1.1" 200 528 "http://localhost:3001/Patient/Home" "Mozilla/5.0 (Macintosh; Intel Mac OS X 10_15_2) AppleWebKit/537.36 (KHTML, like Gecko) Chrome/80.0.3987.132 Safari/537.36"
[2020-04-14T16:04:23.044] [INFO] access - ::1 - - "GET /patientCase/all HTTP/1.1" 200 5685 "http://localhost:3001/Patient/Home" "Mozilla/5.0 (Macintosh; Intel Mac OS X 10_15_2) AppleWebKit/537.36 (KHTML, like Gecko) Chrome/80.0.3987.132 Safari/537.36"
[2020-04-14T16:04:23.135] [INFO] access - ::1 - - "OPTIONS /schedule/today HTTP/1.1" 204 - "http://localhost:3001/Patient/Home" "Mozilla/5.0 (Macintosh; Intel Mac OS X 10_15_2) AppleWebKit/537.36 (KHTML, like Gecko) Chrome/80.0.3987.132 Safari/537.36"
[2020-04-14T16:04:23.140] [INFO] access - ::1 - - "GET /schedule/today HTTP/1.1" 200 652 "http://localhost:3001/Patient/Home" "Mozilla/5.0 (Macintosh; Intel Mac OS X 10_15_2) AppleWebKit/537.36 (KHTML, like Gecko) Chrome/80.0.3987.132 Safari/537.36"
[2020-04-14T16:04:23.170] [INFO] access - ::1 - - "GET /Common/carousel/lun3.jpg HTTP/1.1" 200 45434 "http://localhost:3001/Patient/Home" "Mozilla/5.0 (Macintosh; Intel Mac OS X 10_15_2) AppleWebKit/537.36 (KHTML, like Gecko) Chrome/80.0.3987.132 Safari/537.36"
[2020-04-14T16:04:23.170] [INFO] access - ::1 - - "GET /Common/carousel/timg.jpeg HTTP/1.1" 200 77897 "http://localhost:3001/Patient/Home" "Mozilla/5.0 (Macintosh; Intel Mac OS X 10_15_2) AppleWebKit/537.36 (KHTML, like Gecko) Chrome/80.0.3987.132 Safari/537.36"
[2020-04-14T16:04:23.176] [INFO] access - ::1 - - "GET /Common/carousel/lun1.jpg HTTP/1.1" 200 414559 "http://localhost:3001/Patient/Home" "Mozilla/5.0 (Macintosh; Intel Mac OS X 10_15_2) AppleWebKit/537.36 (KHTML, like Gecko) Chrome/80.0.3987.132 Safari/537.36"
[2020-04-14T16:04:28.907] [INFO] access - ::1 - - "OPTIONS /users/captcha HTTP/1.1" 204 - "http://localhost:3001/Home" "Mozilla/5.0 (Macintosh; Intel Mac OS X 10_15_2) AppleWebKit/537.36 (KHTML, like Gecko) Chrome/80.0.3987.132 Safari/537.36"
[2020-04-14T16:04:28.911] [INFO] access - ::1 - - "GET /users/captcha HTTP/1.1" 200 3458 "http://localhost:3001/Home" "Mozilla/5.0 (Macintosh; Intel Mac OS X 10_15_2) AppleWebKit/537.36 (KHTML, like Gecko) Chrome/80.0.3987.132 Safari/537.36"
[2020-04-14T16:04:38.174] [INFO] access - ::1 - - "OPTIONS /users/login HTTP/1.1" 204 - "http://localhost:3001/Home" "Mozilla/5.0 (Macintosh; Intel Mac OS X 10_15_2) AppleWebKit/537.36 (KHTML, like Gecko) Chrome/80.0.3987.132 Safari/537.36"
[2020-04-14T16:04:38.269] [INFO] access - ::1 - - "POST /users/login HTTP/1.1" 200 768 "http://localhost:3001/Home" "Mozilla/5.0 (Macintosh; Intel Mac OS X 10_15_2) AppleWebKit/537.36 (KHTML, like Gecko) Chrome/80.0.3987.132 Safari/537.36"
[2020-04-14T16:04:38.563] [INFO] access - ::1 - - "OPTIONS /users/getUser HTTP/1.1" 204 - "http://localhost:3001/Home" "Mozilla/5.0 (Macintosh; Intel Mac OS X 10_15_2) AppleWebKit/537.36 (KHTML, like Gecko) Chrome/80.0.3987.132 Safari/537.36"
[2020-04-14T16:04:38.566] [INFO] access - ::1 - - "GET /users/getUser HTTP/1.1" 200 750 "http://localhost:3001/Home" "Mozilla/5.0 (Macintosh; Intel Mac OS X 10_15_2) AppleWebKit/537.36 (KHTML, like Gecko) Chrome/80.0.3987.132 Safari/537.36"
[2020-04-14T16:04:38.657] [INFO] access - ::1 - - "GET /Doctor/Avatar/n3ctUFfcqg4t.jpeg HTTP/1.1" 200 13039 "http://localhost:3001/Doctor/Home" "Mozilla/5.0 (Macintosh; Intel Mac OS X 10_15_2) AppleWebKit/537.36 (KHTML, like Gecko) Chrome/80.0.3987.132 Safari/537.36"
[2020-04-14T16:04:38.658] [INFO] access - ::1 - - "OPTIONS /patientCase?workerId=n3ctUFfcqg4t HTTP/1.1" 204 - "http://localhost:3001/Doctor/Home" "Mozilla/5.0 (Macintosh; Intel Mac OS X 10_15_2) AppleWebKit/537.36 (KHTML, like Gecko) Chrome/80.0.3987.132 Safari/537.36"
[2020-04-14T16:04:38.687] [INFO] access - ::1 - - "GET /patientCase?workerId=n3ctUFfcqg4t HTTP/1.1" 200 9016 "http://localhost:3001/Doctor/Home" "Mozilla/5.0 (Macintosh; Intel Mac OS X 10_15_2) AppleWebKit/537.36 (KHTML, like Gecko) Chrome/80.0.3987.132 Safari/537.36"
[2020-04-14T16:04:38.720] [INFO] access - ::1 - - "OPTIONS /department/examination HTTP/1.1" 204 - "http://localhost:3001/Doctor/Home" "Mozilla/5.0 (Macintosh; Intel Mac OS X 10_15_2) AppleWebKit/537.36 (KHTML, like Gecko) Chrome/80.0.3987.132 Safari/537.36"
[2020-04-14T16:04:38.724] [INFO] access - ::1 - - "GET /department/examination HTTP/1.1" 200 1084 "http://localhost:3001/Doctor/Home" "Mozilla/5.0 (Macintosh; Intel Mac OS X 10_15_2) AppleWebKit/537.36 (KHTML, like Gecko) Chrome/80.0.3987.132 Safari/537.36"
[2020-04-14T16:04:58.144] [INFO] access - ::1 - - "OPTIONS /patientCase/doctor HTTP/1.1" 204 - "http://localhost:3001/Doctor/Home/LE9ELLNRq319" "Mozilla/5.0 (Macintosh; Intel Mac OS X 10_15_2) AppleWebKit/537.36 (KHTML, like Gecko) Chrome/80.0.3987.132 Safari/537.36"
[2020-04-14T16:04:58.157] [INFO] access - ::1 - - "POST /patientCase/doctor HTTP/1.1" 200 44 "http://localhost:3001/Doctor/Home/LE9ELLNRq319" "Mozilla/5.0 (Macintosh; Intel Mac OS X 10_15_2) AppleWebKit/537.36 (KHTML, like Gecko) Chrome/80.0.3987.132 Safari/537.36"
[2020-04-14T16:04:58.211] [INFO] access - ::1 - - "OPTIONS /patientCase?workerId=n3ctUFfcqg4t HTTP/1.1" 204 - "http://localhost:3001/Doctor/Cases/" "Mozilla/5.0 (Macintosh; Intel Mac OS X 10_15_2) AppleWebKit/537.36 (KHTML, like Gecko) Chrome/80.0.3987.132 Safari/537.36"
[2020-04-14T16:04:58.255] [INFO] access - ::1 - - "GET /patientCase?workerId=n3ctUFfcqg4t HTTP/1.1" 200 9026 "http://localhost:3001/Doctor/Cases/" "Mozilla/5.0 (Macintosh; Intel Mac OS X 10_15_2) AppleWebKit/537.36 (KHTML, like Gecko) Chrome/80.0.3987.132 Safari/537.36"
[2020-04-14T16:04:58.280] [INFO] access - ::1 - - "OPTIONS /department/examination HTTP/1.1" 204 - "http://localhost:3001/Doctor/Cases/" "Mozilla/5.0 (Macintosh; Intel Mac OS X 10_15_2) AppleWebKit/537.36 (KHTML, like Gecko) Chrome/80.0.3987.132 Safari/537.36"
[2020-04-14T16:04:58.285] [INFO] access - ::1 - - "GET /department/examination HTTP/1.1" 200 1084 "http://localhost:3001/Doctor/Cases/" "Mozilla/5.0 (Macintosh; Intel Mac OS X 10_15_2) AppleWebKit/537.36 (KHTML, like Gecko) Chrome/80.0.3987.132 Safari/537.36"
[2020-04-14T16:05:01.820] [INFO] access - ::1 - - "OPTIONS /patientCase/assay?assayIds=20 HTTP/1.1" 204 - "http://localhost:3001/Doctor/Cases/j3eGwflyIIHD" "Mozilla/5.0 (Macintosh; Intel Mac OS X 10_15_2) AppleWebKit/537.36 (KHTML, like Gecko) Chrome/80.0.3987.132 Safari/537.36"
[2020-04-14T16:05:01.823] [INFO] access - ::1 - - "GET /patientCase/assay?assayIds=20 HTTP/1.1" 200 208 "http://localhost:3001/Doctor/Cases/j3eGwflyIIHD" "Mozilla/5.0 (Macintosh; Intel Mac OS X 10_15_2) AppleWebKit/537.36 (KHTML, like Gecko) Chrome/80.0.3987.132 Safari/537.36"
[2020-04-14T16:05:03.683] [INFO] access - ::1 - - "OPTIONS /patientCase?workerId=n3ctUFfcqg4t HTTP/1.1" 204 - "http://localhost:3001/Doctor/Home" "Mozilla/5.0 (Macintosh; Intel Mac OS X 10_15_2) AppleWebKit/537.36 (KHTML, like Gecko) Chrome/80.0.3987.132 Safari/537.36"
[2020-04-14T16:05:03.727] [INFO] access - ::1 - - "GET /patientCase?workerId=n3ctUFfcqg4t HTTP/1.1" 200 9026 "http://localhost:3001/Doctor/Home" "Mozilla/5.0 (Macintosh; Intel Mac OS X 10_15_2) AppleWebKit/537.36 (KHTML, like Gecko) Chrome/80.0.3987.132 Safari/537.36"
[2020-04-14T16:05:03.748] [INFO] access - ::1 - - "OPTIONS /department/examination HTTP/1.1" 204 - "http://localhost:3001/Doctor/Home" "Mozilla/5.0 (Macintosh; Intel Mac OS X 10_15_2) AppleWebKit/537.36 (KHTML, like Gecko) Chrome/80.0.3987.132 Safari/537.36"
[2020-04-14T16:05:03.753] [INFO] access - ::1 - - "GET /department/examination HTTP/1.1" 200 1084 "http://localhost:3001/Doctor/Home" "Mozilla/5.0 (Macintosh; Intel Mac OS X 10_15_2) AppleWebKit/537.36 (KHTML, like Gecko) Chrome/80.0.3987.132 Safari/537.36"
[2020-04-14T16:05:05.469] [INFO] access - ::1 - - "OPTIONS /patientCase/assay?assayIds=22 HTTP/1.1" 204 - "http://localhost:3001/Doctor/Home/gmLYmm46SK11" "Mozilla/5.0 (Macintosh; Intel Mac OS X 10_15_2) AppleWebKit/537.36 (KHTML, like Gecko) Chrome/80.0.3987.132 Safari/537.36"
[2020-04-14T16:05:05.473] [INFO] access - ::1 - - "GET /patientCase/assay?assayIds=22 HTTP/1.1" 200 190 "http://localhost:3001/Doctor/Home/gmLYmm46SK11" "Mozilla/5.0 (Macintosh; Intel Mac OS X 10_15_2) AppleWebKit/537.36 (KHTML, like Gecko) Chrome/80.0.3987.132 Safari/537.36"
[2020-04-14T16:05:28.087] [INFO] access - ::1 - - "OPTIONS /patientCase/doctor HTTP/1.1" 204 - "http://localhost:3001/Doctor/Home/gmLYmm46SK11" "Mozilla/5.0 (Macintosh; Intel Mac OS X 10_15_2) AppleWebKit/537.36 (KHTML, like Gecko) Chrome/80.0.3987.132 Safari/537.36"
[2020-04-14T16:05:28.101] [INFO] access - ::1 - - "POST /patientCase/doctor HTTP/1.1" 200 44 "http://localhost:3001/Doctor/Home/gmLYmm46SK11" "Mozilla/5.0 (Macintosh; Intel Mac OS X 10_15_2) AppleWebKit/537.36 (KHTML, like Gecko) Chrome/80.0.3987.132 Safari/537.36"
[2020-04-14T16:05:28.142] [INFO] access - ::1 - - "OPTIONS /patientCase?workerId=n3ctUFfcqg4t HTTP/1.1" 204 - "http://localhost:3001/Doctor/Cases/" "Mozilla/5.0 (Macintosh; Intel Mac OS X 10_15_2) AppleWebKit/537.36 (KHTML, like Gecko) Chrome/80.0.3987.132 Safari/537.36"
[2020-04-14T16:05:28.174] [INFO] access - ::1 - - "GET /patientCase?workerId=n3ctUFfcqg4t HTTP/1.1" 200 9053 "http://localhost:3001/Doctor/Cases/" "Mozilla/5.0 (Macintosh; Intel Mac OS X 10_15_2) AppleWebKit/537.36 (KHTML, like Gecko) Chrome/80.0.3987.132 Safari/537.36"
[2020-04-14T16:05:28.195] [INFO] access - ::1 - - "OPTIONS /department/examination HTTP/1.1" 204 - "http://localhost:3001/Doctor/Cases/" "Mozilla/5.0 (Macintosh; Intel Mac OS X 10_15_2) AppleWebKit/537.36 (KHTML, like Gecko) Chrome/80.0.3987.132 Safari/537.36"
[2020-04-14T16:05:28.200] [INFO] access - ::1 - - "GET /department/examination HTTP/1.1" 200 1084 "http://localhost:3001/Doctor/Cases/" "Mozilla/5.0 (Macintosh; Intel Mac OS X 10_15_2) AppleWebKit/537.36 (KHTML, like Gecko) Chrome/80.0.3987.132 Safari/537.36"
[2020-04-14T16:05:33.091] [INFO] access - ::1 - - "GET /patientCase?workerId=n3ctUFfcqg4t HTTP/1.1" 200 9053 "http://localhost:3001/Doctor/Home" "Mozilla/5.0 (Macintosh; Intel Mac OS X 10_15_2) AppleWebKit/537.36 (KHTML, like Gecko) Chrome/80.0.3987.132 Safari/537.36"
[2020-04-14T16:05:33.113] [INFO] access - ::1 - - "GET /department/examination HTTP/1.1" 200 1084 "http://localhost:3001/Doctor/Home" "Mozilla/5.0 (Macintosh; Intel Mac OS X 10_15_2) AppleWebKit/537.36 (KHTML, like Gecko) Chrome/80.0.3987.132 Safari/537.36"
[2020-04-14T16:05:35.126] [INFO] access - ::1 - - "OPTIONS /patientCase/assay?assayIds=24 HTTP/1.1" 204 - "http://localhost:3001/Doctor/Home/LE9ELLNRq319" "Mozilla/5.0 (Macintosh; Intel Mac OS X 10_15_2) AppleWebKit/537.36 (KHTML, like Gecko) Chrome/80.0.3987.132 Safari/537.36"
[2020-04-14T16:05:35.130] [INFO] access - ::1 - - "GET /patientCase/assay?assayIds=24 HTTP/1.1" 200 190 "http://localhost:3001/Doctor/Home/LE9ELLNRq319" "Mozilla/5.0 (Macintosh; Intel Mac OS X 10_15_2) AppleWebKit/537.36 (KHTML, like Gecko) Chrome/80.0.3987.132 Safari/537.36"
[2020-04-14T16:05:50.027] [INFO] access - ::1 - - "OPTIONS /patientCase?workerId=n3ctUFfcqg4t HTTP/1.1" 204 - "http://localhost:3001/Doctor/Cases" "Mozilla/5.0 (Macintosh; Intel Mac OS X 10_15_2) AppleWebKit/537.36 (KHTML, like Gecko) Chrome/80.0.3987.132 Safari/537.36"
[2020-04-14T16:05:50.059] [INFO] access - ::1 - - "GET /patientCase?workerId=n3ctUFfcqg4t HTTP/1.1" 200 9053 "http://localhost:3001/Doctor/Cases" "Mozilla/5.0 (Macintosh; Intel Mac OS X 10_15_2) AppleWebKit/537.36 (KHTML, like Gecko) Chrome/80.0.3987.132 Safari/537.36"
[2020-04-14T16:05:50.080] [INFO] access - ::1 - - "OPTIONS /department/examination HTTP/1.1" 204 - "http://localhost:3001/Doctor/Cases" "Mozilla/5.0 (Macintosh; Intel Mac OS X 10_15_2) AppleWebKit/537.36 (KHTML, like Gecko) Chrome/80.0.3987.132 Safari/537.36"
[2020-04-14T16:05:50.084] [INFO] access - ::1 - - "GET /department/examination HTTP/1.1" 200 1084 "http://localhost:3001/Doctor/Cases" "Mozilla/5.0 (Macintosh; Intel Mac OS X 10_15_2) AppleWebKit/537.36 (KHTML, like Gecko) Chrome/80.0.3987.132 Safari/537.36"
[2020-04-14T16:05:52.330] [INFO] access - ::1 - - "OPTIONS /schedule/createWork?departmentId=1 HTTP/1.1" 204 - "http://localhost:3001/Doctor/Schedule/20200414" "Mozilla/5.0 (Macintosh; Intel Mac OS X 10_15_2) AppleWebKit/537.36 (KHTML, like Gecko) Chrome/80.0.3987.132 Safari/537.36"
[2020-04-14T16:05:52.331] [INFO] access - ::1 - - "OPTIONS /doctor?departmentId=1 HTTP/1.1" 204 - "http://localhost:3001/Doctor/Schedule/20200414" "Mozilla/5.0 (Macintosh; Intel Mac OS X 10_15_2) AppleWebKit/537.36 (KHTML, like Gecko) Chrome/80.0.3987.132 Safari/537.36"
[2020-04-14T16:05:52.332] [INFO] access - ::1 - - "OPTIONS /schedule?date=20200414&departmentId=1 HTTP/1.1" 204 - "http://localhost:3001/Doctor/Schedule/20200414" "Mozilla/5.0 (Macintosh; Intel Mac OS X 10_15_2) AppleWebKit/537.36 (KHTML, like Gecko) Chrome/80.0.3987.132 Safari/537.36"
[2020-04-14T16:05:52.335] [INFO] access - ::1 - - "GET /schedule/createWork?departmentId=1 HTTP/1.1" 200 39 "http://localhost:3001/Doctor/Schedule/20200414" "Mozilla/5.0 (Macintosh; Intel Mac OS X 10_15_2) AppleWebKit/537.36 (KHTML, like Gecko) Chrome/80.0.3987.132 Safari/537.36"
[2020-04-14T16:05:52.344] [INFO] access - ::1 - - "GET /doctor?departmentId=1 HTTP/1.1" 200 2118 "http://localhost:3001/Doctor/Schedule/20200414" "Mozilla/5.0 (Macintosh; Intel Mac OS X 10_15_2) AppleWebKit/537.36 (KHTML, like Gecko) Chrome/80.0.3987.132 Safari/537.36"
[2020-04-14T16:05:52.344] [INFO] access - ::1 - - "GET /schedule?date=20200414&departmentId=1 HTTP/1.1" 200 652 "http://localhost:3001/Doctor/Schedule/20200414" "Mozilla/5.0 (Macintosh; Intel Mac OS X 10_15_2) AppleWebKit/537.36 (KHTML, like Gecko) Chrome/80.0.3987.132 Safari/537.36"
