[2020-05-07T20:34:02.619] [INFO] access - ::1 - - "GET / HTTP/1.1" 404 - "" "Mozilla/5.0 (Macintosh; Intel Mac OS X 10_15_2) AppleWebKit/537.36 (KHTML, like Gecko) Chrome/81.0.4044.138 Safari/537.36"
[2020-05-07T20:34:02.744] [INFO] access - ::1 - - "GET /favicon.ico HTTP/1.1" 404 - "http://localhost:3000/" "Mozilla/5.0 (Macintosh; Intel Mac OS X 10_15_2) AppleWebKit/537.36 (KHTML, like Gecko) Chrome/81.0.4044.138 Safari/537.36"
[2020-05-07T20:34:07.427] [INFO] access - ::1 - - "GET /graphql HTTP/1.1" 200 17802 "" "Mozilla/5.0 (Macintosh; Intel Mac OS X 10_15_2) AppleWebKit/537.36 (KHTML, like Gecko) Chrome/81.0.4044.138 Safari/537.36"
[2020-05-07T20:34:11.363] [INFO] access - ::1 - - "POST /graphql HTTP/1.1" 200 21955 "http://localhost:3000/graphql" "Mozilla/5.0 (Macintosh; Intel Mac OS X 10_15_2) AppleWebKit/537.36 (KHTML, like Gecko) Chrome/81.0.4044.138 Safari/537.36"
[2020-05-07T20:34:11.414] [INFO] access - ::1 - - "POST /graphql HTTP/1.1" 200 21955 "http://localhost:3000/graphql" "Mozilla/5.0 (Macintosh; Intel Mac OS X 10_15_2) AppleWebKit/537.36 (KHTML, like Gecko) Chrome/81.0.4044.138 Safari/537.36"
[2020-05-07T20:34:13.426] [INFO] access - ::1 - - "POST /graphql HTTP/1.1" 200 21955 "http://localhost:3000/graphql" "Mozilla/5.0 (Macintosh; Intel Mac OS X 10_15_2) AppleWebKit/537.36 (KHTML, like Gecko) Chrome/81.0.4044.138 Safari/537.36"
[2020-05-07T20:34:15.463] [INFO] access - ::1 - - "POST /graphql HTTP/1.1" 200 21955 "http://localhost:3000/graphql" "Mozilla/5.0 (Macintosh; Intel Mac OS X 10_15_2) AppleWebKit/537.36 (KHTML, like Gecko) Chrome/81.0.4044.138 Safari/537.36"
[2020-05-07T20:34:17.487] [INFO] access - ::1 - - "POST /graphql HTTP/1.1" 200 21955 "http://localhost:3000/graphql" "Mozilla/5.0 (Macintosh; Intel Mac OS X 10_15_2) AppleWebKit/537.36 (KHTML, like Gecko) Chrome/81.0.4044.138 Safari/537.36"
[2020-05-07T20:34:19.510] [INFO] access - ::1 - - "POST /graphql HTTP/1.1" 200 21955 "http://localhost:3000/graphql" "Mozilla/5.0 (Macintosh; Intel Mac OS X 10_15_2) AppleWebKit/537.36 (KHTML, like Gecko) Chrome/81.0.4044.138 Safari/537.36"
[2020-05-07T20:34:21.531] [INFO] access - ::1 - - "POST /graphql HTTP/1.1" 200 3725 "http://localhost:3000/graphql" "Mozilla/5.0 (Macintosh; Intel Mac OS X 10_15_2) AppleWebKit/537.36 (KHTML, like Gecko) Chrome/81.0.4044.138 Safari/537.36"
[2020-05-07T20:34:21.547] [INFO] access - ::1 - - "POST /graphql HTTP/1.1" 200 21955 "http://localhost:3000/graphql" "Mozilla/5.0 (Macintosh; Intel Mac OS X 10_15_2) AppleWebKit/537.36 (KHTML, like Gecko) Chrome/81.0.4044.138 Safari/537.36"
[2020-05-07T20:34:23.636] [INFO] access - ::1 - - "POST /graphql HTTP/1.1" 200 21955 "http://localhost:3000/graphql" "Mozilla/5.0 (Macintosh; Intel Mac OS X 10_15_2) AppleWebKit/537.36 (KHTML, like Gecko) Chrome/81.0.4044.138 Safari/537.36"
[2020-05-07T20:34:25.666] [INFO] access - ::1 - - "POST /graphql HTTP/1.1" 200 21955 "http://localhost:3000/graphql" "Mozilla/5.0 (Macintosh; Intel Mac OS X 10_15_2) AppleWebKit/537.36 (KHTML, like Gecko) Chrome/81.0.4044.138 Safari/537.36"
[2020-05-07T20:34:27.682] [INFO] access - ::1 - - "POST /graphql HTTP/1.1" 200 21955 "http://localhost:3000/graphql" "Mozilla/5.0 (Macintosh; Intel Mac OS X 10_15_2) AppleWebKit/537.36 (KHTML, like Gecko) Chrome/81.0.4044.138 Safari/537.36"
[2020-05-07T20:34:29.707] [INFO] access - ::1 - - "POST /graphql HTTP/1.1" 200 21955 "http://localhost:3000/graphql" "Mozilla/5.0 (Macintosh; Intel Mac OS X 10_15_2) AppleWebKit/537.36 (KHTML, like Gecko) Chrome/81.0.4044.138 Safari/537.36"
[2020-05-07T20:34:31.726] [INFO] access - ::1 - - "POST /graphql HTTP/1.1" 200 21955 "http://localhost:3000/graphql" "Mozilla/5.0 (Macintosh; Intel Mac OS X 10_15_2) AppleWebKit/537.36 (KHTML, like Gecko) Chrome/81.0.4044.138 Safari/537.36"
[2020-05-07T20:34:33.759] [INFO] access - ::1 - - "POST /graphql HTTP/1.1" 200 21955 "http://localhost:3000/graphql" "Mozilla/5.0 (Macintosh; Intel Mac OS X 10_15_2) AppleWebKit/537.36 (KHTML, like Gecko) Chrome/81.0.4044.138 Safari/537.36"
[2020-05-07T20:34:35.781] [INFO] access - ::1 - - "POST /graphql HTTP/1.1" 200 21955 "http://localhost:3000/graphql" "Mozilla/5.0 (Macintosh; Intel Mac OS X 10_15_2) AppleWebKit/537.36 (KHTML, like Gecko) Chrome/81.0.4044.138 Safari/537.36"
[2020-05-07T20:34:37.807] [INFO] access - ::1 - - "POST /graphql HTTP/1.1" 200 21955 "http://localhost:3000/graphql" "Mozilla/5.0 (Macintosh; Intel Mac OS X 10_15_2) AppleWebKit/537.36 (KHTML, like Gecko) Chrome/81.0.4044.138 Safari/537.36"
[2020-05-07T20:34:39.820] [INFO] access - ::1 - - "POST /graphql HTTP/1.1" 200 21955 "http://localhost:3000/graphql" "Mozilla/5.0 (Macintosh; Intel Mac OS X 10_15_2) AppleWebKit/537.36 (KHTML, like Gecko) Chrome/81.0.4044.138 Safari/537.36"
[2020-05-07T20:34:45.918] [INFO] access - ::1 - - "POST /graphql HTTP/1.1" 200 21955 "http://localhost:3000/graphql" "Mozilla/5.0 (Macintosh; Intel Mac OS X 10_15_2) AppleWebKit/537.36 (KHTML, like Gecko) Chrome/81.0.4044.138 Safari/537.36"
[2020-05-07T20:34:47.938] [INFO] access - ::1 - - "POST /graphql HTTP/1.1" 200 21955 "http://localhost:3000/graphql" "Mozilla/5.0 (Macintosh; Intel Mac OS X 10_15_2) AppleWebKit/537.36 (KHTML, like Gecko) Chrome/81.0.4044.138 Safari/537.36"
[2020-05-07T20:34:49.957] [INFO] access - ::1 - - "POST /graphql HTTP/1.1" 200 21955 "http://localhost:3000/graphql" "Mozilla/5.0 (Macintosh; Intel Mac OS X 10_15_2) AppleWebKit/537.36 (KHTML, like Gecko) Chrome/81.0.4044.138 Safari/537.36"
[2020-05-07T20:34:51.982] [INFO] access - ::1 - - "POST /graphql HTTP/1.1" 200 21955 "http://localhost:3000/graphql" "Mozilla/5.0 (Macintosh; Intel Mac OS X 10_15_2) AppleWebKit/537.36 (KHTML, like Gecko) Chrome/81.0.4044.138 Safari/537.36"
[2020-05-07T20:34:54.002] [INFO] access - ::1 - - "POST /graphql HTTP/1.1" 200 21955 "http://localhost:3000/graphql" "Mozilla/5.0 (Macintosh; Intel Mac OS X 10_15_2) AppleWebKit/537.36 (KHTML, like Gecko) Chrome/81.0.4044.138 Safari/537.36"
[2020-05-07T20:34:56.031] [INFO] access - ::1 - - "POST /graphql HTTP/1.1" 200 21955 "http://localhost:3000/graphql" "Mozilla/5.0 (Macintosh; Intel Mac OS X 10_15_2) AppleWebKit/537.36 (KHTML, like Gecko) Chrome/81.0.4044.138 Safari/537.36"
[2020-05-07T20:34:58.053] [INFO] access - ::1 - - "POST /graphql HTTP/1.1" 200 21955 "http://localhost:3000/graphql" "Mozilla/5.0 (Macintosh; Intel Mac OS X 10_15_2) AppleWebKit/537.36 (KHTML, like Gecko) Chrome/81.0.4044.138 Safari/537.36"
[2020-05-07T20:35:00.067] [INFO] access - ::1 - - "POST /graphql HTTP/1.1" 200 21955 "http://localhost:3000/graphql" "Mozilla/5.0 (Macintosh; Intel Mac OS X 10_15_2) AppleWebKit/537.36 (KHTML, like Gecko) Chrome/81.0.4044.138 Safari/537.36"
[2020-05-07T20:35:02.088] [INFO] access - ::1 - - "POST /graphql HTTP/1.1" 200 21955 "http://localhost:3000/graphql" "Mozilla/5.0 (Macintosh; Intel Mac OS X 10_15_2) AppleWebKit/537.36 (KHTML, like Gecko) Chrome/81.0.4044.138 Safari/537.36"
[2020-05-07T20:35:04.113] [INFO] access - ::1 - - "POST /graphql HTTP/1.1" 200 21955 "http://localhost:3000/graphql" "Mozilla/5.0 (Macintosh; Intel Mac OS X 10_15_2) AppleWebKit/537.36 (KHTML, like Gecko) Chrome/81.0.4044.138 Safari/537.36"
[2020-05-07T20:35:06.143] [INFO] access - ::1 - - "POST /graphql HTTP/1.1" 200 21955 "http://localhost:3000/graphql" "Mozilla/5.0 (Macintosh; Intel Mac OS X 10_15_2) AppleWebKit/537.36 (KHTML, like Gecko) Chrome/81.0.4044.138 Safari/537.36"
[2020-05-07T20:35:08.172] [INFO] access - ::1 - - "POST /graphql HTTP/1.1" 200 21955 "http://localhost:3000/graphql" "Mozilla/5.0 (Macintosh; Intel Mac OS X 10_15_2) AppleWebKit/537.36 (KHTML, like Gecko) Chrome/81.0.4044.138 Safari/537.36"
[2020-05-07T20:35:10.184] [INFO] access - ::1 - - "POST /graphql HTTP/1.1" 200 21955 "http://localhost:3000/graphql" "Mozilla/5.0 (Macintosh; Intel Mac OS X 10_15_2) AppleWebKit/537.36 (KHTML, like Gecko) Chrome/81.0.4044.138 Safari/537.36"
[2020-05-07T20:35:12.202] [INFO] access - ::1 - - "POST /graphql HTTP/1.1" 200 21955 "http://localhost:3000/graphql" "Mozilla/5.0 (Macintosh; Intel Mac OS X 10_15_2) AppleWebKit/537.36 (KHTML, like Gecko) Chrome/81.0.4044.138 Safari/537.36"
[2020-05-07T20:35:14.219] [INFO] access - ::1 - - "POST /graphql HTTP/1.1" 200 21955 "http://localhost:3000/graphql" "Mozilla/5.0 (Macintosh; Intel Mac OS X 10_15_2) AppleWebKit/537.36 (KHTML, like Gecko) Chrome/81.0.4044.138 Safari/537.36"
[2020-05-07T20:35:16.233] [INFO] access - ::1 - - "POST /graphql HTTP/1.1" 200 21955 "http://localhost:3000/graphql" "Mozilla/5.0 (Macintosh; Intel Mac OS X 10_15_2) AppleWebKit/537.36 (KHTML, like Gecko) Chrome/81.0.4044.138 Safari/537.36"
[2020-05-07T20:35:18.250] [INFO] access - ::1 - - "POST /graphql HTTP/1.1" 200 21955 "http://localhost:3000/graphql" "Mozilla/5.0 (Macintosh; Intel Mac OS X 10_15_2) AppleWebKit/537.36 (KHTML, like Gecko) Chrome/81.0.4044.138 Safari/537.36"
[2020-05-07T20:35:20.266] [INFO] access - ::1 - - "POST /graphql HTTP/1.1" 200 21955 "http://localhost:3000/graphql" "Mozilla/5.0 (Macintosh; Intel Mac OS X 10_15_2) AppleWebKit/537.36 (KHTML, like Gecko) Chrome/81.0.4044.138 Safari/537.36"
[2020-05-07T20:35:22.283] [INFO] access - ::1 - - "POST /graphql HTTP/1.1" 200 21955 "http://localhost:3000/graphql" "Mozilla/5.0 (Macintosh; Intel Mac OS X 10_15_2) AppleWebKit/537.36 (KHTML, like Gecko) Chrome/81.0.4044.138 Safari/537.36"
[2020-05-07T20:35:24.305] [INFO] access - ::1 - - "POST /graphql HTTP/1.1" 200 21955 "http://localhost:3000/graphql" "Mozilla/5.0 (Macintosh; Intel Mac OS X 10_15_2) AppleWebKit/537.36 (KHTML, like Gecko) Chrome/81.0.4044.138 Safari/537.36"
[2020-05-07T20:35:26.317] [INFO] access - ::1 - - "POST /graphql HTTP/1.1" 200 21955 "http://localhost:3000/graphql" "Mozilla/5.0 (Macintosh; Intel Mac OS X 10_15_2) AppleWebKit/537.36 (KHTML, like Gecko) Chrome/81.0.4044.138 Safari/537.36"
[2020-05-07T20:35:28.338] [INFO] access - ::1 - - "POST /graphql HTTP/1.1" 200 21955 "http://localhost:3000/graphql" "Mozilla/5.0 (Macintosh; Intel Mac OS X 10_15_2) AppleWebKit/537.36 (KHTML, like Gecko) Chrome/81.0.4044.138 Safari/537.36"
[2020-05-07T20:35:30.358] [INFO] access - ::1 - - "POST /graphql HTTP/1.1" 200 21955 "http://localhost:3000/graphql" "Mozilla/5.0 (Macintosh; Intel Mac OS X 10_15_2) AppleWebKit/537.36 (KHTML, like Gecko) Chrome/81.0.4044.138 Safari/537.36"
[2020-05-07T20:35:32.371] [INFO] access - ::1 - - "POST /graphql HTTP/1.1" 200 21955 "http://localhost:3000/graphql" "Mozilla/5.0 (Macintosh; Intel Mac OS X 10_15_2) AppleWebKit/537.36 (KHTML, like Gecko) Chrome/81.0.4044.138 Safari/537.36"
[2020-05-07T20:35:34.384] [INFO] access - ::1 - - "POST /graphql HTTP/1.1" 200 21955 "http://localhost:3000/graphql" "Mozilla/5.0 (Macintosh; Intel Mac OS X 10_15_2) AppleWebKit/537.36 (KHTML, like Gecko) Chrome/81.0.4044.138 Safari/537.36"
[2020-05-07T20:35:36.398] [INFO] access - ::1 - - "POST /graphql HTTP/1.1" 200 21955 "http://localhost:3000/graphql" "Mozilla/5.0 (Macintosh; Intel Mac OS X 10_15_2) AppleWebKit/537.36 (KHTML, like Gecko) Chrome/81.0.4044.138 Safari/537.36"
[2020-05-07T20:35:38.414] [INFO] access - ::1 - - "POST /graphql HTTP/1.1" 200 21955 "http://localhost:3000/graphql" "Mozilla/5.0 (Macintosh; Intel Mac OS X 10_15_2) AppleWebKit/537.36 (KHTML, like Gecko) Chrome/81.0.4044.138 Safari/537.36"
[2020-05-07T20:35:40.441] [INFO] access - ::1 - - "POST /graphql HTTP/1.1" 200 21955 "http://localhost:3000/graphql" "Mozilla/5.0 (Macintosh; Intel Mac OS X 10_15_2) AppleWebKit/537.36 (KHTML, like Gecko) Chrome/81.0.4044.138 Safari/537.36"
[2020-05-07T20:35:42.467] [INFO] access - ::1 - - "POST /graphql HTTP/1.1" 200 21955 "http://localhost:3000/graphql" "Mozilla/5.0 (Macintosh; Intel Mac OS X 10_15_2) AppleWebKit/537.36 (KHTML, like Gecko) Chrome/81.0.4044.138 Safari/537.36"
[2020-05-07T20:35:44.495] [INFO] access - ::1 - - "POST /graphql HTTP/1.1" 200 21955 "http://localhost:3000/graphql" "Mozilla/5.0 (Macintosh; Intel Mac OS X 10_15_2) AppleWebKit/537.36 (KHTML, like Gecko) Chrome/81.0.4044.138 Safari/537.36"
[2020-05-07T20:35:46.508] [INFO] access - ::1 - - "POST /graphql HTTP/1.1" 200 21955 "http://localhost:3000/graphql" "Mozilla/5.0 (Macintosh; Intel Mac OS X 10_15_2) AppleWebKit/537.36 (KHTML, like Gecko) Chrome/81.0.4044.138 Safari/537.36"
[2020-05-07T20:35:48.524] [INFO] access - ::1 - - "POST /graphql HTTP/1.1" 200 21955 "http://localhost:3000/graphql" "Mozilla/5.0 (Macintosh; Intel Mac OS X 10_15_2) AppleWebKit/537.36 (KHTML, like Gecko) Chrome/81.0.4044.138 Safari/537.36"
[2020-05-07T20:35:50.546] [INFO] access - ::1 - - "POST /graphql HTTP/1.1" 200 21955 "http://localhost:3000/graphql" "Mozilla/5.0 (Macintosh; Intel Mac OS X 10_15_2) AppleWebKit/537.36 (KHTML, like Gecko) Chrome/81.0.4044.138 Safari/537.36"
[2020-05-07T20:35:52.584] [INFO] access - ::1 - - "POST /graphql HTTP/1.1" 200 21955 "http://localhost:3000/graphql" "Mozilla/5.0 (Macintosh; Intel Mac OS X 10_15_2) AppleWebKit/537.36 (KHTML, like Gecko) Chrome/81.0.4044.138 Safari/537.36"
[2020-05-07T20:35:54.604] [INFO] access - ::1 - - "POST /graphql HTTP/1.1" 200 21955 "http://localhost:3000/graphql" "Mozilla/5.0 (Macintosh; Intel Mac OS X 10_15_2) AppleWebKit/537.36 (KHTML, like Gecko) Chrome/81.0.4044.138 Safari/537.36"
[2020-05-07T20:35:56.620] [INFO] access - ::1 - - "POST /graphql HTTP/1.1" 200 21955 "http://localhost:3000/graphql" "Mozilla/5.0 (Macintosh; Intel Mac OS X 10_15_2) AppleWebKit/537.36 (KHTML, like Gecko) Chrome/81.0.4044.138 Safari/537.36"
[2020-05-07T20:35:58.644] [INFO] access - ::1 - - "POST /graphql HTTP/1.1" 200 21955 "http://localhost:3000/graphql" "Mozilla/5.0 (Macintosh; Intel Mac OS X 10_15_2) AppleWebKit/537.36 (KHTML, like Gecko) Chrome/81.0.4044.138 Safari/537.36"
[2020-05-07T20:36:00.666] [INFO] access - ::1 - - "POST /graphql HTTP/1.1" 200 21955 "http://localhost:3000/graphql" "Mozilla/5.0 (Macintosh; Intel Mac OS X 10_15_2) AppleWebKit/537.36 (KHTML, like Gecko) Chrome/81.0.4044.138 Safari/537.36"
[2020-05-07T20:36:02.683] [INFO] access - ::1 - - "POST /graphql HTTP/1.1" 200 21955 "http://localhost:3000/graphql" "Mozilla/5.0 (Macintosh; Intel Mac OS X 10_15_2) AppleWebKit/537.36 (KHTML, like Gecko) Chrome/81.0.4044.138 Safari/537.36"
[2020-05-07T20:36:04.698] [INFO] access - ::1 - - "POST /graphql HTTP/1.1" 200 21955 "http://localhost:3000/graphql" "Mozilla/5.0 (Macintosh; Intel Mac OS X 10_15_2) AppleWebKit/537.36 (KHTML, like Gecko) Chrome/81.0.4044.138 Safari/537.36"
[2020-05-07T20:36:06.716] [INFO] access - ::1 - - "POST /graphql HTTP/1.1" 200 21955 "http://localhost:3000/graphql" "Mozilla/5.0 (Macintosh; Intel Mac OS X 10_15_2) AppleWebKit/537.36 (KHTML, like Gecko) Chrome/81.0.4044.138 Safari/537.36"
[2020-05-07T20:36:08.732] [INFO] access - ::1 - - "POST /graphql HTTP/1.1" 200 21955 "http://localhost:3000/graphql" "Mozilla/5.0 (Macintosh; Intel Mac OS X 10_15_2) AppleWebKit/537.36 (KHTML, like Gecko) Chrome/81.0.4044.138 Safari/537.36"
[2020-05-07T20:36:10.746] [INFO] access - ::1 - - "POST /graphql HTTP/1.1" 200 21955 "http://localhost:3000/graphql" "Mozilla/5.0 (Macintosh; Intel Mac OS X 10_15_2) AppleWebKit/537.36 (KHTML, like Gecko) Chrome/81.0.4044.138 Safari/537.36"
[2020-05-07T20:36:12.763] [INFO] access - ::1 - - "POST /graphql HTTP/1.1" 200 21955 "http://localhost:3000/graphql" "Mozilla/5.0 (Macintosh; Intel Mac OS X 10_15_2) AppleWebKit/537.36 (KHTML, like Gecko) Chrome/81.0.4044.138 Safari/537.36"
[2020-05-07T20:36:14.787] [INFO] access - ::1 - - "POST /graphql HTTP/1.1" 200 21955 "http://localhost:3000/graphql" "Mozilla/5.0 (Macintosh; Intel Mac OS X 10_15_2) AppleWebKit/537.36 (KHTML, like Gecko) Chrome/81.0.4044.138 Safari/537.36"
[2020-05-07T20:36:16.809] [INFO] access - ::1 - - "POST /graphql HTTP/1.1" 200 21955 "http://localhost:3000/graphql" "Mozilla/5.0 (Macintosh; Intel Mac OS X 10_15_2) AppleWebKit/537.36 (KHTML, like Gecko) Chrome/81.0.4044.138 Safari/537.36"
[2020-05-07T20:36:18.829] [INFO] access - ::1 - - "POST /graphql HTTP/1.1" 200 21955 "http://localhost:3000/graphql" "Mozilla/5.0 (Macintosh; Intel Mac OS X 10_15_2) AppleWebKit/537.36 (KHTML, like Gecko) Chrome/81.0.4044.138 Safari/537.36"
[2020-05-07T20:36:20.843] [INFO] access - ::1 - - "POST /graphql HTTP/1.1" 200 21955 "http://localhost:3000/graphql" "Mozilla/5.0 (Macintosh; Intel Mac OS X 10_15_2) AppleWebKit/537.36 (KHTML, like Gecko) Chrome/81.0.4044.138 Safari/537.36"
[2020-05-07T20:36:22.858] [INFO] access - ::1 - - "POST /graphql HTTP/1.1" 200 21955 "http://localhost:3000/graphql" "Mozilla/5.0 (Macintosh; Intel Mac OS X 10_15_2) AppleWebKit/537.36 (KHTML, like Gecko) Chrome/81.0.4044.138 Safari/537.36"
[2020-05-07T20:36:24.880] [INFO] access - ::1 - - "POST /graphql HTTP/1.1" 200 21955 "http://localhost:3000/graphql" "Mozilla/5.0 (Macintosh; Intel Mac OS X 10_15_2) AppleWebKit/537.36 (KHTML, like Gecko) Chrome/81.0.4044.138 Safari/537.36"
[2020-05-07T20:36:26.897] [INFO] access - ::1 - - "POST /graphql HTTP/1.1" 200 21955 "http://localhost:3000/graphql" "Mozilla/5.0 (Macintosh; Intel Mac OS X 10_15_2) AppleWebKit/537.36 (KHTML, like Gecko) Chrome/81.0.4044.138 Safari/537.36"
[2020-05-07T20:36:28.916] [INFO] access - ::1 - - "POST /graphql HTTP/1.1" 200 21955 "http://localhost:3000/graphql" "Mozilla/5.0 (Macintosh; Intel Mac OS X 10_15_2) AppleWebKit/537.36 (KHTML, like Gecko) Chrome/81.0.4044.138 Safari/537.36"
[2020-05-07T20:36:30.940] [INFO] access - ::1 - - "POST /graphql HTTP/1.1" 200 21955 "http://localhost:3000/graphql" "Mozilla/5.0 (Macintosh; Intel Mac OS X 10_15_2) AppleWebKit/537.36 (KHTML, like Gecko) Chrome/81.0.4044.138 Safari/537.36"
[2020-05-07T20:36:32.956] [INFO] access - ::1 - - "POST /graphql HTTP/1.1" 200 21955 "http://localhost:3000/graphql" "Mozilla/5.0 (Macintosh; Intel Mac OS X 10_15_2) AppleWebKit/537.36 (KHTML, like Gecko) Chrome/81.0.4044.138 Safari/537.36"
[2020-05-07T20:36:34.982] [INFO] access - ::1 - - "POST /graphql HTTP/1.1" 200 21955 "http://localhost:3000/graphql" "Mozilla/5.0 (Macintosh; Intel Mac OS X 10_15_2) AppleWebKit/537.36 (KHTML, like Gecko) Chrome/81.0.4044.138 Safari/537.36"
[2020-05-07T20:36:37.008] [INFO] access - ::1 - - "POST /graphql HTTP/1.1" 200 21955 "http://localhost:3000/graphql" "Mozilla/5.0 (Macintosh; Intel Mac OS X 10_15_2) AppleWebKit/537.36 (KHTML, like Gecko) Chrome/81.0.4044.138 Safari/537.36"
[2020-05-07T20:36:39.033] [INFO] access - ::1 - - "POST /graphql HTTP/1.1" 200 21955 "http://localhost:3000/graphql" "Mozilla/5.0 (Macintosh; Intel Mac OS X 10_15_2) AppleWebKit/537.36 (KHTML, like Gecko) Chrome/81.0.4044.138 Safari/537.36"
[2020-05-07T20:36:41.063] [INFO] access - ::1 - - "POST /graphql HTTP/1.1" 200 21955 "http://localhost:3000/graphql" "Mozilla/5.0 (Macintosh; Intel Mac OS X 10_15_2) AppleWebKit/537.36 (KHTML, like Gecko) Chrome/81.0.4044.138 Safari/537.36"
[2020-05-07T20:36:43.091] [INFO] access - ::1 - - "POST /graphql HTTP/1.1" 200 21955 "http://localhost:3000/graphql" "Mozilla/5.0 (Macintosh; Intel Mac OS X 10_15_2) AppleWebKit/537.36 (KHTML, like Gecko) Chrome/81.0.4044.138 Safari/537.36"
[2020-05-07T20:36:45.112] [INFO] access - ::1 - - "POST /graphql HTTP/1.1" 200 21955 "http://localhost:3000/graphql" "Mozilla/5.0 (Macintosh; Intel Mac OS X 10_15_2) AppleWebKit/537.36 (KHTML, like Gecko) Chrome/81.0.4044.138 Safari/537.36"
[2020-05-07T20:36:47.125] [INFO] access - ::1 - - "POST /graphql HTTP/1.1" 200 21955 "http://localhost:3000/graphql" "Mozilla/5.0 (Macintosh; Intel Mac OS X 10_15_2) AppleWebKit/537.36 (KHTML, like Gecko) Chrome/81.0.4044.138 Safari/537.36"
[2020-05-07T20:36:49.139] [INFO] access - ::1 - - "POST /graphql HTTP/1.1" 200 21955 "http://localhost:3000/graphql" "Mozilla/5.0 (Macintosh; Intel Mac OS X 10_15_2) AppleWebKit/537.36 (KHTML, like Gecko) Chrome/81.0.4044.138 Safari/537.36"
[2020-05-07T20:36:51.152] [INFO] access - ::1 - - "POST /graphql HTTP/1.1" 200 21955 "http://localhost:3000/graphql" "Mozilla/5.0 (Macintosh; Intel Mac OS X 10_15_2) AppleWebKit/537.36 (KHTML, like Gecko) Chrome/81.0.4044.138 Safari/537.36"
[2020-05-07T20:36:53.175] [INFO] access - ::1 - - "POST /graphql HTTP/1.1" 200 21955 "http://localhost:3000/graphql" "Mozilla/5.0 (Macintosh; Intel Mac OS X 10_15_2) AppleWebKit/537.36 (KHTML, like Gecko) Chrome/81.0.4044.138 Safari/537.36"
[2020-05-07T20:36:55.200] [INFO] access - ::1 - - "POST /graphql HTTP/1.1" 200 21955 "http://localhost:3000/graphql" "Mozilla/5.0 (Macintosh; Intel Mac OS X 10_15_2) AppleWebKit/537.36 (KHTML, like Gecko) Chrome/81.0.4044.138 Safari/537.36"
[2020-05-07T20:36:57.221] [INFO] access - ::1 - - "POST /graphql HTTP/1.1" 200 21955 "http://localhost:3000/graphql" "Mozilla/5.0 (Macintosh; Intel Mac OS X 10_15_2) AppleWebKit/537.36 (KHTML, like Gecko) Chrome/81.0.4044.138 Safari/537.36"
[2020-05-07T20:36:59.236] [INFO] access - ::1 - - "POST /graphql HTTP/1.1" 200 21955 "http://localhost:3000/graphql" "Mozilla/5.0 (Macintosh; Intel Mac OS X 10_15_2) AppleWebKit/537.36 (KHTML, like Gecko) Chrome/81.0.4044.138 Safari/537.36"
[2020-05-07T20:37:01.255] [INFO] access - ::1 - - "POST /graphql HTTP/1.1" 200 21955 "http://localhost:3000/graphql" "Mozilla/5.0 (Macintosh; Intel Mac OS X 10_15_2) AppleWebKit/537.36 (KHTML, like Gecko) Chrome/81.0.4044.138 Safari/537.36"
[2020-05-07T20:37:03.283] [INFO] access - ::1 - - "POST /graphql HTTP/1.1" 200 21955 "http://localhost:3000/graphql" "Mozilla/5.0 (Macintosh; Intel Mac OS X 10_15_2) AppleWebKit/537.36 (KHTML, like Gecko) Chrome/81.0.4044.138 Safari/537.36"
[2020-05-07T20:37:05.303] [INFO] access - ::1 - - "POST /graphql HTTP/1.1" 200 21955 "http://localhost:3000/graphql" "Mozilla/5.0 (Macintosh; Intel Mac OS X 10_15_2) AppleWebKit/537.36 (KHTML, like Gecko) Chrome/81.0.4044.138 Safari/537.36"
[2020-05-07T20:37:07.321] [INFO] access - ::1 - - "POST /graphql HTTP/1.1" 200 21955 "http://localhost:3000/graphql" "Mozilla/5.0 (Macintosh; Intel Mac OS X 10_15_2) AppleWebKit/537.36 (KHTML, like Gecko) Chrome/81.0.4044.138 Safari/537.36"
[2020-05-07T20:37:09.340] [INFO] access - ::1 - - "POST /graphql HTTP/1.1" 200 21955 "http://localhost:3000/graphql" "Mozilla/5.0 (Macintosh; Intel Mac OS X 10_15_2) AppleWebKit/537.36 (KHTML, like Gecko) Chrome/81.0.4044.138 Safari/537.36"
[2020-05-07T20:37:11.366] [INFO] access - ::1 - - "POST /graphql HTTP/1.1" 200 21955 "http://localhost:3000/graphql" "Mozilla/5.0 (Macintosh; Intel Mac OS X 10_15_2) AppleWebKit/537.36 (KHTML, like Gecko) Chrome/81.0.4044.138 Safari/537.36"
[2020-05-07T20:37:13.385] [INFO] access - ::1 - - "POST /graphql HTTP/1.1" 200 21955 "http://localhost:3000/graphql" "Mozilla/5.0 (Macintosh; Intel Mac OS X 10_15_2) AppleWebKit/537.36 (KHTML, like Gecko) Chrome/81.0.4044.138 Safari/537.36"
[2020-05-07T20:37:15.402] [INFO] access - ::1 - - "POST /graphql HTTP/1.1" 200 21955 "http://localhost:3000/graphql" "Mozilla/5.0 (Macintosh; Intel Mac OS X 10_15_2) AppleWebKit/537.36 (KHTML, like Gecko) Chrome/81.0.4044.138 Safari/537.36"
[2020-05-07T20:37:17.424] [INFO] access - ::1 - - "POST /graphql HTTP/1.1" 200 21955 "http://localhost:3000/graphql" "Mozilla/5.0 (Macintosh; Intel Mac OS X 10_15_2) AppleWebKit/537.36 (KHTML, like Gecko) Chrome/81.0.4044.138 Safari/537.36"
[2020-05-07T20:37:19.441] [INFO] access - ::1 - - "POST /graphql HTTP/1.1" 200 21955 "http://localhost:3000/graphql" "Mozilla/5.0 (Macintosh; Intel Mac OS X 10_15_2) AppleWebKit/537.36 (KHTML, like Gecko) Chrome/81.0.4044.138 Safari/537.36"
[2020-05-07T20:37:21.459] [INFO] access - ::1 - - "POST /graphql HTTP/1.1" 200 21955 "http://localhost:3000/graphql" "Mozilla/5.0 (Macintosh; Intel Mac OS X 10_15_2) AppleWebKit/537.36 (KHTML, like Gecko) Chrome/81.0.4044.138 Safari/537.36"
[2020-05-07T20:37:23.479] [INFO] access - ::1 - - "POST /graphql HTTP/1.1" 200 21955 "http://localhost:3000/graphql" "Mozilla/5.0 (Macintosh; Intel Mac OS X 10_15_2) AppleWebKit/537.36 (KHTML, like Gecko) Chrome/81.0.4044.138 Safari/537.36"
[2020-05-07T20:37:25.511] [INFO] access - ::1 - - "POST /graphql HTTP/1.1" 200 21955 "http://localhost:3000/graphql" "Mozilla/5.0 (Macintosh; Intel Mac OS X 10_15_2) AppleWebKit/537.36 (KHTML, like Gecko) Chrome/81.0.4044.138 Safari/537.36"
[2020-05-07T20:37:27.525] [INFO] access - ::1 - - "POST /graphql HTTP/1.1" 200 21955 "http://localhost:3000/graphql" "Mozilla/5.0 (Macintosh; Intel Mac OS X 10_15_2) AppleWebKit/537.36 (KHTML, like Gecko) Chrome/81.0.4044.138 Safari/537.36"
[2020-05-07T20:37:29.545] [INFO] access - ::1 - - "POST /graphql HTTP/1.1" 200 21955 "http://localhost:3000/graphql" "Mozilla/5.0 (Macintosh; Intel Mac OS X 10_15_2) AppleWebKit/537.36 (KHTML, like Gecko) Chrome/81.0.4044.138 Safari/537.36"
[2020-05-07T20:37:31.567] [INFO] access - ::1 - - "POST /graphql HTTP/1.1" 200 21955 "http://localhost:3000/graphql" "Mozilla/5.0 (Macintosh; Intel Mac OS X 10_15_2) AppleWebKit/537.36 (KHTML, like Gecko) Chrome/81.0.4044.138 Safari/537.36"
[2020-05-07T20:37:33.588] [INFO] access - ::1 - - "POST /graphql HTTP/1.1" 200 21955 "http://localhost:3000/graphql" "Mozilla/5.0 (Macintosh; Intel Mac OS X 10_15_2) AppleWebKit/537.36 (KHTML, like Gecko) Chrome/81.0.4044.138 Safari/537.36"
[2020-05-07T20:37:35.610] [INFO] access - ::1 - - "POST /graphql HTTP/1.1" 200 21955 "http://localhost:3000/graphql" "Mozilla/5.0 (Macintosh; Intel Mac OS X 10_15_2) AppleWebKit/537.36 (KHTML, like Gecko) Chrome/81.0.4044.138 Safari/537.36"
[2020-05-07T20:37:37.625] [INFO] access - ::1 - - "POST /graphql HTTP/1.1" 200 21955 "http://localhost:3000/graphql" "Mozilla/5.0 (Macintosh; Intel Mac OS X 10_15_2) AppleWebKit/537.36 (KHTML, like Gecko) Chrome/81.0.4044.138 Safari/537.36"
[2020-05-07T20:37:39.650] [INFO] access - ::1 - - "POST /graphql HTTP/1.1" 200 21955 "http://localhost:3000/graphql" "Mozilla/5.0 (Macintosh; Intel Mac OS X 10_15_2) AppleWebKit/537.36 (KHTML, like Gecko) Chrome/81.0.4044.138 Safari/537.36"
[2020-05-07T20:37:41.682] [INFO] access - ::1 - - "POST /graphql HTTP/1.1" 200 21955 "http://localhost:3000/graphql" "Mozilla/5.0 (Macintosh; Intel Mac OS X 10_15_2) AppleWebKit/537.36 (KHTML, like Gecko) Chrome/81.0.4044.138 Safari/537.36"
[2020-05-07T20:37:43.709] [INFO] access - ::1 - - "POST /graphql HTTP/1.1" 200 21955 "http://localhost:3000/graphql" "Mozilla/5.0 (Macintosh; Intel Mac OS X 10_15_2) AppleWebKit/537.36 (KHTML, like Gecko) Chrome/81.0.4044.138 Safari/537.36"
[2020-05-07T20:37:45.738] [INFO] access - ::1 - - "POST /graphql HTTP/1.1" 200 21955 "http://localhost:3000/graphql" "Mozilla/5.0 (Macintosh; Intel Mac OS X 10_15_2) AppleWebKit/537.36 (KHTML, like Gecko) Chrome/81.0.4044.138 Safari/537.36"
[2020-05-07T20:37:47.766] [INFO] access - ::1 - - "POST /graphql HTTP/1.1" 200 21955 "http://localhost:3000/graphql" "Mozilla/5.0 (Macintosh; Intel Mac OS X 10_15_2) AppleWebKit/537.36 (KHTML, like Gecko) Chrome/81.0.4044.138 Safari/537.36"
[2020-05-07T20:37:49.790] [INFO] access - ::1 - - "POST /graphql HTTP/1.1" 200 21955 "http://localhost:3000/graphql" "Mozilla/5.0 (Macintosh; Intel Mac OS X 10_15_2) AppleWebKit/537.36 (KHTML, like Gecko) Chrome/81.0.4044.138 Safari/537.36"
[2020-05-07T20:37:51.814] [INFO] access - ::1 - - "POST /graphql HTTP/1.1" 200 21955 "http://localhost:3000/graphql" "Mozilla/5.0 (Macintosh; Intel Mac OS X 10_15_2) AppleWebKit/537.36 (KHTML, like Gecko) Chrome/81.0.4044.138 Safari/537.36"
[2020-05-07T20:37:53.845] [INFO] access - ::1 - - "POST /graphql HTTP/1.1" 200 21955 "http://localhost:3000/graphql" "Mozilla/5.0 (Macintosh; Intel Mac OS X 10_15_2) AppleWebKit/537.36 (KHTML, like Gecko) Chrome/81.0.4044.138 Safari/537.36"
[2020-05-07T20:37:55.869] [INFO] access - ::1 - - "POST /graphql HTTP/1.1" 200 21955 "http://localhost:3000/graphql" "Mozilla/5.0 (Macintosh; Intel Mac OS X 10_15_2) AppleWebKit/537.36 (KHTML, like Gecko) Chrome/81.0.4044.138 Safari/537.36"
[2020-05-07T20:37:57.886] [INFO] access - ::1 - - "POST /graphql HTTP/1.1" 200 21955 "http://localhost:3000/graphql" "Mozilla/5.0 (Macintosh; Intel Mac OS X 10_15_2) AppleWebKit/537.36 (KHTML, like Gecko) Chrome/81.0.4044.138 Safari/537.36"
[2020-05-07T20:37:59.917] [INFO] access - ::1 - - "POST /graphql HTTP/1.1" 200 21955 "http://localhost:3000/graphql" "Mozilla/5.0 (Macintosh; Intel Mac OS X 10_15_2) AppleWebKit/537.36 (KHTML, like Gecko) Chrome/81.0.4044.138 Safari/537.36"
[2020-05-07T20:38:01.945] [INFO] access - ::1 - - "POST /graphql HTTP/1.1" 200 21955 "http://localhost:3000/graphql" "Mozilla/5.0 (Macintosh; Intel Mac OS X 10_15_2) AppleWebKit/537.36 (KHTML, like Gecko) Chrome/81.0.4044.138 Safari/537.36"
[2020-05-07T20:38:03.968] [INFO] access - ::1 - - "POST /graphql HTTP/1.1" 200 21955 "http://localhost:3000/graphql" "Mozilla/5.0 (Macintosh; Intel Mac OS X 10_15_2) AppleWebKit/537.36 (KHTML, like Gecko) Chrome/81.0.4044.138 Safari/537.36"
[2020-05-07T20:38:05.986] [INFO] access - ::1 - - "POST /graphql HTTP/1.1" 200 21955 "http://localhost:3000/graphql" "Mozilla/5.0 (Macintosh; Intel Mac OS X 10_15_2) AppleWebKit/537.36 (KHTML, like Gecko) Chrome/81.0.4044.138 Safari/537.36"
[2020-05-07T20:38:08.005] [INFO] access - ::1 - - "POST /graphql HTTP/1.1" 200 21955 "http://localhost:3000/graphql" "Mozilla/5.0 (Macintosh; Intel Mac OS X 10_15_2) AppleWebKit/537.36 (KHTML, like Gecko) Chrome/81.0.4044.138 Safari/537.36"
[2020-05-07T20:38:10.025] [INFO] access - ::1 - - "POST /graphql HTTP/1.1" 200 21955 "http://localhost:3000/graphql" "Mozilla/5.0 (Macintosh; Intel Mac OS X 10_15_2) AppleWebKit/537.36 (KHTML, like Gecko) Chrome/81.0.4044.138 Safari/537.36"
[2020-05-07T20:38:12.050] [INFO] access - ::1 - - "POST /graphql HTTP/1.1" 200 21955 "http://localhost:3000/graphql" "Mozilla/5.0 (Macintosh; Intel Mac OS X 10_15_2) AppleWebKit/537.36 (KHTML, like Gecko) Chrome/81.0.4044.138 Safari/537.36"
[2020-05-07T20:38:14.075] [INFO] access - ::1 - - "POST /graphql HTTP/1.1" 200 21955 "http://localhost:3000/graphql" "Mozilla/5.0 (Macintosh; Intel Mac OS X 10_15_2) AppleWebKit/537.36 (KHTML, like Gecko) Chrome/81.0.4044.138 Safari/537.36"
[2020-05-07T20:38:16.098] [INFO] access - ::1 - - "POST /graphql HTTP/1.1" 200 21955 "http://localhost:3000/graphql" "Mozilla/5.0 (Macintosh; Intel Mac OS X 10_15_2) AppleWebKit/537.36 (KHTML, like Gecko) Chrome/81.0.4044.138 Safari/537.36"
[2020-05-07T20:38:18.118] [INFO] access - ::1 - - "POST /graphql HTTP/1.1" 200 21955 "http://localhost:3000/graphql" "Mozilla/5.0 (Macintosh; Intel Mac OS X 10_15_2) AppleWebKit/537.36 (KHTML, like Gecko) Chrome/81.0.4044.138 Safari/537.36"
[2020-05-07T20:38:20.134] [INFO] access - ::1 - - "POST /graphql HTTP/1.1" 200 21955 "http://localhost:3000/graphql" "Mozilla/5.0 (Macintosh; Intel Mac OS X 10_15_2) AppleWebKit/537.36 (KHTML, like Gecko) Chrome/81.0.4044.138 Safari/537.36"
[2020-05-07T20:38:22.151] [INFO] access - ::1 - - "POST /graphql HTTP/1.1" 200 21955 "http://localhost:3000/graphql" "Mozilla/5.0 (Macintosh; Intel Mac OS X 10_15_2) AppleWebKit/537.36 (KHTML, like Gecko) Chrome/81.0.4044.138 Safari/537.36"
[2020-05-07T20:38:24.170] [INFO] access - ::1 - - "POST /graphql HTTP/1.1" 200 21955 "http://localhost:3000/graphql" "Mozilla/5.0 (Macintosh; Intel Mac OS X 10_15_2) AppleWebKit/537.36 (KHTML, like Gecko) Chrome/81.0.4044.138 Safari/537.36"
[2020-05-07T20:38:26.195] [INFO] access - ::1 - - "POST /graphql HTTP/1.1" 200 21955 "http://localhost:3000/graphql" "Mozilla/5.0 (Macintosh; Intel Mac OS X 10_15_2) AppleWebKit/537.36 (KHTML, like Gecko) Chrome/81.0.4044.138 Safari/537.36"
[2020-05-07T20:38:28.212] [INFO] access - ::1 - - "POST /graphql HTTP/1.1" 200 21955 "http://localhost:3000/graphql" "Mozilla/5.0 (Macintosh; Intel Mac OS X 10_15_2) AppleWebKit/537.36 (KHTML, like Gecko) Chrome/81.0.4044.138 Safari/537.36"
[2020-05-07T20:38:30.236] [INFO] access - ::1 - - "POST /graphql HTTP/1.1" 200 21955 "http://localhost:3000/graphql" "Mozilla/5.0 (Macintosh; Intel Mac OS X 10_15_2) AppleWebKit/537.36 (KHTML, like Gecko) Chrome/81.0.4044.138 Safari/537.36"
[2020-05-07T20:38:32.263] [INFO] access - ::1 - - "POST /graphql HTTP/1.1" 200 21955 "http://localhost:3000/graphql" "Mozilla/5.0 (Macintosh; Intel Mac OS X 10_15_2) AppleWebKit/537.36 (KHTML, like Gecko) Chrome/81.0.4044.138 Safari/537.36"
[2020-05-07T20:38:34.291] [INFO] access - ::1 - - "POST /graphql HTTP/1.1" 200 21955 "http://localhost:3000/graphql" "Mozilla/5.0 (Macintosh; Intel Mac OS X 10_15_2) AppleWebKit/537.36 (KHTML, like Gecko) Chrome/81.0.4044.138 Safari/537.36"
[2020-05-07T20:38:36.316] [INFO] access - ::1 - - "POST /graphql HTTP/1.1" 200 21955 "http://localhost:3000/graphql" "Mozilla/5.0 (Macintosh; Intel Mac OS X 10_15_2) AppleWebKit/537.36 (KHTML, like Gecko) Chrome/81.0.4044.138 Safari/537.36"
[2020-05-07T20:38:38.334] [INFO] access - ::1 - - "POST /graphql HTTP/1.1" 200 21955 "http://localhost:3000/graphql" "Mozilla/5.0 (Macintosh; Intel Mac OS X 10_15_2) AppleWebKit/537.36 (KHTML, like Gecko) Chrome/81.0.4044.138 Safari/537.36"
[2020-05-07T20:38:40.352] [INFO] access - ::1 - - "POST /graphql HTTP/1.1" 200 21955 "http://localhost:3000/graphql" "Mozilla/5.0 (Macintosh; Intel Mac OS X 10_15_2) AppleWebKit/537.36 (KHTML, like Gecko) Chrome/81.0.4044.138 Safari/537.36"
[2020-05-07T20:38:42.370] [INFO] access - ::1 - - "POST /graphql HTTP/1.1" 200 21955 "http://localhost:3000/graphql" "Mozilla/5.0 (Macintosh; Intel Mac OS X 10_15_2) AppleWebKit/537.36 (KHTML, like Gecko) Chrome/81.0.4044.138 Safari/537.36"
[2020-05-07T20:38:44.388] [INFO] access - ::1 - - "POST /graphql HTTP/1.1" 200 21955 "http://localhost:3000/graphql" "Mozilla/5.0 (Macintosh; Intel Mac OS X 10_15_2) AppleWebKit/537.36 (KHTML, like Gecko) Chrome/81.0.4044.138 Safari/537.36"
[2020-05-07T20:38:46.409] [INFO] access - ::1 - - "POST /graphql HTTP/1.1" 200 21955 "http://localhost:3000/graphql" "Mozilla/5.0 (Macintosh; Intel Mac OS X 10_15_2) AppleWebKit/537.36 (KHTML, like Gecko) Chrome/81.0.4044.138 Safari/537.36"
[2020-05-07T20:38:48.438] [INFO] access - ::1 - - "POST /graphql HTTP/1.1" 200 21955 "http://localhost:3000/graphql" "Mozilla/5.0 (Macintosh; Intel Mac OS X 10_15_2) AppleWebKit/537.36 (KHTML, like Gecko) Chrome/81.0.4044.138 Safari/537.36"
[2020-05-07T20:38:50.468] [INFO] access - ::1 - - "POST /graphql HTTP/1.1" 200 21955 "http://localhost:3000/graphql" "Mozilla/5.0 (Macintosh; Intel Mac OS X 10_15_2) AppleWebKit/537.36 (KHTML, like Gecko) Chrome/81.0.4044.138 Safari/537.36"
[2020-05-07T20:38:52.489] [INFO] access - ::1 - - "POST /graphql HTTP/1.1" 200 21955 "http://localhost:3000/graphql" "Mozilla/5.0 (Macintosh; Intel Mac OS X 10_15_2) AppleWebKit/537.36 (KHTML, like Gecko) Chrome/81.0.4044.138 Safari/537.36"
[2020-05-07T20:38:54.507] [INFO] access - ::1 - - "POST /graphql HTTP/1.1" 200 21955 "http://localhost:3000/graphql" "Mozilla/5.0 (Macintosh; Intel Mac OS X 10_15_2) AppleWebKit/537.36 (KHTML, like Gecko) Chrome/81.0.4044.138 Safari/537.36"
[2020-05-07T20:38:56.535] [INFO] access - ::1 - - "POST /graphql HTTP/1.1" 200 21955 "http://localhost:3000/graphql" "Mozilla/5.0 (Macintosh; Intel Mac OS X 10_15_2) AppleWebKit/537.36 (KHTML, like Gecko) Chrome/81.0.4044.138 Safari/537.36"
[2020-05-07T20:38:58.555] [INFO] access - ::1 - - "POST /graphql HTTP/1.1" 200 21955 "http://localhost:3000/graphql" "Mozilla/5.0 (Macintosh; Intel Mac OS X 10_15_2) AppleWebKit/537.36 (KHTML, like Gecko) Chrome/81.0.4044.138 Safari/537.36"
[2020-05-07T20:39:00.574] [INFO] access - ::1 - - "POST /graphql HTTP/1.1" 200 21955 "http://localhost:3000/graphql" "Mozilla/5.0 (Macintosh; Intel Mac OS X 10_15_2) AppleWebKit/537.36 (KHTML, like Gecko) Chrome/81.0.4044.138 Safari/537.36"
[2020-05-07T20:39:02.595] [INFO] access - ::1 - - "POST /graphql HTTP/1.1" 200 21955 "http://localhost:3000/graphql" "Mozilla/5.0 (Macintosh; Intel Mac OS X 10_15_2) AppleWebKit/537.36 (KHTML, like Gecko) Chrome/81.0.4044.138 Safari/537.36"
[2020-05-07T20:39:04.631] [INFO] access - ::1 - - "POST /graphql HTTP/1.1" 200 21955 "http://localhost:3000/graphql" "Mozilla/5.0 (Macintosh; Intel Mac OS X 10_15_2) AppleWebKit/537.36 (KHTML, like Gecko) Chrome/81.0.4044.138 Safari/537.36"
[2020-05-07T20:39:06.656] [INFO] access - ::1 - - "POST /graphql HTTP/1.1" 200 21955 "http://localhost:3000/graphql" "Mozilla/5.0 (Macintosh; Intel Mac OS X 10_15_2) AppleWebKit/537.36 (KHTML, like Gecko) Chrome/81.0.4044.138 Safari/537.36"
[2020-05-07T20:39:08.677] [INFO] access - ::1 - - "POST /graphql HTTP/1.1" 200 21955 "http://localhost:3000/graphql" "Mozilla/5.0 (Macintosh; Intel Mac OS X 10_15_2) AppleWebKit/537.36 (KHTML, like Gecko) Chrome/81.0.4044.138 Safari/537.36"
[2020-05-07T20:39:10.703] [INFO] access - ::1 - - "POST /graphql HTTP/1.1" 200 21955 "http://localhost:3000/graphql" "Mozilla/5.0 (Macintosh; Intel Mac OS X 10_15_2) AppleWebKit/537.36 (KHTML, like Gecko) Chrome/81.0.4044.138 Safari/537.36"
[2020-05-07T20:39:12.726] [INFO] access - ::1 - - "POST /graphql HTTP/1.1" 200 21955 "http://localhost:3000/graphql" "Mozilla/5.0 (Macintosh; Intel Mac OS X 10_15_2) AppleWebKit/537.36 (KHTML, like Gecko) Chrome/81.0.4044.138 Safari/537.36"
[2020-05-07T20:39:14.748] [INFO] access - ::1 - - "POST /graphql HTTP/1.1" 200 21955 "http://localhost:3000/graphql" "Mozilla/5.0 (Macintosh; Intel Mac OS X 10_15_2) AppleWebKit/537.36 (KHTML, like Gecko) Chrome/81.0.4044.138 Safari/537.36"
[2020-05-07T20:39:16.769] [INFO] access - ::1 - - "POST /graphql HTTP/1.1" 200 21955 "http://localhost:3000/graphql" "Mozilla/5.0 (Macintosh; Intel Mac OS X 10_15_2) AppleWebKit/537.36 (KHTML, like Gecko) Chrome/81.0.4044.138 Safari/537.36"
[2020-05-07T20:39:18.790] [INFO] access - ::1 - - "POST /graphql HTTP/1.1" 200 21955 "http://localhost:3000/graphql" "Mozilla/5.0 (Macintosh; Intel Mac OS X 10_15_2) AppleWebKit/537.36 (KHTML, like Gecko) Chrome/81.0.4044.138 Safari/537.36"
[2020-05-07T20:39:20.811] [INFO] access - ::1 - - "POST /graphql HTTP/1.1" 200 21955 "http://localhost:3000/graphql" "Mozilla/5.0 (Macintosh; Intel Mac OS X 10_15_2) AppleWebKit/537.36 (KHTML, like Gecko) Chrome/81.0.4044.138 Safari/537.36"
[2020-05-07T20:39:22.843] [INFO] access - ::1 - - "POST /graphql HTTP/1.1" 200 21955 "http://localhost:3000/graphql" "Mozilla/5.0 (Macintosh; Intel Mac OS X 10_15_2) AppleWebKit/537.36 (KHTML, like Gecko) Chrome/81.0.4044.138 Safari/537.36"
[2020-05-07T20:39:24.874] [INFO] access - ::1 - - "POST /graphql HTTP/1.1" 200 21955 "http://localhost:3000/graphql" "Mozilla/5.0 (Macintosh; Intel Mac OS X 10_15_2) AppleWebKit/537.36 (KHTML, like Gecko) Chrome/81.0.4044.138 Safari/537.36"
[2020-05-07T20:39:26.889] [INFO] access - ::1 - - "POST /graphql HTTP/1.1" 200 21955 "http://localhost:3000/graphql" "Mozilla/5.0 (Macintosh; Intel Mac OS X 10_15_2) AppleWebKit/537.36 (KHTML, like Gecko) Chrome/81.0.4044.138 Safari/537.36"
[2020-05-07T20:39:28.912] [INFO] access - ::1 - - "POST /graphql HTTP/1.1" 200 21955 "http://localhost:3000/graphql" "Mozilla/5.0 (Macintosh; Intel Mac OS X 10_15_2) AppleWebKit/537.36 (KHTML, like Gecko) Chrome/81.0.4044.138 Safari/537.36"
[2020-05-07T20:39:30.943] [INFO] access - ::1 - - "POST /graphql HTTP/1.1" 200 21955 "http://localhost:3000/graphql" "Mozilla/5.0 (Macintosh; Intel Mac OS X 10_15_2) AppleWebKit/537.36 (KHTML, like Gecko) Chrome/81.0.4044.138 Safari/537.36"
[2020-05-07T20:39:32.966] [INFO] access - ::1 - - "POST /graphql HTTP/1.1" 200 21955 "http://localhost:3000/graphql" "Mozilla/5.0 (Macintosh; Intel Mac OS X 10_15_2) AppleWebKit/537.36 (KHTML, like Gecko) Chrome/81.0.4044.138 Safari/537.36"
[2020-05-07T20:39:34.989] [INFO] access - ::1 - - "POST /graphql HTTP/1.1" 200 21955 "http://localhost:3000/graphql" "Mozilla/5.0 (Macintosh; Intel Mac OS X 10_15_2) AppleWebKit/537.36 (KHTML, like Gecko) Chrome/81.0.4044.138 Safari/537.36"
[2020-05-07T20:39:37.006] [INFO] access - ::1 - - "POST /graphql HTTP/1.1" 200 21955 "http://localhost:3000/graphql" "Mozilla/5.0 (Macintosh; Intel Mac OS X 10_15_2) AppleWebKit/537.36 (KHTML, like Gecko) Chrome/81.0.4044.138 Safari/537.36"
[2020-05-07T20:39:39.020] [INFO] access - ::1 - - "POST /graphql HTTP/1.1" 200 21955 "http://localhost:3000/graphql" "Mozilla/5.0 (Macintosh; Intel Mac OS X 10_15_2) AppleWebKit/537.36 (KHTML, like Gecko) Chrome/81.0.4044.138 Safari/537.36"
[2020-05-07T20:39:41.036] [INFO] access - ::1 - - "POST /graphql HTTP/1.1" 200 21955 "http://localhost:3000/graphql" "Mozilla/5.0 (Macintosh; Intel Mac OS X 10_15_2) AppleWebKit/537.36 (KHTML, like Gecko) Chrome/81.0.4044.138 Safari/537.36"
[2020-05-07T20:39:43.052] [INFO] access - ::1 - - "POST /graphql HTTP/1.1" 200 21955 "http://localhost:3000/graphql" "Mozilla/5.0 (Macintosh; Intel Mac OS X 10_15_2) AppleWebKit/537.36 (KHTML, like Gecko) Chrome/81.0.4044.138 Safari/537.36"
[2020-05-07T20:39:45.071] [INFO] access - ::1 - - "POST /graphql HTTP/1.1" 200 21955 "http://localhost:3000/graphql" "Mozilla/5.0 (Macintosh; Intel Mac OS X 10_15_2) AppleWebKit/537.36 (KHTML, like Gecko) Chrome/81.0.4044.138 Safari/537.36"
[2020-05-07T20:39:47.087] [INFO] access - ::1 - - "POST /graphql HTTP/1.1" 200 21955 "http://localhost:3000/graphql" "Mozilla/5.0 (Macintosh; Intel Mac OS X 10_15_2) AppleWebKit/537.36 (KHTML, like Gecko) Chrome/81.0.4044.138 Safari/537.36"
[2020-05-07T20:39:49.114] [INFO] access - ::1 - - "POST /graphql HTTP/1.1" 200 21955 "http://localhost:3000/graphql" "Mozilla/5.0 (Macintosh; Intel Mac OS X 10_15_2) AppleWebKit/537.36 (KHTML, like Gecko) Chrome/81.0.4044.138 Safari/537.36"
[2020-05-07T20:39:51.140] [INFO] access - ::1 - - "POST /graphql HTTP/1.1" 200 21955 "http://localhost:3000/graphql" "Mozilla/5.0 (Macintosh; Intel Mac OS X 10_15_2) AppleWebKit/537.36 (KHTML, like Gecko) Chrome/81.0.4044.138 Safari/537.36"
[2020-05-07T20:39:53.161] [INFO] access - ::1 - - "POST /graphql HTTP/1.1" 200 21955 "http://localhost:3000/graphql" "Mozilla/5.0 (Macintosh; Intel Mac OS X 10_15_2) AppleWebKit/537.36 (KHTML, like Gecko) Chrome/81.0.4044.138 Safari/537.36"
[2020-05-07T20:39:55.182] [INFO] access - ::1 - - "POST /graphql HTTP/1.1" 200 21955 "http://localhost:3000/graphql" "Mozilla/5.0 (Macintosh; Intel Mac OS X 10_15_2) AppleWebKit/537.36 (KHTML, like Gecko) Chrome/81.0.4044.138 Safari/537.36"
[2020-05-07T20:39:57.208] [INFO] access - ::1 - - "POST /graphql HTTP/1.1" 200 21955 "http://localhost:3000/graphql" "Mozilla/5.0 (Macintosh; Intel Mac OS X 10_15_2) AppleWebKit/537.36 (KHTML, like Gecko) Chrome/81.0.4044.138 Safari/537.36"
[2020-05-07T20:39:59.226] [INFO] access - ::1 - - "POST /graphql HTTP/1.1" 200 21955 "http://localhost:3000/graphql" "Mozilla/5.0 (Macintosh; Intel Mac OS X 10_15_2) AppleWebKit/537.36 (KHTML, like Gecko) Chrome/81.0.4044.138 Safari/537.36"
[2020-05-07T20:40:01.246] [INFO] access - ::1 - - "POST /graphql HTTP/1.1" 200 21955 "http://localhost:3000/graphql" "Mozilla/5.0 (Macintosh; Intel Mac OS X 10_15_2) AppleWebKit/537.36 (KHTML, like Gecko) Chrome/81.0.4044.138 Safari/537.36"
[2020-05-07T20:40:03.274] [INFO] access - ::1 - - "POST /graphql HTTP/1.1" 200 21955 "http://localhost:3000/graphql" "Mozilla/5.0 (Macintosh; Intel Mac OS X 10_15_2) AppleWebKit/537.36 (KHTML, like Gecko) Chrome/81.0.4044.138 Safari/537.36"
[2020-05-07T20:40:05.294] [INFO] access - ::1 - - "POST /graphql HTTP/1.1" 200 21955 "http://localhost:3000/graphql" "Mozilla/5.0 (Macintosh; Intel Mac OS X 10_15_2) AppleWebKit/537.36 (KHTML, like Gecko) Chrome/81.0.4044.138 Safari/537.36"
[2020-05-07T20:40:07.321] [INFO] access - ::1 - - "POST /graphql HTTP/1.1" 200 21955 "http://localhost:3000/graphql" "Mozilla/5.0 (Macintosh; Intel Mac OS X 10_15_2) AppleWebKit/537.36 (KHTML, like Gecko) Chrome/81.0.4044.138 Safari/537.36"
[2020-05-07T20:40:09.343] [INFO] access - ::1 - - "POST /graphql HTTP/1.1" 200 21955 "http://localhost:3000/graphql" "Mozilla/5.0 (Macintosh; Intel Mac OS X 10_15_2) AppleWebKit/537.36 (KHTML, like Gecko) Chrome/81.0.4044.138 Safari/537.36"
[2020-05-07T20:41:58.069] [INFO] access - ::1 - - "OPTIONS /users/getUser HTTP/1.1" 204 - "http://localhost:3001/Home" "Mozilla/5.0 (Macintosh; Intel Mac OS X 10_15_2) AppleWebKit/537.36 (KHTML, like Gecko) Chrome/81.0.4044.138 Safari/537.36"
[2020-05-07T20:41:58.080] [INFO] access - ::1 - - "GET /users/getUser HTTP/1.1" 200 41 "http://localhost:3001/Home" "Mozilla/5.0 (Macintosh; Intel Mac OS X 10_15_2) AppleWebKit/537.36 (KHTML, like Gecko) Chrome/81.0.4044.138 Safari/537.36"
[2020-05-07T20:45:59.415] [INFO] access - ::ffff:127.0.0.1 - - "OPTIONS /graphql HTTP/1.1" 204 - "http://localhost:3001/Patient/Home" "Mozilla/5.0 (Macintosh; Intel Mac OS X 10_15_2) AppleWebKit/537.36 (KHTML, like Gecko) Chrome/81.0.4044.138 Safari/537.36"
[2020-05-07T20:45:59.420] [INFO] access - ::ffff:127.0.0.1 - - "POST /graphql HTTP/1.1" 200 4213 "http://localhost:3001/Patient/Home" "Mozilla/5.0 (Macintosh; Intel Mac OS X 10_15_2) AppleWebKit/537.36 (KHTML, like Gecko) Chrome/81.0.4044.138 Safari/537.36"
[2020-05-07T20:45:59.502] [INFO] access - ::1 - - "GET /patientCase/all HTTP/1.1" 200 6100 "http://localhost:3001/Patient/Home" "Mozilla/5.0 (Macintosh; Intel Mac OS X 10_15_2) AppleWebKit/537.36 (KHTML, like Gecko) Chrome/81.0.4044.138 Safari/537.36"
[2020-05-07T20:45:59.551] [INFO] access - ::1 - - "GET /schedule/today HTTP/1.1" 200 553 "http://localhost:3001/Patient/Home" "Mozilla/5.0 (Macintosh; Intel Mac OS X 10_15_2) AppleWebKit/537.36 (KHTML, like Gecko) Chrome/81.0.4044.138 Safari/537.36"
[2020-05-07T20:45:59.566] [INFO] access - ::1 - - "GET /Common/carousel/timg.jpeg HTTP/1.1" 200 77897 "http://localhost:3001/Patient/Home" "Mozilla/5.0 (Macintosh; Intel Mac OS X 10_15_2) AppleWebKit/537.36 (KHTML, like Gecko) Chrome/81.0.4044.138 Safari/537.36"
[2020-05-07T20:45:59.566] [INFO] access - ::1 - - "GET /Common/carousel/lun1.jpg HTTP/1.1" 200 414559 "http://localhost:3001/Patient/Home" "Mozilla/5.0 (Macintosh; Intel Mac OS X 10_15_2) AppleWebKit/537.36 (KHTML, like Gecko) Chrome/81.0.4044.138 Safari/537.36"
[2020-05-07T20:45:59.567] [INFO] access - ::1 - - "GET /Common/carousel/lun3.jpg HTTP/1.1" 200 45434 "http://localhost:3001/Patient/Home" "Mozilla/5.0 (Macintosh; Intel Mac OS X 10_15_2) AppleWebKit/537.36 (KHTML, like Gecko) Chrome/81.0.4044.138 Safari/537.36"
[2020-05-07T20:54:10.482] [INFO] access - ::ffff:127.0.0.1 - - "OPTIONS /graphql HTTP/1.1" 204 - "http://localhost:3001/Patient/Guide/Schedule" "Mozilla/5.0 (Macintosh; Intel Mac OS X 10_15_2) AppleWebKit/537.36 (KHTML, like Gecko) Chrome/81.0.4044.138 Safari/537.36"
[2020-05-07T20:54:10.486] [INFO] access - ::ffff:127.0.0.1 - - "POST /graphql HTTP/1.1" 200 4213 "http://localhost:3001/Patient/Guide/Schedule" "Mozilla/5.0 (Macintosh; Intel Mac OS X 10_15_2) AppleWebKit/537.36 (KHTML, like Gecko) Chrome/81.0.4044.138 Safari/537.36"
[2020-05-07T20:54:10.540] [INFO] access - ::1 - - "GET /doctor HTTP/1.1" 200 2585 "http://localhost:3001/Patient/Guide/Schedule" "Mozilla/5.0 (Macintosh; Intel Mac OS X 10_15_2) AppleWebKit/537.36 (KHTML, like Gecko) Chrome/81.0.4044.138 Safari/537.36"
[2020-05-07T20:54:10.596] [INFO] access - ::1 - - "GET /schedule/getScheduleOfPeriod?departmentId=1 HTTP/1.1" 200 1801 "http://localhost:3001/Patient/Guide/Schedule" "Mozilla/5.0 (Macintosh; Intel Mac OS X 10_15_2) AppleWebKit/537.36 (KHTML, like Gecko) Chrome/81.0.4044.138 Safari/537.36"
[2020-05-07T20:54:10.599] [INFO] access - ::1 - - "GET /schedule/getScheduleOfPeriod?departmentId=3 HTTP/1.1" 200 79 "http://localhost:3001/Patient/Guide/Schedule" "Mozilla/5.0 (Macintosh; Intel Mac OS X 10_15_2) AppleWebKit/537.36 (KHTML, like Gecko) Chrome/81.0.4044.138 Safari/537.36"
[2020-05-07T20:54:11.077] [INFO] access - ::1 - - "GET /admin/department HTTP/1.1" 200 3181 "http://localhost:3001/Patient/DoctorInfo" "Mozilla/5.0 (Macintosh; Intel Mac OS X 10_15_2) AppleWebKit/537.36 (KHTML, like Gecko) Chrome/81.0.4044.138 Safari/537.36"
[2020-05-07T20:54:11.758] [INFO] access - ::ffff:127.0.0.1 - - "POST /graphql HTTP/1.1" 200 4213 "http://localhost:3001/Patient/Department" "Mozilla/5.0 (Macintosh; Intel Mac OS X 10_15_2) AppleWebKit/537.36 (KHTML, like Gecko) Chrome/81.0.4044.138 Safari/537.36"
[2020-05-07T20:54:12.390] [INFO] access - ::ffff:127.0.0.1 - - "POST /graphql HTTP/1.1" 200 4213 "http://localhost:3001/Patient/Order" "Mozilla/5.0 (Macintosh; Intel Mac OS X 10_15_2) AppleWebKit/537.36 (KHTML, like Gecko) Chrome/81.0.4044.138 Safari/537.36"
[2020-05-07T20:54:12.972] [INFO] access - ::ffff:127.0.0.1 - - "POST /graphql HTTP/1.1" 200 4213 "http://localhost:3001/Patient/Home" "Mozilla/5.0 (Macintosh; Intel Mac OS X 10_15_2) AppleWebKit/537.36 (KHTML, like Gecko) Chrome/81.0.4044.138 Safari/537.36"
[2020-05-07T20:54:13.038] [INFO] access - ::1 - - "GET /patientCase/all HTTP/1.1" 200 6100 "http://localhost:3001/Patient/Home" "Mozilla/5.0 (Macintosh; Intel Mac OS X 10_15_2) AppleWebKit/537.36 (KHTML, like Gecko) Chrome/81.0.4044.138 Safari/537.36"
[2020-05-07T20:54:13.085] [INFO] access - ::1 - - "GET /schedule/today HTTP/1.1" 200 553 "http://localhost:3001/Patient/Home" "Mozilla/5.0 (Macintosh; Intel Mac OS X 10_15_2) AppleWebKit/537.36 (KHTML, like Gecko) Chrome/81.0.4044.138 Safari/537.36"
[2020-05-07T20:54:13.833] [INFO] access - ::ffff:127.0.0.1 - - "POST /graphql HTTP/1.1" 200 4213 "http://localhost:3001/Patient/Atrcle" "Mozilla/5.0 (Macintosh; Intel Mac OS X 10_15_2) AppleWebKit/537.36 (KHTML, like Gecko) Chrome/81.0.4044.138 Safari/537.36"
[2020-05-07T20:54:15.508] [INFO] access - ::ffff:127.0.0.1 - - "OPTIONS /graphql HTTP/1.1" 204 - "http://localhost:3001/Patient/Atrcle/4" "Mozilla/5.0 (Macintosh; Intel Mac OS X 10_15_2) AppleWebKit/537.36 (KHTML, like Gecko) Chrome/81.0.4044.138 Safari/537.36"
[2020-05-07T20:54:15.512] [INFO] access - ::ffff:127.0.0.1 - - "POST /graphql HTTP/1.1" 200 4213 "http://localhost:3001/Patient/Atrcle/4" "Mozilla/5.0 (Macintosh; Intel Mac OS X 10_15_2) AppleWebKit/537.36 (KHTML, like Gecko) Chrome/81.0.4044.138 Safari/537.36"
[2020-05-07T20:54:16.998] [INFO] access - ::ffff:127.0.0.1 - - "POST /graphql HTTP/1.1" 200 4213 "http://localhost:3001/Patient/Atrcle" "Mozilla/5.0 (Macintosh; Intel Mac OS X 10_15_2) AppleWebKit/537.36 (KHTML, like Gecko) Chrome/81.0.4044.138 Safari/537.36"
[2020-05-07T20:54:21.080] [INFO] access - ::ffff:127.0.0.1 - - "OPTIONS /graphql HTTP/1.1" 204 - "http://localhost:3001/Patient/Atrcle/7" "Mozilla/5.0 (Macintosh; Intel Mac OS X 10_15_2) AppleWebKit/537.36 (KHTML, like Gecko) Chrome/81.0.4044.138 Safari/537.36"
[2020-05-07T20:54:21.083] [INFO] access - ::ffff:127.0.0.1 - - "POST /graphql HTTP/1.1" 200 4213 "http://localhost:3001/Patient/Atrcle/7" "Mozilla/5.0 (Macintosh; Intel Mac OS X 10_15_2) AppleWebKit/537.36 (KHTML, like Gecko) Chrome/81.0.4044.138 Safari/537.36"
[2020-05-07T20:54:23.910] [INFO] access - ::ffff:127.0.0.1 - - "POST /graphql HTTP/1.1" 200 4213 "http://localhost:3001/Patient/Atrcle" "Mozilla/5.0 (Macintosh; Intel Mac OS X 10_15_2) AppleWebKit/537.36 (KHTML, like Gecko) Chrome/81.0.4044.138 Safari/537.36"
[2020-05-07T20:54:24.770] [INFO] access - ::ffff:127.0.0.1 - - "POST /graphql HTTP/1.1" 200 4213 "http://localhost:3001/Patient/Atrcle/4" "Mozilla/5.0 (Macintosh; Intel Mac OS X 10_15_2) AppleWebKit/537.36 (KHTML, like Gecko) Chrome/81.0.4044.138 Safari/537.36"
[2020-05-07T20:54:26.018] [INFO] access - ::ffff:127.0.0.1 - - "POST /graphql HTTP/1.1" 200 4213 "http://localhost:3001/Patient/Atrcle" "Mozilla/5.0 (Macintosh; Intel Mac OS X 10_15_2) AppleWebKit/537.36 (KHTML, like Gecko) Chrome/81.0.4044.138 Safari/537.36"
[2020-05-07T21:01:57.807] [INFO] access - ::1 - - "GET /users/captcha HTTP/1.1" 200 3458 "http://localhost:3001/Home" "Mozilla/5.0 (Macintosh; Intel Mac OS X 10_15_2) AppleWebKit/537.36 (KHTML, like Gecko) Chrome/81.0.4044.138 Safari/537.36"
[2020-05-07T21:02:08.703] [INFO] access - ::1 - - "POST /users/login HTTP/1.1" 200 344 "http://localhost:3001/Home" "Mozilla/5.0 (Macintosh; Intel Mac OS X 10_15_2) AppleWebKit/537.36 (KHTML, like Gecko) Chrome/81.0.4044.138 Safari/537.36"
[2020-05-07T21:02:08.800] [INFO] access - ::1 - - "OPTIONS /admin/user?page=1&size=20 HTTP/1.1" 204 - "http://localhost:3001/Admin/User" "Mozilla/5.0 (Macintosh; Intel Mac OS X 10_15_2) AppleWebKit/537.36 (KHTML, like Gecko) Chrome/81.0.4044.138 Safari/537.36"
[2020-05-07T21:02:08.813] [INFO] access - ::1 - - "GET /admin/user?page=1&size=20 HTTP/1.1" 200 1018 "http://localhost:3001/Admin/User" "Mozilla/5.0 (Macintosh; Intel Mac OS X 10_15_2) AppleWebKit/537.36 (KHTML, like Gecko) Chrome/81.0.4044.138 Safari/537.36"
[2020-05-07T21:02:09.239] [INFO] access - ::1 - - "OPTIONS /users/getUser HTTP/1.1" 204 - "http://localhost:3001/Home" "Mozilla/5.0 (Macintosh; Intel Mac OS X 10_15_2) AppleWebKit/537.36 (KHTML, like Gecko) Chrome/81.0.4044.138 Safari/537.36"
[2020-05-07T21:02:09.242] [INFO] access - ::1 - - "GET /users/getUser HTTP/1.1" 200 320 "http://localhost:3001/Home" "Mozilla/5.0 (Macintosh; Intel Mac OS X 10_15_2) AppleWebKit/537.36 (KHTML, like Gecko) Chrome/81.0.4044.138 Safari/537.36"
[2020-05-07T21:02:09.365] [INFO] access - ::1 - - "GET /admin/user?page=1&size=20 HTTP/1.1" 200 1018 "http://localhost:3001/Admin/User" "Mozilla/5.0 (Macintosh; Intel Mac OS X 10_15_2) AppleWebKit/537.36 (KHTML, like Gecko) Chrome/81.0.4044.138 Safari/537.36"
[2020-05-07T21:02:09.425] [INFO] access - ::1 - - "GET /Patient/Avatar/XX0szko2.jpeg HTTP/1.1" 200 13039 "http://localhost:3001/Admin/User" "Mozilla/5.0 (Macintosh; Intel Mac OS X 10_15_2) AppleWebKit/537.36 (KHTML, like Gecko) Chrome/81.0.4044.138 Safari/537.36"
[2020-05-07T21:02:10.189] [INFO] access - ::1 - - "OPTIONS /admin/department HTTP/1.1" 204 - "http://localhost:3001/Admin/Department" "Mozilla/5.0 (Macintosh; Intel Mac OS X 10_15_2) AppleWebKit/537.36 (KHTML, like Gecko) Chrome/81.0.4044.138 Safari/537.36"
[2020-05-07T21:02:10.196] [INFO] access - ::1 - - "GET /admin/department HTTP/1.1" 200 3181 "http://localhost:3001/Admin/Department" "Mozilla/5.0 (Macintosh; Intel Mac OS X 10_15_2) AppleWebKit/537.36 (KHTML, like Gecko) Chrome/81.0.4044.138 Safari/537.36"
[2020-05-07T21:02:10.773] [INFO] access - ::ffff:127.0.0.1 - - "OPTIONS /graphql HTTP/1.1" 204 - "http://localhost:3001/Admin/Info" "Mozilla/5.0 (Macintosh; Intel Mac OS X 10_15_2) AppleWebKit/537.36 (KHTML, like Gecko) Chrome/81.0.4044.138 Safari/537.36"
[2020-05-07T21:02:10.777] [INFO] access - ::ffff:127.0.0.1 - - "POST /graphql HTTP/1.1" 200 2238 "http://localhost:3001/Admin/Info" "Mozilla/5.0 (Macintosh; Intel Mac OS X 10_15_2) AppleWebKit/537.36 (KHTML, like Gecko) Chrome/81.0.4044.138 Safari/537.36"
[2020-05-07T21:02:10.839] [INFO] access - ::1 - - "GET /Common/carousel/lun1.jpg HTTP/1.1" 200 414559 "http://localhost:3001/Admin/Info" "Mozilla/5.0 (Macintosh; Intel Mac OS X 10_15_2) AppleWebKit/537.36 (KHTML, like Gecko) Chrome/81.0.4044.138 Safari/537.36"
[2020-05-07T21:02:10.840] [INFO] access - ::1 - - "GET /Common/carousel/lun3.jpg HTTP/1.1" 200 45434 "http://localhost:3001/Admin/Info" "Mozilla/5.0 (Macintosh; Intel Mac OS X 10_15_2) AppleWebKit/537.36 (KHTML, like Gecko) Chrome/81.0.4044.138 Safari/537.36"
[2020-05-07T21:02:10.840] [INFO] access - ::1 - - "GET /Common/carousel/timg.jpeg HTTP/1.1" 200 77897 "http://localhost:3001/Admin/Info" "Mozilla/5.0 (Macintosh; Intel Mac OS X 10_15_2) AppleWebKit/537.36 (KHTML, like Gecko) Chrome/81.0.4044.138 Safari/537.36"
[2020-05-07T21:02:11.455] [INFO] access - ::1 - - "OPTIONS /admin/article HTTP/1.1" 204 - "http://localhost:3001/Admin/Text" "Mozilla/5.0 (Macintosh; Intel Mac OS X 10_15_2) AppleWebKit/537.36 (KHTML, like Gecko) Chrome/81.0.4044.138 Safari/537.36"
[2020-05-07T21:02:11.464] [INFO] access - ::1 - - "GET /admin/article HTTP/1.1" 200 1097 "http://localhost:3001/Admin/Text" "Mozilla/5.0 (Macintosh; Intel Mac OS X 10_15_2) AppleWebKit/537.36 (KHTML, like Gecko) Chrome/81.0.4044.138 Safari/537.36"
[2020-05-07T21:02:12.244] [INFO] access - ::ffff:127.0.0.1 - - "POST /graphql HTTP/1.1" 200 2238 "http://localhost:3001/Admin/Info" "Mozilla/5.0 (Macintosh; Intel Mac OS X 10_15_2) AppleWebKit/537.36 (KHTML, like Gecko) Chrome/81.0.4044.138 Safari/537.36"
[2020-05-07T21:02:26.445] [INFO] access - ::1 - - "OPTIONS /admin/article HTTP/1.1" 204 - "http://localhost:3001/Admin/Text" "Mozilla/5.0 (Macintosh; Intel Mac OS X 10_15_2) AppleWebKit/537.36 (KHTML, like Gecko) Chrome/81.0.4044.138 Safari/537.36"
[2020-05-07T21:02:26.453] [INFO] access - ::1 - - "GET /admin/article HTTP/1.1" 200 1097 "http://localhost:3001/Admin/Text" "Mozilla/5.0 (Macintosh; Intel Mac OS X 10_15_2) AppleWebKit/537.36 (KHTML, like Gecko) Chrome/81.0.4044.138 Safari/537.36"
